TN:
SF:apps\l4l-municipality\src\app\app.component.ts
FN:12,(anonymous_0)
FN:15,(anonymous_1)
FNF:2
FNH:2
FNDA:10,(anonymous_0)
FNDA:6,(anonymous_1)
DA:1,17
DA:2,17
DA:3,17
DA:12,17
DA:13,10
DA:16,6
LF:6
LH:6
BRF:0
BRH:0
end_of_record
TN:
SF:apps\l4l-municipality\src\app\pending-offers.service.ts
FN:12,(anonymous_0)
FN:17,(anonymous_1)
FN:21,(anonymous_2)
FN:25,(anonymous_3)
FN:33,(anonymous_4)
FN:41,(anonymous_5)
FN:45,(anonymous_6)
FNF:7
FNH:7
FNDA:13,(anonymous_0)
FNDA:7,(anonymous_1)
FNDA:7,(anonymous_2)
FNDA:1,(anonymous_3)
FNDA:1,(anonymous_4)
FNDA:1,(anonymous_5)
FNDA:1,(anonymous_6)
DA:1,18
DA:2,18
DA:3,18
DA:11,18
DA:13,13
DA:14,13
DA:18,7
DA:22,7
DA:26,1
DA:28,1
DA:34,1
DA:36,1
DA:42,1
DA:46,1
LF:14
LH:14
BRF:0
BRH:0
end_of_record
TN:
SF:apps\l4l-municipality\src\app\_services\passholders.service.ts
FN:12,(anonymous_0)
FN:17,(anonymous_1)
FN:25,(anonymous_2)
FN:33,(anonymous_3)
FN:37,(anonymous_4)
FN:41,(anonymous_5)
FN:45,(anonymous_6)
FNF:7
FNH:7
FNDA:7,(anonymous_0)
FNDA:1,(anonymous_1)
FNDA:1,(anonymous_2)
FNDA:1,(anonymous_3)
FNDA:1,(anonymous_4)
FNDA:1,(anonymous_5)
FNDA:1,(anonymous_6)
DA:1,17
DA:2,17
DA:3,17
DA:11,17
DA:13,7
DA:14,7
DA:18,1
DA:19,1
DA:20,1
DA:22,1
DA:26,1
DA:28,1
DA:34,1
DA:38,1
DA:42,1
DA:46,1
LF:16
LH:16
BRF:0
BRH:0
end_of_record
TN:
SF:apps\l4l-municipality\src\app\_services\suppliers.service.ts
FN:16,(anonymous_0)
FN:21,(anonymous_1)
FN:25,(anonymous_2)
FN:37,(anonymous_3)
FN:43,(anonymous_4)
FN:55,(anonymous_5)
FN:62,(anonymous_6)
FN:66,(anonymous_7)
FN:70,(anonymous_8)
FNF:9
FNH:9
FNDA:9,(anonymous_0)
FNDA:1,(anonymous_1)
FNDA:1,(anonymous_2)
FNDA:1,(anonymous_3)
FNDA:1,(anonymous_4)
FNDA:1,(anonymous_5)
FNDA:1,(anonymous_6)
FNDA:1,(anonymous_7)
FNDA:1,(anonymous_8)
DA:1,19
DA:2,19
DA:3,19
DA:13,19
DA:17,9
DA:18,9
DA:22,1
DA:26,1
DA:32,1
DA:38,1
DA:44,1
DA:50,1
DA:56,1
DA:57,1
DA:59,1
DA:63,1
DA:67,1
DA:71,1
DA:73,1
LF:19
LH:19
BRF:0
BRH:0
end_of_record
TN:
SF:apps\l4l-municipality\src\app\_util\mock.util.ts
FN:4,(anonymous_0)
FNF:1
FNH:1
FNDA:3,(anonymous_0)
DA:1,3
DA:3,3
DA:5,3
DA:6,3
DA:7,36
DA:20,3
LF:6
LH:6
BRF:0
BRH:0
end_of_record
TN:
SF:apps\l4l-municipality\src\app\components\active-suppliers\active-suppliers.component.ts
FN:29,(anonymous_0)
FN:38,(anonymous_1)
FN:42,(anonymous_2)
FN:48,(anonymous_3)
FN:52,(anonymous_4)
FN:59,(anonymous_5)
FN:64,(anonymous_6)
FN:76,(anonymous_7)
FN:81,(anonymous_8)
FN:87,(anonymous_9)
FN:88,(anonymous_10)
FN:97,(anonymous_11)
FNF:12
FNH:12
FNDA:50,(anonymous_0)
FNDA:30,(anonymous_1)
FNDA:3,(anonymous_2)
FNDA:23,(anonymous_3)
FNDA:33,(anonymous_4)
FNDA:22,(anonymous_5)
FNDA:32,(anonymous_6)
FNDA:31,(anonymous_7)
FNDA:2,(anonymous_8)
FNDA:23,(anonymous_9)
FNDA:266,(anonymous_10)
FNDA:266,(anonymous_11)
DA:1,16
DA:2,16
DA:3,16
DA:15,16
DA:16,16
DA:17,16
DA:19,16
DA:20,16
DA:26,16
DA:30,50
DA:31,50
DA:32,50
DA:33,50
DA:35,50
DA:39,30
DA:43,3
DA:44,2
DA:49,23
DA:53,33
DA:54,33
DA:55,11
DA:58,22
DA:59,22
DA:60,22
DA:65,32
DA:77,31
DA:78,31
DA:82,2
DA:83,2
DA:88,266
DA:94,23
DA:98,266
LF:32
LH:32
BRDA:43,0,0,2
BRDA:54,1,0,11
BRDA:78,2,0,20
BRDA:78,2,1,11
BRDA:78,3,0,31
BRDA:78,3,1,31
BRDA:82,4,0,2
BRF:7
BRH:7
end_of_record
TN:
SF:apps\l4l-municipality\src\app\components\assign-grant\assign-grant.component.ts
FN:33,(anonymous_0)
FN:37,(anonymous_1)
FN:50,(anonymous_2)
FN:54,(anonymous_3)
FN:64,(anonymous_4)
FN:65,(anonymous_5)
FN:68,(anonymous_6)
FN:69,(anonymous_7)
FN:76,(anonymous_8)
FN:83,(anonymous_9)
FN:96,(anonymous_10)
FN:104,(anonymous_11)
FN:108,(anonymous_12)
FN:112,(anonymous_13)
FN:113,(anonymous_14)
FN:125,(anonymous_15)
FN:128,(anonymous_16)
FN:133,(anonymous_17)
FN:134,(anonymous_18)
FN:134,(anonymous_19)
FN:136,(anonymous_20)
FN:140,(anonymous_21)
FN:145,(anonymous_22)
FN:150,(anonymous_23)
FN:168,(anonymous_24)
FN:173,(anonymous_25)
FN:181,(anonymous_26)
FN:190,(anonymous_27)
FN:191,(anonymous_28)
FN:192,(anonymous_29)
FN:195,(anonymous_30)
FNF:31
FNH:30
FNDA:34,(anonymous_0)
FNDA:29,(anonymous_1)
FNDA:29,(anonymous_2)
FNDA:64,(anonymous_3)
FNDA:6,(anonymous_4)
FNDA:4,(anonymous_5)
FNDA:6,(anonymous_6)
FNDA:3,(anonymous_7)
FNDA:2,(anonymous_8)
FNDA:3,(anonymous_9)
FNDA:5,(anonymous_10)
FNDA:5,(anonymous_11)
FNDA:2,(anonymous_12)
FNDA:31,(anonymous_13)
FNDA:31,(anonymous_14)
FNDA:3,(anonymous_15)
FNDA:1,(anonymous_16)
FNDA:2,(anonymous_17)
FNDA:2,(anonymous_18)
FNDA:2,(anonymous_19)
FNDA:2,(anonymous_20)
FNDA:0,(anonymous_21)
FNDA:1,(anonymous_22)
FNDA:5,(anonymous_23)
FNDA:4,(anonymous_24)
FNDA:2,(anonymous_25)
FNDA:30,(anonymous_26)
FNDA:3,(anonymous_27)
FNDA:6,(anonymous_28)
FNDA:5,(anonymous_29)
FNDA:6,(anonymous_30)
DA:1,16
DA:2,16
DA:3,16
DA:13,16
DA:14,16
DA:15,16
DA:16,16
DA:18,16
DA:26,16
DA:31,29
DA:34,34
DA:38,29
DA:39,29
DA:40,29
DA:41,29
DA:42,29
DA:43,29
DA:44,29
DA:46,29
DA:47,29
DA:51,29
DA:55,64
DA:56,59
DA:59,5
DA:60,2
DA:63,3
DA:64,6
DA:65,4
DA:67,3
DA:68,6
DA:69,3
DA:72,3
DA:73,1
DA:76,2
DA:77,1
DA:80,1
DA:84,3
DA:86,3
DA:87,1
DA:89,2
DA:92,3
DA:93,3
DA:97,5
DA:98,1
DA:99,1
DA:101,4
DA:105,5
DA:109,2
DA:113,31
DA:114,31
DA:115,31
DA:117,31
DA:118,1
DA:121,30
DA:126,3
DA:128,3
DA:129,1
DA:134,2
DA:136,2
DA:138,2
DA:140,2
DA:141,0
DA:146,1
DA:147,1
DA:151,5
DA:153,5
DA:165,5
DA:169,4
DA:170,4
DA:174,2
DA:175,1
DA:177,1
DA:182,30
DA:191,3
DA:192,6
DA:195,6
LF:76
LH:75
BRDA:34,0,0,0
BRDA:34,0,1,34
BRDA:34,1,0,34
BRDA:34,1,1,34
BRDA:55,2,0,59
BRDA:59,3,0,2
BRDA:59,4,0,5
BRDA:59,4,1,4
BRDA:59,5,0,0
BRDA:59,5,1,4
BRDA:59,6,0,4
BRDA:59,6,1,4
BRDA:72,7,0,1
BRDA:76,8,0,1
BRDA:86,9,0,1
BRDA:86,9,1,2
BRDA:97,10,0,1
BRDA:97,11,0,5
BRDA:97,11,1,2
BRDA:117,12,0,1
BRDA:170,13,0,2
BRDA:170,13,1,2
BRDA:170,14,0,4
BRDA:170,14,1,4
BRDA:174,15,0,1
BRF:25
BRH:23
end_of_record
TN:
SF:apps\l4l-municipality\src\app\components\bank-details-dialog\bank-details-dialog.component.ts
FN:32,(anonymous_0)
FN:41,(anonymous_1)
FN:45,(anonymous_2)
FN:51,(anonymous_3)
FN:73,(anonymous_4)
FN:80,(anonymous_5)
FN:85,(anonymous_6)
FN:90,(anonymous_7)
FNF:8
FNH:8
FNDA:7,(anonymous_0)
FNDA:7,(anonymous_1)
FNDA:1,(anonymous_2)
FNDA:3,(anonymous_3)
FNDA:2,(anonymous_4)
FNDA:2,(anonymous_5)
FNDA:1,(anonymous_6)
FNDA:7,(anonymous_7)
DA:1,18
DA:2,18
DA:3,18
DA:4,18
DA:14,18
DA:15,18
DA:16,18
DA:24,18
DA:27,7
DA:28,7
DA:29,7
DA:30,7
DA:33,7
DA:34,7
DA:35,7
DA:36,7
DA:37,7
DA:38,7
DA:42,7
DA:46,1
DA:47,1
DA:48,1
DA:52,3
DA:54,3
DA:74,2
DA:75,1
DA:81,2
DA:82,1
DA:85,1
DA:86,1
DA:91,7
LF:31
LH:31
BRDA:54,0,0,1
BRDA:54,0,1,2
BRDA:54,1,0,3
BRDA:54,1,1,3
BRDA:74,2,0,1
BRDA:81,3,0,1
BRF:6
BRH:6
end_of_record
TN:
SF:apps\l4l-municipality\src\app\components\create-benefit-popup\create-benefit-popup.component.ts
FN:30,(anonymous_0)
FN:47,(anonymous_1)
FN:53,(anonymous_2)
FN:58,(anonymous_3)
FN:73,(anonymous_4)
FN:80,(anonymous_5)
FN:84,(anonymous_6)
FN:93,(anonymous_7)
FN:116,(anonymous_8)
FN:125,(anonymous_9)
FN:129,(anonymous_10)
FN:136,(anonymous_11)
FN:138,(anonymous_12)
FN:143,(anonymous_13)
FN:155,(anonymous_14)
FN:167,(anonymous_15)
FN:173,(anonymous_16)
FN:174,(anonymous_17)
FN:175,(anonymous_18)
FN:177,(anonymous_19)
FN:184,(anonymous_20)
FN:190,(anonymous_21)
FN:193,(anonymous_22)
FN:194,(anonymous_23)
FN:198,(anonymous_24)
FN:200,(anonymous_25)
FN:202,(anonymous_26)
FNF:27
FNH:27
FNDA:30,(anonymous_0)
FNDA:64,(anonymous_1)
FNDA:3,(anonymous_2)
FNDA:3,(anonymous_3)
FNDA:33,(anonymous_4)
FNDA:3,(anonymous_5)
FNDA:35,(anonymous_6)
FNDA:4,(anonymous_7)
FNDA:4,(anonymous_8)
FNDA:1,(anonymous_9)
FNDA:63,(anonymous_10)
FNDA:3,(anonymous_11)
FNDA:1,(anonymous_12)
FNDA:1,(anonymous_13)
FNDA:35,(anonymous_14)
FNDA:2,(anonymous_15)
FNDA:35,(anonymous_16)
FNDA:35,(anonymous_17)
FNDA:2,(anonymous_18)
FNDA:4,(anonymous_19)
FNDA:2,(anonymous_20)
FNDA:1,(anonymous_21)
FNDA:2,(anonymous_22)
FNDA:1,(anonymous_23)
FNDA:33,(anonymous_24)
FNDA:33,(anonymous_25)
FNDA:33,(anonymous_26)
DA:1,17
DA:2,17
DA:3,17
DA:4,17
DA:5,17
DA:18,17
DA:19,17
DA:20,17
DA:21,17
DA:30,17
DA:31,30
DA:32,30
DA:33,30
DA:34,30
DA:35,30
DA:36,30
DA:37,30
DA:40,30
DA:41,30
DA:42,30
DA:45,30
DA:48,64
DA:49,1
DA:53,63
DA:55,63
DA:59,3
DA:66,30
DA:67,30
DA:69,30
DA:70,30
DA:71,30
DA:74,33
DA:75,33
DA:77,33
DA:81,3
DA:85,35
DA:86,34
DA:87,34
DA:90,1
DA:94,4
DA:96,4
DA:117,4
DA:118,2
DA:121,2
DA:126,1
DA:130,63
DA:137,3
DA:138,3
DA:139,1
DA:144,1
DA:145,1
DA:156,35
DA:158,35
DA:166,35
DA:167,5
DA:168,2
DA:174,35
DA:175,35
DA:177,4
DA:184,35
DA:185,2
DA:191,1
DA:193,2
DA:194,1
DA:199,33
DA:200,33
DA:202,33
LF:67
LH:67
BRDA:48,0,0,1
BRDA:53,1,0,63
BRDA:53,1,1,0
BRDA:53,2,0,63
BRDA:53,2,1,63
BRDA:53,3,0,0
BRDA:53,3,1,63
BRDA:53,4,0,63
BRDA:53,4,1,63
BRDA:53,5,0,1
BRDA:53,5,1,2
BRDA:53,6,0,3
BRDA:53,6,1,2
BRDA:55,7,0,63
BRDA:55,7,1,2
BRDA:59,8,0,1
BRDA:59,8,1,2
BRDA:85,9,0,34
BRDA:96,10,0,0
BRDA:96,10,1,4
BRDA:96,11,0,4
BRDA:96,11,1,4
BRDA:117,12,0,2
BRDA:131,13,0,63
BRDA:131,13,1,62
BRDA:146,14,0,0
BRDA:146,14,1,1
BRDA:146,15,0,1
BRDA:146,15,1,1
BRDA:147,16,0,0
BRDA:147,16,1,1
BRDA:147,17,0,1
BRDA:147,17,1,1
BRDA:148,18,0,0
BRDA:148,18,1,1
BRDA:148,19,0,1
BRDA:148,19,1,1
BRDA:149,20,0,0
BRDA:149,20,1,1
BRDA:149,21,0,1
BRDA:149,21,1,1
BRDA:151,22,0,0
BRDA:151,22,1,1
BRDA:151,23,0,1
BRDA:151,23,1,1
BRDA:166,24,0,5
BRDA:191,25,0,1
BRDA:191,25,1,0
BRDA:193,26,0,0
BRDA:193,26,1,2
BRDA:193,27,0,2
BRDA:193,27,1,2
BRF:52
BRH:42
end_of_record
TN:
SF:apps\l4l-municipality\src\app\components\create-citizen-group-popup\create-citizen-group-popup.component.ts
FN:31,(anonymous_0)
FN:44,(anonymous_1)
FN:87,(anonymous_2)
FN:93,(anonymous_3)
FN:97,(anonymous_4)
FN:100,(anonymous_5)
FN:101,(anonymous_6)
FN:112,(anonymous_7)
FN:115,(anonymous_8)
FN:121,(anonymous_9)
FN:128,(anonymous_10)
FN:137,(anonymous_11)
FN:160,(anonymous_12)
FN:169,(anonymous_13)
FN:172,(anonymous_14)
FN:177,(anonymous_15)
FN:181,(anonymous_16)
FN:186,(anonymous_17)
FN:187,(anonymous_18)
FN:189,(anonymous_19)
FN:190,(anonymous_20)
FN:194,(anonymous_21)
FN:212,(anonymous_22)
FN:213,(anonymous_23)
FNF:24
FNH:24
FNDA:26,(anonymous_0)
FNDA:78,(anonymous_1)
FNDA:109,(anonymous_2)
FNDA:110,(anonymous_3)
FNDA:56,(anonymous_4)
FNDA:8,(anonymous_5)
FNDA:8,(anonymous_6)
FNDA:28,(anonymous_7)
FNDA:28,(anonymous_8)
FNDA:28,(anonymous_9)
FNDA:32,(anonymous_10)
FNDA:3,(anonymous_11)
FNDA:3,(anonymous_12)
FNDA:1,(anonymous_13)
FNDA:1,(anonymous_14)
FNDA:1,(anonymous_15)
FNDA:1,(anonymous_16)
FNDA:4,(anonymous_17)
FNDA:1,(anonymous_18)
FNDA:4,(anonymous_19)
FNDA:1,(anonymous_20)
FNDA:28,(anonymous_21)
FNDA:28,(anonymous_22)
FNDA:56,(anonymous_23)
DA:1,17
DA:2,17
DA:3,17
DA:4,17
DA:5,17
DA:20,17
DA:21,17
DA:22,17
DA:31,17
DA:32,26
DA:33,26
DA:34,26
DA:35,26
DA:36,26
DA:37,26
DA:42,26
DA:44,78
DA:49,26
DA:85,26
DA:88,109
DA:90,109
DA:94,110
DA:98,56
DA:100,8
DA:101,8
DA:105,26
DA:106,26
DA:107,26
DA:108,26
DA:109,26
DA:110,26
DA:113,28
DA:115,28
DA:116,28
DA:117,1
DA:121,28
DA:122,28
DA:125,28
DA:129,32
DA:130,31
DA:131,31
DA:134,1
DA:138,3
DA:140,3
DA:161,3
DA:162,3
DA:165,0
DA:170,1
DA:172,1
DA:173,1
DA:178,1
DA:179,1
DA:181,1
DA:186,4
DA:187,1
DA:189,4
DA:190,1
DA:195,28
DA:213,28
DA:214,56
DA:215,51
DA:217,5
DA:218,3
DA:219,3
DA:221,2
DA:222,2
DA:223,2
LF:67
LH:66
BRDA:46,0,0,52
BRDA:46,0,1,26
BRDA:90,1,0,109
BRDA:90,1,1,109
BRDA:94,2,0,110
BRDA:94,2,1,107
BRDA:94,3,0,105
BRDA:94,3,1,5
BRDA:94,4,0,110
BRDA:94,4,1,109
BRDA:99,5,0,56
BRDA:99,5,1,3
BRDA:99,5,2,2
BRDA:99,6,0,0
BRDA:99,6,1,56
BRDA:99,7,0,56
BRDA:99,7,1,56
BRDA:100,8,0,0
BRDA:100,8,1,8
BRDA:100,9,0,8
BRDA:100,9,1,8
BRDA:101,10,0,0
BRDA:101,10,1,8
BRDA:101,11,0,8
BRDA:101,11,1,8
BRDA:116,12,0,1
BRDA:129,13,0,31
BRDA:140,14,0,0
BRDA:140,14,1,3
BRDA:140,15,0,3
BRDA:140,15,1,3
BRDA:161,16,0,3
BRDA:180,17,0,0
BRDA:180,17,1,1
BRDA:180,18,0,1
BRDA:180,18,1,1
BRDA:181,19,0,1
BRDA:181,19,1,0
BRDA:181,20,0,0
BRDA:181,20,1,1
BRDA:181,21,0,1
BRDA:181,21,1,1
BRDA:181,22,0,0
BRDA:181,22,1,1
BRDA:181,23,0,1
BRDA:181,23,1,1
BRDA:182,24,0,0
BRDA:182,24,1,1
BRDA:182,25,0,1
BRDA:182,25,1,1
BRDA:183,26,0,0
BRDA:183,26,1,1
BRDA:183,27,0,1
BRDA:183,27,1,1
BRDA:184,28,0,0
BRDA:184,28,1,1
BRDA:186,29,0,0
BRDA:186,29,1,4
BRDA:186,30,0,4
BRDA:186,30,1,4
BRDA:189,31,0,0
BRDA:189,31,1,4
BRDA:189,32,0,4
BRDA:189,32,1,4
BRDA:214,33,0,51
BRDA:217,34,0,3
BRDA:217,35,0,5
BRDA:217,35,1,4
BRDA:217,35,2,3
BRF:69
BRH:56
end_of_record
TN:
SF:apps\l4l-municipality\src\app\components\create-grant\create-grant\create-grant.component.ts
FN:39,(anonymous_0)
FN:43,(anonymous_1)
FN:55,(anonymous_2)
FN:59,(anonymous_3)
FN:64,(anonymous_4)
FN:80,(anonymous_5)
FN:87,(anonymous_6)
FN:97,(anonymous_7)
FN:105,(anonymous_8)
FN:109,(anonymous_9)
FN:113,(anonymous_10)
FN:121,(anonymous_11)
FN:124,(anonymous_12)
FN:134,(anonymous_13)
FN:140,(anonymous_14)
FN:150,(anonymous_15)
FN:166,(anonymous_16)
FN:185,(anonymous_17)
FN:204,(anonymous_18)
FN:208,(anonymous_19)
FN:213,(anonymous_20)
FNF:21
FNH:21
FNDA:29,(anonymous_0)
FNDA:23,(anonymous_1)
FNDA:23,(anonymous_2)
FNDA:23,(anonymous_3)
FNDA:53,(anonymous_4)
FNDA:36,(anonymous_5)
FNDA:25,(anonymous_6)
FNDA:1,(anonymous_7)
FNDA:1,(anonymous_8)
FNDA:29,(anonymous_9)
FNDA:5,(anonymous_10)
FNDA:3,(anonymous_11)
FNDA:3,(anonymous_12)
FNDA:2,(anonymous_13)
FNDA:1,(anonymous_14)
FNDA:5,(anonymous_15)
FNDA:23,(anonymous_16)
FNDA:23,(anonymous_17)
FNDA:23,(anonymous_18)
FNDA:23,(anonymous_19)
FNDA:7,(anonymous_20)
DA:1,16
DA:2,16
DA:3,16
DA:4,16
DA:15,16
DA:16,16
DA:17,16
DA:18,16
DA:21,16
DA:30,16
DA:32,23
DA:33,23
DA:34,23
DA:35,23
DA:36,23
DA:37,23
DA:40,29
DA:44,23
DA:45,23
DA:46,23
DA:47,23
DA:48,23
DA:49,23
DA:50,23
DA:51,23
DA:52,23
DA:56,23
DA:57,23
DA:59,23
DA:60,23
DA:65,53
DA:67,17
DA:69,17
DA:71,17
DA:73,1
DA:75,1
DA:81,36
DA:88,25
DA:89,18
DA:90,18
DA:93,7
DA:94,7
DA:98,1
DA:99,0
DA:101,1
DA:106,1
DA:110,29
DA:114,5
DA:115,3
DA:117,2
DA:122,3
DA:124,3
DA:125,3
DA:126,2
DA:129,1
DA:130,1
DA:135,2
DA:136,2
DA:138,2
DA:140,2
DA:141,1
DA:142,0
DA:145,1
DA:146,1
DA:151,5
DA:157,5
DA:158,4
DA:160,1
DA:163,5
DA:167,23
DA:168,23
DA:170,23
DA:179,23
DA:180,6
DA:181,6
DA:187,23
DA:192,23
DA:201,23
DA:205,23
DA:209,23
DA:210,6
DA:214,7
DA:216,7
DA:228,7
LF:84
LH:82
BRDA:40,0,0,12
BRDA:40,0,1,17
BRDA:65,1,0,17
BRDA:65,1,1,17
BRDA:65,1,2,17
BRDA:65,1,3,1
BRDA:65,1,4,1
BRDA:82,2,0,36
BRDA:82,2,1,34
BRDA:88,3,0,18
BRDA:94,4,0,6
BRDA:94,4,1,1
BRDA:94,5,0,7
BRDA:94,5,1,7
BRDA:98,6,0,0
BRDA:110,7,0,29
BRDA:110,7,1,5
BRDA:114,8,0,3
BRDA:114,8,1,2
BRDA:125,9,0,2
BRDA:141,10,0,0
BRDA:157,11,0,4
BRDA:157,11,1,1
BRDA:179,12,0,6
BRDA:187,13,0,1
BRDA:187,13,1,22
BRDA:187,14,0,23
BRDA:187,14,1,6
BRDA:187,15,0,17
BRDA:187,15,1,6
BRDA:187,16,0,23
BRDA:187,16,1,6
BRDA:190,17,0,22
BRDA:190,17,1,17
BRDA:190,18,0,17
BRDA:190,18,1,5
BRDA:190,19,0,22
BRDA:190,19,1,22
BRDA:190,20,0,17
BRDA:190,20,1,5
BRDA:190,21,0,22
BRDA:190,21,1,5
BRDA:193,22,0,23
BRDA:193,22,1,17
BRDA:193,23,0,17
BRDA:193,23,1,6
BRDA:193,24,0,23
BRDA:193,24,1,6
BRDA:194,25,0,23
BRDA:194,25,1,17
BRDA:194,26,0,17
BRDA:194,26,1,6
BRDA:194,27,0,23
BRDA:194,27,1,6
BRDA:195,28,0,23
BRDA:195,28,1,17
BRDA:195,29,0,17
BRDA:195,29,1,6
BRDA:195,30,0,23
BRDA:195,30,1,23
BRDA:195,31,0,17
BRDA:195,31,1,6
BRDA:195,32,0,23
BRDA:195,32,1,6
BRDA:196,33,0,17
BRDA:196,33,1,6
BRDA:196,34,0,23
BRDA:196,34,1,6
BRDA:197,35,0,23
BRDA:197,35,1,17
BRDA:197,36,0,17
BRDA:197,36,1,6
BRDA:197,37,0,23
BRDA:197,37,1,23
BRDA:197,38,0,17
BRDA:197,38,1,6
BRDA:197,39,0,23
BRDA:197,39,1,6
BRDA:209,40,0,17
BRDA:209,41,0,17
BRDA:209,41,1,6
BRDA:209,42,0,23
BRDA:209,42,1,6
BRDA:210,43,0,6
BRDA:210,43,1,0
BRF:85
BRH:82
end_of_record
TN:
SF:apps\l4l-municipality\src\app\components\create-user-popup\create-user-popup.component.ts
FN:22,(anonymous_0)
FN:29,(anonymous_1)
FN:32,(anonymous_2)
FN:37,(anonymous_3)
FN:46,(anonymous_4)
FN:68,(anonymous_5)
FN:75,(anonymous_6)
FN:78,(anonymous_7)
FN:83,(anonymous_8)
FN:88,(anonymous_9)
FNF:10
FNH:10
FNDA:6,(anonymous_0)
FNDA:6,(anonymous_1)
FNDA:6,(anonymous_2)
FNDA:8,(anonymous_3)
FNDA:2,(anonymous_4)
FNDA:1,(anonymous_5)
FNDA:1,(anonymous_6)
FNDA:1,(anonymous_7)
FNDA:1,(anonymous_8)
FNDA:6,(anonymous_9)
DA:1,16
DA:2,16
DA:3,16
DA:4,16
DA:5,16
DA:6,16
DA:7,16
DA:14,16
DA:17,6
DA:18,6
DA:19,6
DA:20,6
DA:23,6
DA:24,6
DA:25,6
DA:26,6
DA:30,6
DA:32,6
DA:33,6
DA:38,8
DA:39,7
DA:40,7
DA:43,1
DA:47,2
DA:49,2
DA:69,1
DA:70,1
DA:76,1
DA:78,1
DA:79,1
DA:84,1
DA:85,1
DA:89,6
LF:33
LH:33
BRDA:38,0,0,7
BRDA:49,1,0,1
BRDA:49,1,1,1
BRDA:49,2,0,2
BRDA:49,2,1,2
BRDA:69,3,0,1
BRDA:85,4,0,0
BRDA:85,4,1,1
BRDA:85,5,0,1
BRDA:85,5,1,1
BRDA:85,6,0,0
BRDA:85,6,1,1
BRDA:85,7,0,1
BRDA:85,7,1,1
BRDA:85,8,0,0
BRDA:85,8,1,1
BRDA:85,9,0,1
BRDA:85,9,1,1
BRF:18
BRH:15
end_of_record
TN:
SF:apps\l4l-municipality\src\app\components\import-passholders\import-passholders.component.ts
FN:16,(anonymous_0)
FN:28,(anonymous_1)
FN:32,(anonymous_2)
FN:39,(anonymous_3)
FN:44,(anonymous_4)
FN:48,(anonymous_5)
FN:52,(anonymous_6)
FN:55,(anonymous_7)
FN:61,(anonymous_8)
FN:67,(anonymous_9)
FN:73,(anonymous_10)
FN:74,(anonymous_11)
FN:75,(anonymous_12)
FN:82,(anonymous_13)
FN:92,(anonymous_14)
FNF:15
FNH:15
FNDA:16,(anonymous_0)
FNDA:35,(anonymous_1)
FNDA:40,(anonymous_2)
FNDA:18,(anonymous_3)
FNDA:1,(anonymous_4)
FNDA:2,(anonymous_5)
FNDA:1,(anonymous_6)
FNDA:1,(anonymous_7)
FNDA:27,(anonymous_8)
FNDA:11,(anonymous_9)
FNDA:18,(anonymous_10)
FNDA:18,(anonymous_11)
FNDA:18,(anonymous_12)
FNDA:18,(anonymous_13)
FNDA:1,(anonymous_14)
DA:1,16
DA:2,16
DA:3,16
DA:4,16
DA:5,16
DA:6,16
DA:8,16
DA:16,16
DA:17,16
DA:18,16
DA:19,16
DA:20,16
DA:21,16
DA:22,16
DA:29,35
DA:33,40
DA:36,16
DA:37,16
DA:40,18
DA:41,18
DA:45,1
DA:49,2
DA:53,1
DA:55,1
DA:56,1
DA:57,1
DA:62,27
DA:66,27
DA:67,11
DA:68,11
DA:74,18
DA:75,18
DA:82,18
DA:83,18
DA:86,18
DA:87,18
DA:93,1
DA:94,1
LF:38
LH:38
BRDA:33,0,0,40
BRDA:33,0,1,3
BRDA:33,1,0,0
BRDA:33,1,1,3
BRDA:33,2,0,3
BRDA:33,2,1,3
BRDA:33,3,0,0
BRDA:33,3,1,3
BRDA:33,4,0,3
BRDA:33,4,1,3
BRDA:53,5,0,0
BRDA:53,5,1,1
BRDA:53,6,0,1
BRDA:53,6,1,1
BRDA:66,7,0,11
BRDA:86,8,0,18
BRDA:87,9,0,0
BRDA:87,9,1,18
BRDA:87,10,0,18
BRDA:87,10,1,18
BRF:20
BRH:16
end_of_record
TN:
SF:apps\l4l-municipality\src\app\components\invitations\invitations.component.ts
FN:32,(anonymous_0)
FN:42,(anonymous_1)
FN:46,(anonymous_2)
FN:55,(anonymous_3)
FN:60,(anonymous_4)
FN:68,(anonymous_5)
FN:76,(anonymous_6)
FN:82,(anonymous_7)
FN:87,(anonymous_8)
FN:88,(anonymous_9)
FN:105,(anonymous_10)
FN:117,(anonymous_11)
FN:128,(anonymous_12)
FN:134,(anonymous_13)
FNF:14
FNH:14
FNDA:52,(anonymous_0)
FNDA:32,(anonymous_1)
FNDA:22,(anonymous_2)
FNDA:32,(anonymous_3)
FNDA:2,(anonymous_4)
FNDA:33,(anonymous_5)
FNDA:38,(anonymous_6)
FNDA:21,(anonymous_7)
FNDA:22,(anonymous_8)
FNDA:2,(anonymous_9)
FNDA:4,(anonymous_10)
FNDA:3,(anonymous_11)
FNDA:1,(anonymous_12)
FNDA:2,(anonymous_13)
DA:1,16
DA:2,16
DA:12,16
DA:13,16
DA:14,16
DA:15,16
DA:18,16
DA:19,16
DA:27,16
DA:30,52
DA:33,52
DA:34,52
DA:35,52
DA:36,52
DA:37,52
DA:39,52
DA:43,32
DA:47,22
DA:48,21
DA:51,1
DA:52,1
DA:56,32
DA:57,32
DA:61,2
DA:62,2
DA:63,2
DA:64,2
DA:65,2
DA:69,33
DA:77,38
DA:78,38
DA:79,17
DA:82,21
DA:83,21
DA:88,22
DA:102,22
DA:106,4
DA:118,3
DA:119,1
DA:122,2
DA:123,2
DA:124,2
DA:129,1
DA:130,1
DA:135,2
DA:137,2
LF:46
LH:46
BRDA:47,0,0,21
BRDA:57,1,0,20
BRDA:57,1,1,12
BRDA:57,2,0,32
BRDA:57,2,1,32
BRDA:78,3,0,17
BRDA:106,4,0,1
BRDA:106,4,1,3
BRDA:106,5,0,4
BRDA:106,5,1,4
BRDA:118,6,0,1
BRDA:129,7,0,1
BRF:12
BRH:12
end_of_record
TN:
SF:apps\l4l-municipality\src\app\components\invite-suppliers\invite-suppliers.component.ts
FN:36,(anonymous_0)
FN:45,(anonymous_1)
FN:52,(anonymous_2)
FN:57,(anonymous_3)
FN:64,(anonymous_4)
FN:73,(anonymous_5)
FN:97,(anonymous_6)
FN:101,(anonymous_7)
FN:105,(anonymous_8)
FN:108,(anonymous_9)
FN:113,(anonymous_10)
FN:135,(anonymous_11)
FN:142,(anonymous_12)
FN:146,(anonymous_13)
FN:155,(anonymous_14)
FNF:15
FNH:15
FNDA:16,(anonymous_0)
FNDA:16,(anonymous_1)
FNDA:16,(anonymous_2)
FNDA:54,(anonymous_3)
FNDA:18,(anonymous_4)
FNDA:54,(anonymous_5)
FNDA:1,(anonymous_6)
FNDA:35,(anonymous_7)
FNDA:1,(anonymous_8)
FNDA:1,(anonymous_9)
FNDA:2,(anonymous_10)
FNDA:1,(anonymous_11)
FNDA:51,(anonymous_12)
FNDA:16,(anonymous_13)
FNDA:2,(anonymous_14)
DA:1,16
DA:2,16
DA:3,16
DA:4,16
DA:13,16
DA:14,16
DA:16,16
DA:17,16
DA:25,16
DA:27,16
DA:28,16
DA:29,16
DA:30,16
DA:31,16
DA:32,16
DA:33,16
DA:34,16
DA:37,16
DA:38,16
DA:39,16
DA:40,16
DA:41,16
DA:42,16
DA:46,16
DA:48,16
DA:49,0
DA:52,16
DA:53,16
DA:58,54
DA:59,54
DA:60,54
DA:65,18
DA:66,1
DA:67,1
DA:70,17
DA:74,54
DA:75,54
DA:77,54
DA:78,1
DA:79,1
DA:82,53
DA:83,1
DA:84,1
DA:87,52
DA:88,1
DA:89,1
DA:92,51
DA:93,51
DA:94,51
DA:98,1
DA:102,35
DA:106,1
DA:108,1
DA:109,1
DA:114,2
DA:116,2
DA:136,1
DA:137,1
DA:143,51
DA:147,16
DA:149,16
DA:156,2
LF:62
LH:61
BRDA:48,0,0,0
BRDA:58,1,0,54
BRDA:65,2,0,1
BRDA:65,3,0,18
BRDA:65,3,1,17
BRDA:77,4,0,1
BRDA:77,5,0,54
BRDA:77,5,1,54
BRDA:82,6,0,1
BRDA:87,7,0,1
BRDA:102,8,0,35
BRDA:102,8,1,1
BRDA:116,9,0,1
BRDA:116,9,1,1
BRDA:116,10,0,2
BRDA:116,10,1,2
BRDA:136,11,0,1
BRF:17
BRH:16
end_of_record
TN:
SF:apps\l4l-municipality\src\app\components\offer-approval-popup\offer-approval-popup.component.ts
FN:35,(anonymous_0)
FN:46,(anonymous_1)
FN:49,(anonymous_2)
FN:54,(anonymous_3)
FN:63,(anonymous_4)
FN:68,(anonymous_5)
FN:71,(anonymous_6)
FN:77,(anonymous_7)
FN:78,(anonymous_8)
FN:84,(anonymous_9)
FN:106,(anonymous_10)
FN:113,(anonymous_11)
FN:117,(anonymous_12)
FN:121,(anonymous_13)
FNF:14
FNH:14
FNDA:12,(anonymous_0)
FNDA:12,(anonymous_1)
FNDA:12,(anonymous_2)
FNDA:14,(anonymous_3)
FNDA:2,(anonymous_4)
FNDA:1,(anonymous_5)
FNDA:1,(anonymous_6)
FNDA:2,(anonymous_7)
FNDA:1,(anonymous_8)
FNDA:4,(anonymous_9)
FNDA:4,(anonymous_10)
FNDA:2,(anonymous_11)
FNDA:2,(anonymous_12)
FNDA:12,(anonymous_13)
DA:1,17
DA:2,17
DA:3,17
DA:4,17
DA:11,17
DA:12,17
DA:13,17
DA:14,17
DA:16,17
DA:17,17
DA:25,17
DA:27,12
DA:28,12
DA:29,12
DA:30,12
DA:32,12
DA:33,12
DA:36,12
DA:37,12
DA:38,12
DA:39,12
DA:40,12
DA:41,12
DA:42,12
DA:43,12
DA:47,12
DA:49,12
DA:50,12
DA:55,14
DA:56,1
DA:57,1
DA:60,13
DA:64,2
DA:65,2
DA:69,1
DA:71,1
DA:72,1
DA:73,1
DA:78,2
DA:79,1
DA:80,1
DA:85,4
DA:87,4
DA:107,4
DA:108,3
DA:114,2
DA:118,2
DA:122,12
DA:124,12
LF:49
LH:49
BRDA:55,0,0,1
BRDA:65,1,0,1
BRDA:65,1,1,1
BRDA:87,2,0,0
BRDA:87,2,1,4
BRDA:87,3,0,4
BRDA:87,3,1,4
BRDA:107,4,0,3
BRDA:114,5,0,0
BRDA:114,5,1,2
BRDA:114,6,0,2
BRDA:114,6,1,2
BRF:12
BRH:10
end_of_record
TN:
SF:apps\l4l-municipality\src\app\components\supplier-details\supplier-details.component.ts
FN:16,(anonymous_0)
FN:21,(anonymous_1)
FN:25,(anonymous_2)
FN:35,(anonymous_3)
FN:36,(anonymous_4)
FNF:5
FNH:5
FNDA:6,(anonymous_0)
FNDA:8,(anonymous_1)
FNDA:3,(anonymous_2)
FNDA:8,(anonymous_3)
FNDA:8,(anonymous_4)
DA:1,16
DA:2,16
DA:3,16
DA:12,16
DA:14,6
DA:17,6
DA:18,6
DA:22,8
DA:26,3
DA:27,3
DA:28,1
DA:31,2
DA:32,2
DA:36,8
DA:37,8
DA:40,8
DA:41,7
DA:43,1
LF:18
LH:18
BRDA:27,0,0,1
BRDA:31,1,0,1
BRDA:31,1,1,1
BRDA:40,2,0,7
BRF:4
BRH:4
end_of_record
TN:
SF:apps\l4l-municipality\src\app\components\supplier-req\supplier-req.component.ts
FN:33,(anonymous_0)
FN:43,(anonymous_1)
FN:47,(anonymous_2)
FN:52,(anonymous_3)
FN:63,(anonymous_4)
FN:70,(anonymous_5)
FN:75,(anonymous_6)
FN:76,(anonymous_7)
FN:93,(anonymous_8)
FN:100,(anonymous_9)
FN:116,(anonymous_10)
FN:125,(anonymous_11)
FN:126,(anonymous_12)
FN:131,(anonymous_13)
FN:136,(anonymous_14)
FN:141,(anonymous_15)
FNF:16
FNH:16
FNDA:33,(anonymous_0)
FNDA:33,(anonymous_1)
FNDA:22,(anonymous_2)
FNDA:34,(anonymous_3)
FNDA:37,(anonymous_4)
FNDA:21,(anonymous_5)
FNDA:22,(anonymous_6)
FNDA:254,(anonymous_7)
FNDA:2,(anonymous_8)
FNDA:3,(anonymous_9)
FNDA:2,(anonymous_10)
FNDA:1,(anonymous_11)
FNDA:1,(anonymous_12)
FNDA:2,(anonymous_13)
FNDA:2,(anonymous_14)
FNDA:2,(anonymous_15)
DA:1,16
DA:2,16
DA:15,16
DA:16,16
DA:17,16
DA:19,16
DA:20,16
DA:21,16
DA:28,16
DA:31,33
DA:34,33
DA:35,33
DA:36,33
DA:37,33
DA:38,33
DA:40,33
DA:44,33
DA:48,22
DA:49,22
DA:53,34
DA:64,37
DA:65,37
DA:66,16
DA:69,21
DA:70,21
DA:71,21
DA:76,254
DA:90,22
DA:94,2
DA:95,1
DA:96,1
DA:101,3
DA:117,2
DA:118,1
DA:121,1
DA:126,1
DA:127,1
DA:132,2
DA:133,2
DA:137,2
DA:138,2
DA:142,2
DA:143,2
DA:144,2
DA:145,2
DA:146,2
DA:147,2
LF:47
LH:47
BRDA:65,0,0,16
BRDA:94,1,0,1
BRDA:101,2,0,1
BRDA:101,2,1,2
BRDA:101,3,0,3
BRDA:101,3,1,3
BRDA:117,4,0,1
BRF:7
BRH:7
end_of_record
TN:
SF:apps\l4l-municipality\src\app\components\supplier-review-popup\supplier-review-popup.component.ts
FN:51,(anonymous_0)
FN:32,(anonymous_1)
FN:45,(anonymous_2)
FN:63,(anonymous_3)
FN:67,(anonymous_4)
FN:72,(anonymous_5)
FN:81,(anonymous_6)
FN:88,(anonymous_7)
FN:93,(anonymous_8)
FN:98,(anonymous_9)
FN:103,(anonymous_10)
FN:108,(anonymous_11)
FN:112,(anonymous_12)
FN:115,(anonymous_13)
FN:137,(anonymous_14)
FN:144,(anonymous_15)
FN:148,(anonymous_16)
FN:156,(anonymous_17)
FNF:18
FNH:16
FNDA:12,(anonymous_0)
FNDA:24,(anonymous_1)
FNDA:24,(anonymous_2)
FNDA:12,(anonymous_3)
FNDA:12,(anonymous_4)
FNDA:14,(anonymous_5)
FNDA:2,(anonymous_6)
FNDA:0,(anonymous_7)
FNDA:2,(anonymous_8)
FNDA:2,(anonymous_9)
FNDA:0,(anonymous_10)
FNDA:3,(anonymous_11)
FNDA:8,(anonymous_12)
FNDA:1,(anonymous_13)
FNDA:1,(anonymous_14)
FNDA:6,(anonymous_15)
FNDA:1,(anonymous_16)
FNDA:12,(anonymous_17)
DA:1,17
DA:2,17
DA:3,17
DA:4,17
DA:15,17
DA:16,17
DA:17,17
DA:19,17
DA:20,17
DA:28,17
DA:30,12
DA:32,12
DA:33,24
DA:36,12
DA:37,12
DA:38,12
DA:39,12
DA:41,12
DA:42,12
DA:44,12
DA:45,24
DA:52,12
DA:53,12
DA:54,12
DA:55,12
DA:56,12
DA:57,12
DA:58,12
DA:59,12
DA:60,12
DA:64,12
DA:65,12
DA:67,12
DA:68,12
DA:73,14
DA:74,1
DA:75,1
DA:78,13
DA:82,2
DA:83,1
DA:86,1
DA:88,1
DA:89,0
DA:94,2
DA:95,2
DA:99,2
DA:100,1
DA:103,1
DA:104,0
DA:109,3
DA:112,8
DA:116,1
DA:118,1
DA:138,1
DA:139,1
DA:145,6
DA:149,1
DA:157,12
DA:159,12
LF:59
LH:57
BRDA:73,0,0,1
BRDA:73,1,0,14
BRDA:73,1,1,14
BRDA:73,2,0,0
BRDA:73,2,1,14
BRDA:73,3,0,14
BRDA:73,3,1,14
BRDA:82,4,0,1
BRDA:95,5,0,1
BRDA:95,5,1,1
BRDA:99,6,0,1
BRDA:110,7,0,1
BRDA:110,7,1,2
BRDA:118,8,0,0
BRDA:118,8,1,1
BRDA:118,9,0,1
BRDA:118,9,1,1
BRDA:138,10,0,1
BRDA:145,11,0,0
BRDA:145,11,1,6
BRDA:145,12,0,6
BRDA:145,12,1,6
BRDA:150,13,0,0
BRDA:150,13,1,1
BRDA:150,14,0,1
BRDA:150,14,1,1
BRDA:152,15,0,0
BRDA:152,15,1,1
BRDA:152,16,0,1
BRDA:152,16,1,1
BRF:30
BRH:25
end_of_record
TN:
SF:apps\l4l-municipality\src\app\components\suppliers\suppliers.component.ts
FN:36,(anonymous_0)
FN:81,(anonymous_1)
FN:83,(anonymous_2)
FN:85,(anonymous_3)
FN:87,(anonymous_4)
FN:91,(anonymous_5)
FN:45,(anonymous_6)
FN:51,(anonymous_7)
FN:55,(anonymous_8)
FN:68,(anonymous_9)
FN:93,(anonymous_10)
FN:101,(anonymous_11)
FN:105,(anonymous_12)
FN:109,(anonymous_13)
FN:118,(anonymous_14)
FN:127,(anonymous_15)
FN:137,(anonymous_16)
FN:138,(anonymous_17)
FN:143,(anonymous_18)
FN:156,(anonymous_19)
FN:164,(anonymous_20)
FN:170,(anonymous_21)
FN:175,(anonymous_22)
FNF:23
FNH:23
FNDA:20,(anonymous_0)
FNDA:163,(anonymous_1)
FNDA:163,(anonymous_2)
FNDA:82,(anonymous_3)
FNDA:80,(anonymous_4)
FNDA:82,(anonymous_5)
FNDA:21,(anonymous_6)
FNDA:20,(anonymous_7)
FNDA:4,(anonymous_8)
FNDA:4,(anonymous_9)
FNDA:85,(anonymous_10)
FNDA:2,(anonymous_11)
FNDA:1,(anonymous_12)
FNDA:1,(anonymous_13)
FNDA:3,(anonymous_14)
FNDA:2,(anonymous_15)
FNDA:22,(anonymous_16)
FNDA:22,(anonymous_17)
FNDA:2,(anonymous_18)
FNDA:21,(anonymous_19)
FNDA:21,(anonymous_20)
FNDA:21,(anonymous_21)
FNDA:21,(anonymous_22)
DA:1,16
DA:2,16
DA:10,16
DA:11,16
DA:13,16
DA:15,16
DA:16,16
DA:17,16
DA:18,16
DA:26,16
DA:34,20
DA:37,20
DA:38,20
DA:39,20
DA:40,20
DA:41,20
DA:42,20
DA:46,21
DA:47,21
DA:48,21
DA:52,20
DA:56,4
DA:58,1
DA:60,1
DA:62,1
DA:64,1
DA:69,4
DA:71,1
DA:73,1
DA:75,1
DA:77,1
DA:81,163
DA:83,163
DA:85,82
DA:87,20
DA:88,80
DA:91,82
DA:94,85
DA:102,2
DA:106,1
DA:110,1
DA:111,1
DA:112,1
DA:115,1
DA:119,3
DA:128,2
DA:129,1
DA:132,1
DA:133,1
DA:138,22
DA:139,22
DA:144,2
DA:146,2
DA:157,21
DA:159,21
DA:160,0
DA:163,21
DA:164,21
DA:165,21
DA:168,21
DA:170,21
DA:171,21
DA:176,21
DA:180,21
LF:64
LH:63
BRDA:88,0,0,80
BRDA:88,0,1,0
BRDA:56,1,0,1
BRDA:56,1,1,1
BRDA:56,1,2,1
BRDA:56,1,3,1
BRDA:69,2,0,1
BRDA:69,2,1,1
BRDA:69,2,2,1
BRDA:69,2,3,1
BRDA:95,3,0,85
BRDA:95,3,1,82
BRDA:95,3,2,84
BRDA:95,3,3,2
BRDA:95,3,4,83
BRDA:95,3,5,1
BRDA:113,4,0,1
BRDA:113,4,1,0
BRDA:119,5,0,1
BRDA:119,5,1,2
BRDA:119,6,0,3
BRDA:119,6,1,3
BRDA:128,7,0,1
BRDA:159,8,0,0
BRF:24
BRH:21
end_of_record
TN:
SF:apps\l4l-municipality\src\app\components\suppliers-map\suppliers-map.component.ts
FN:30,(anonymous_0)
FN:35,(anonymous_1)
FN:39,(anonymous_2)
FN:49,(anonymous_3)
FN:54,(anonymous_4)
FN:73,(anonymous_5)
FN:89,(anonymous_6)
FN:97,(anonymous_7)
FN:98,(anonymous_8)
FN:102,(anonymous_9)
FN:126,(anonymous_10)
FN:146,(anonymous_11)
FN:151,(anonymous_12)
FN:156,(anonymous_13)
FN:169,(anonymous_14)
FNF:15
FNH:15
FNDA:19,(anonymous_0)
FNDA:2,(anonymous_1)
FNDA:4,(anonymous_2)
FNDA:2,(anonymous_3)
FNDA:3,(anonymous_4)
FNDA:3,(anonymous_5)
FNDA:7,(anonymous_6)
FNDA:2,(anonymous_7)
FNDA:1,(anonymous_8)
FNDA:2,(anonymous_9)
FNDA:3,(anonymous_10)
FNDA:3,(anonymous_11)
FNDA:3,(anonymous_12)
FNDA:1,(anonymous_13)
FNDA:6,(anonymous_14)
DA:1,17
DA:2,17
DA:3,17
DA:4,17
DA:5,17
DA:6,17
DA:7,17
DA:8,17
DA:9,17
DA:10,17
DA:11,17
DA:12,17
DA:13,17
DA:15,17
DA:23,17
DA:26,19
DA:28,19
DA:31,19
DA:32,19
DA:36,2
DA:40,4
DA:41,1
DA:44,3
DA:45,3
DA:46,1
DA:49,2
DA:50,2
DA:55,3
DA:74,3
DA:75,3
DA:76,2
DA:77,2
DA:80,1
DA:81,1
DA:85,1
DA:86,1
DA:90,7
DA:91,7
DA:92,1
DA:93,1
DA:96,6
DA:97,2
DA:98,1
DA:103,2
DA:105,2
DA:107,2
DA:118,2
DA:119,2
DA:121,2
DA:122,2
DA:123,2
DA:127,3
DA:129,3
DA:134,3
DA:143,3
DA:147,3
DA:149,3
DA:151,3
DA:153,3
DA:157,1
DA:158,1
DA:159,1
DA:161,1
DA:162,1
DA:164,1
DA:165,1
DA:166,1
DA:170,6
DA:171,6
DA:173,4
DA:174,4
DA:176,4
LF:72
LH:72
BRDA:40,0,0,1
BRDA:40,1,0,4
BRDA:40,1,1,3
BRDA:45,2,0,1
BRDA:75,3,0,2
BRDA:91,4,0,1
BRDA:169,5,0,5
BRDA:170,6,0,1
BRDA:170,6,1,5
BRDA:170,7,0,6
BRDA:170,7,1,6
BRDA:171,8,0,2
BRDA:171,9,0,6
BRDA:171,9,1,4
BRDA:176,10,0,3
BRDA:176,10,1,1
BRF:16
BRH:16
end_of_record
TN:
SF:apps\l4l-municipality\src\app\municipality\municipality.module.ts
FNF:0
FNH:0
DA:1,16
DA:2,16
DA:4,16
DA:10,16
LF:4
LH:4
BRF:0
BRH:0
end_of_record
TN:
SF:apps\l4l-municipality\src\app\pages\benefits\benefits.component.ts
FN:27,(anonymous_0)
FN:40,(anonymous_1)
FN:44,(anonymous_2)
FN:49,(anonymous_3)
FN:53,(anonymous_4)
FN:61,(anonymous_5)
FN:70,(anonymous_6)
FN:74,(anonymous_7)
FN:75,(anonymous_8)
FN:80,(anonymous_9)
FN:85,(anonymous_10)
FN:94,(anonymous_11)
FN:95,(anonymous_12)
FN:103,(anonymous_13)
FN:104,(anonymous_14)
FN:113,(anonymous_15)
FN:118,(anonymous_16)
FN:136,(anonymous_17)
FN:137,(anonymous_18)
FN:146,(anonymous_19)
FN:147,(anonymous_20)
FNF:21
FNH:21
FNDA:19,(anonymous_0)
FNDA:38,(anonymous_1)
FNDA:21,(anonymous_2)
FNDA:20,(anonymous_3)
FNDA:4,(anonymous_4)
FNDA:2,(anonymous_5)
FNDA:1,(anonymous_6)
FNDA:1,(anonymous_7)
FNDA:1,(anonymous_8)
FNDA:1,(anonymous_9)
FNDA:21,(anonymous_10)
FNDA:23,(anonymous_11)
FNDA:2,(anonymous_12)
FNDA:4,(anonymous_13)
FNDA:2,(anonymous_14)
FNDA:2,(anonymous_15)
FNDA:3,(anonymous_16)
FNDA:2,(anonymous_17)
FNDA:2,(anonymous_18)
FNDA:3,(anonymous_19)
FNDA:6,(anonymous_20)
DA:1,16
DA:2,16
DA:3,16
DA:14,16
DA:15,16
DA:16,16
DA:17,16
DA:19,16
DA:27,16
DA:30,19
DA:32,19
DA:33,19
DA:34,19
DA:35,19
DA:36,19
DA:37,19
DA:38,19
DA:41,38
DA:45,21
DA:46,21
DA:50,20
DA:54,4
DA:62,2
DA:63,1
DA:65,1
DA:66,1
DA:71,1
DA:75,1
DA:76,1
DA:81,1
DA:82,1
DA:86,21
DA:91,21
DA:95,23
DA:96,2
DA:97,1
DA:98,1
DA:104,4
DA:105,2
DA:106,2
DA:107,1
DA:109,1
DA:114,2
DA:115,2
DA:119,3
DA:137,2
DA:143,2
DA:147,3
DA:148,6
DA:153,3
LF:50
LH:50
BRDA:54,0,0,1
BRDA:54,0,1,3
BRDA:54,1,0,4
BRDA:54,1,1,4
BRDA:62,2,0,1
BRDA:96,3,0,1
BRDA:106,4,0,1
BRDA:115,5,0,1
BRDA:115,5,1,1
BRDA:115,6,0,2
BRDA:115,6,1,2
BRDA:148,7,0,4
BRDA:148,7,1,2
BRF:13
BRH:13
end_of_record
TN:
SF:apps\l4l-municipality\src\app\pages\dashboard\dashboard.component.ts
FN:38,(anonymous_0)
FN:58,(anonymous_1)
FN:62,(anonymous_2)
FN:71,(anonymous_3)
FN:77,(anonymous_4)
FN:84,(anonymous_5)
FN:94,(anonymous_6)
FN:102,(anonymous_7)
FN:114,(anonymous_8)
FN:120,(anonymous_9)
FN:125,(anonymous_10)
FN:127,(anonymous_11)
FN:132,(anonymous_12)
FN:135,(anonymous_13)
FNF:14
FNH:14
FNDA:4,(anonymous_0)
FNDA:4,(anonymous_1)
FNDA:9,(anonymous_2)
FNDA:2,(anonymous_3)
FNDA:5,(anonymous_4)
FNDA:4,(anonymous_5)
FNDA:6,(anonymous_6)
FNDA:4,(anonymous_7)
FNDA:1,(anonymous_8)
FNDA:2,(anonymous_9)
FNDA:5,(anonymous_10)
FNDA:5,(anonymous_11)
FNDA:4,(anonymous_12)
FNDA:4,(anonymous_13)
DA:1,17
DA:2,17
DA:13,17
DA:14,17
DA:16,17
DA:17,17
DA:19,17
DA:27,17
DA:31,9
DA:32,9
DA:33,9
DA:34,9
DA:35,9
DA:36,9
DA:39,4
DA:59,4
DA:63,9
DA:64,9
DA:65,9
DA:66,9
DA:67,9
DA:68,9
DA:72,2
DA:73,2
DA:74,2
DA:78,5
DA:80,5
DA:81,1
DA:84,4
DA:85,4
DA:86,4
DA:87,1
DA:90,3
DA:95,6
DA:103,4
DA:104,2
DA:107,2
DA:108,2
DA:109,2
DA:110,2
DA:115,1
DA:117,1
DA:121,2
DA:122,2
DA:126,5
DA:127,5
DA:128,5
DA:133,4
DA:136,4
DA:137,4
DA:138,4
LF:51
LH:51
BRDA:80,0,0,1
BRDA:86,1,0,1
BRDA:95,2,0,2
BRDA:95,2,1,4
BRDA:95,3,0,6
BRDA:95,3,1,6
BRDA:103,4,0,2
BRF:7
BRH:7
end_of_record
TN:
SF:apps\l4l-municipality\src\app\pages\grants\grants\grants.component.ts
FN:34,(anonymous_0)
FN:38,(anonymous_1)
FN:48,(anonymous_2)
FN:53,(anonymous_3)
FN:57,(anonymous_4)
FN:66,(anonymous_5)
FN:76,(anonymous_6)
FN:77,(anonymous_7)
FN:78,(anonymous_8)
FN:88,(anonymous_9)
FN:95,(anonymous_10)
FN:116,(anonymous_11)
FN:121,(anonymous_12)
FN:122,(anonymous_13)
FN:152,(anonymous_14)
FN:153,(anonymous_15)
FN:162,(anonymous_16)
FN:170,(anonymous_17)
FN:177,(anonymous_18)
FNF:19
FNH:19
FNDA:28,(anonymous_0)
FNDA:14,(anonymous_1)
FNDA:14,(anonymous_2)
FNDA:14,(anonymous_3)
FNDA:6,(anonymous_4)
FNDA:2,(anonymous_5)
FNDA:1,(anonymous_6)
FNDA:1,(anonymous_7)
FNDA:2,(anonymous_8)
FNDA:4,(anonymous_9)
FNDA:2,(anonymous_10)
FNDA:1,(anonymous_11)
FNDA:1,(anonymous_12)
FNDA:2,(anonymous_13)
FNDA:17,(anonymous_14)
FNDA:17,(anonymous_15)
FNDA:14,(anonymous_16)
FNDA:2,(anonymous_17)
FNDA:2,(anonymous_18)
DA:1,16
DA:2,16
DA:3,16
DA:17,16
DA:18,16
DA:19,16
DA:21,16
DA:29,16
DA:32,14
DA:35,28
DA:39,14
DA:40,14
DA:41,14
DA:42,14
DA:43,14
DA:45,14
DA:49,14
DA:50,14
DA:54,14
DA:58,6
DA:67,2
DA:68,1
DA:71,1
DA:72,1
DA:77,1
DA:78,1
DA:79,2
DA:80,2
DA:81,2
DA:84,1
DA:90,4
DA:91,2
DA:96,2
DA:117,1
DA:118,1
DA:122,2
DA:149,1
DA:153,17
DA:154,17
DA:155,17
DA:156,16
DA:158,1
DA:163,14
DA:167,14
DA:171,2
DA:178,2
LF:46
LH:46
BRDA:58,0,0,4
BRDA:58,0,1,2
BRDA:58,1,0,6
BRDA:58,1,1,6
BRDA:67,2,0,1
BRDA:71,3,0,0
BRDA:71,3,1,1
BRDA:71,4,0,1
BRDA:71,4,1,1
BRDA:90,5,0,2
BRDA:118,6,0,1
BRDA:118,6,1,0
BRDA:118,7,0,1
BRDA:118,7,1,1
BRDA:155,8,0,16
BRDA:178,9,0,1
BRDA:178,9,1,1
BRF:17
BRH:15
end_of_record
TN:
SF:apps\l4l-municipality\src\app\pages\offers-for-municipality\offers-for-municipality.component.ts
FN:34,(anonymous_0)
FN:38,(anonymous_1)
FN:42,(anonymous_2)
FN:46,(anonymous_3)
FN:55,(anonymous_4)
FN:60,(anonymous_5)
FN:64,(anonymous_6)
FN:78,(anonymous_7)
FN:83,(anonymous_8)
FN:90,(anonymous_9)
FN:92,(anonymous_10)
FN:97,(anonymous_11)
FN:100,(anonymous_12)
FN:101,(anonymous_13)
FN:109,(anonymous_14)
FN:130,(anonymous_15)
FN:138,(anonymous_16)
FN:139,(anonymous_17)
FN:144,(anonymous_18)
FN:160,(anonymous_19)
FN:169,(anonymous_20)
FN:171,(anonymous_21)
FN:176,(anonymous_22)
FN:179,(anonymous_23)
FNF:24
FNH:24
FNDA:1,(anonymous_0)
FNDA:92,(anonymous_1)
FNDA:46,(anonymous_2)
FNDA:23,(anonymous_3)
FNDA:23,(anonymous_4)
FNDA:23,(anonymous_5)
FNDA:3,(anonymous_6)
FNDA:1,(anonymous_7)
FNDA:4,(anonymous_8)
FNDA:1,(anonymous_9)
FNDA:1,(anonymous_10)
FNDA:1,(anonymous_11)
FNDA:3,(anonymous_12)
FNDA:5,(anonymous_13)
FNDA:5,(anonymous_14)
FNDA:23,(anonymous_15)
FNDA:1,(anonymous_16)
FNDA:1,(anonymous_17)
FNDA:2,(anonymous_18)
FNDA:2,(anonymous_19)
FNDA:27,(anonymous_20)
FNDA:27,(anonymous_21)
FNDA:21,(anonymous_22)
FNDA:21,(anonymous_23)
DA:1,16
DA:2,16
DA:16,16
DA:17,16
DA:18,16
DA:20,16
DA:21,16
DA:29,16
DA:35,1
DA:39,92
DA:43,46
DA:47,23
DA:48,23
DA:49,23
DA:50,23
DA:52,23
DA:56,23
DA:57,23
DA:61,23
DA:65,3
DA:68,3
DA:79,1
DA:80,1
DA:84,4
DA:85,2
DA:86,2
DA:91,1
DA:92,1
DA:97,1
DA:101,5
DA:106,3
DA:110,5
DA:118,5
DA:120,2
DA:123,2
DA:124,2
DA:126,1
DA:131,23
DA:135,23
DA:139,1
DA:140,1
DA:145,2
DA:161,2
DA:162,1
DA:165,1
DA:170,27
DA:171,27
DA:176,27
DA:180,21
DA:181,21
DA:182,20
DA:184,1
LF:52
LH:52
BRDA:65,0,0,1
BRDA:65,0,1,2
BRDA:80,1,0,1
BRDA:80,1,1,0
BRDA:80,2,0,1
BRDA:80,2,1,1
BRDA:84,3,0,2
BRDA:118,4,0,2
BRDA:118,4,1,0
BRDA:118,4,2,2
BRDA:118,4,3,1
BRDA:145,5,0,0
BRDA:145,5,1,2
BRDA:145,6,0,2
BRDA:145,6,1,2
BRDA:161,7,0,1
BRDA:181,8,0,20
BRF:17
BRH:14
end_of_record
TN:
SF:apps\l4l-municipality\src\app\pages\passholders\passholders.component.ts
FN:43,(anonymous_0)
FN:47,(anonymous_1)
FN:59,(anonymous_2)
FN:63,(anonymous_3)
FN:69,(anonymous_4)
FN:73,(anonymous_5)
FN:80,(anonymous_6)
FN:90,(anonymous_7)
FN:94,(anonymous_8)
FN:98,(anonymous_9)
FN:99,(anonymous_10)
FN:104,(anonymous_11)
FN:126,(anonymous_12)
FN:131,(anonymous_13)
FN:137,(anonymous_14)
FN:141,(anonymous_15)
FN:142,(anonymous_16)
FN:165,(anonymous_17)
FN:179,(anonymous_18)
FN:189,(anonymous_19)
FN:190,(anonymous_20)
FN:193,(anonymous_21)
FN:194,(anonymous_22)
FN:203,(anonymous_23)
FN:211,(anonymous_24)
FN:230,(anonymous_25)
FN:236,(anonymous_26)
FN:241,(anonymous_27)
FN:251,(anonymous_28)
FN:252,(anonymous_29)
FNF:30
FNH:29
FNDA:4,(anonymous_0)
FNDA:63,(anonymous_1)
FNDA:30,(anonymous_2)
FNDA:30,(anonymous_3)
FNDA:30,(anonymous_4)
FNDA:3,(anonymous_5)
FNDA:2,(anonymous_6)
FNDA:1,(anonymous_7)
FNDA:1,(anonymous_8)
FNDA:1,(anonymous_9)
FNDA:1,(anonymous_10)
FNDA:2,(anonymous_11)
FNDA:1,(anonymous_12)
FNDA:2,(anonymous_13)
FNDA:3,(anonymous_14)
FNDA:1,(anonymous_15)
FNDA:0,(anonymous_16)
FNDA:3,(anonymous_17)
FNDA:2,(anonymous_18)
FNDA:3,(anonymous_19)
FNDA:3,(anonymous_20)
FNDA:33,(anonymous_21)
FNDA:33,(anonymous_22)
FNDA:30,(anonymous_23)
FNDA:5,(anonymous_24)
FNDA:4,(anonymous_25)
FNDA:4,(anonymous_26)
FNDA:1,(anonymous_27)
FNDA:32,(anonymous_28)
FNDA:2,(anonymous_29)
DA:1,16
DA:4,16
DA:5,16
DA:20,16
DA:21,16
DA:22,16
DA:23,16
DA:25,16
DA:26,16
DA:27,16
DA:35,16
DA:38,30
DA:39,30
DA:44,4
DA:48,63
DA:51,30
DA:52,30
DA:53,30
DA:54,30
DA:55,30
DA:56,30
DA:57,30
DA:60,30
DA:64,30
DA:65,30
DA:66,30
DA:70,30
DA:74,3
DA:81,2
DA:82,1
DA:85,1
DA:86,1
DA:91,1
DA:95,1
DA:99,1
DA:100,1
DA:105,2
DA:127,1
DA:128,1
DA:132,2
DA:133,1
DA:138,3
DA:142,1
DA:162,1
DA:166,3
DA:175,3
DA:176,1
DA:179,2
DA:180,2
DA:181,1
DA:184,1
DA:185,1
DA:190,3
DA:194,33
DA:195,33
DA:196,33
DA:197,32
DA:199,1
DA:204,30
DA:208,30
DA:212,5
DA:214,5
DA:227,5
DA:231,4
DA:233,4
DA:237,4
DA:238,1
DA:241,3
DA:242,1
DA:244,1
DA:245,1
DA:246,0
DA:252,32
DA:253,2
DA:254,1
LF:75
LH:74
BRDA:74,0,0,1
BRDA:74,0,1,2
BRDA:74,1,0,3
BRDA:74,1,1,3
BRDA:81,2,0,1
BRDA:85,3,0,0
BRDA:85,3,1,1
BRDA:85,4,0,1
BRDA:85,4,1,1
BRDA:128,5,0,1
BRDA:128,5,1,0
BRDA:128,6,0,1
BRDA:128,6,1,1
BRDA:132,7,0,1
BRDA:175,8,0,1
BRDA:180,9,0,1
BRDA:196,10,0,32
BRDA:233,11,0,0
BRDA:233,11,1,4
BRDA:233,12,0,4
BRDA:233,12,1,4
BRDA:237,13,0,1
BRDA:253,14,0,1
BRF:23
BRH:20
end_of_record
TN:
SF:apps\l4l-municipality\src\app\pages\profile-page\profile-page.component.ts
FN:25,(anonymous_0)
FN:34,(anonymous_1)
FN:38,(anonymous_2)
FN:43,(anonymous_3)
FN:47,(anonymous_4)
FN:55,(anonymous_5)
FN:63,(anonymous_6)
FN:69,(anonymous_7)
FN:74,(anonymous_8)
FN:114,(anonymous_9)
FN:115,(anonymous_10)
FN:120,(anonymous_11)
FN:121,(anonymous_12)
FN:129,(anonymous_13)
FN:130,(anonymous_14)
FN:139,(anonymous_15)
FNF:16
FNH:16
FNDA:15,(anonymous_0)
FNDA:30,(anonymous_1)
FNDA:17,(anonymous_2)
FNDA:16,(anonymous_3)
FNDA:5,(anonymous_4)
FNDA:2,(anonymous_5)
FNDA:2,(anonymous_6)
FNDA:1,(anonymous_7)
FNDA:2,(anonymous_8)
FNDA:1,(anonymous_9)
FNDA:1,(anonymous_10)
FNDA:1,(anonymous_11)
FNDA:2,(anonymous_12)
FNDA:22,(anonymous_13)
FNDA:22,(anonymous_14)
FNDA:17,(anonymous_15)
DA:1,16
DA:2,16
DA:12,16
DA:13,16
DA:14,16
DA:15,16
DA:17,16
DA:25,16
DA:26,15
DA:27,15
DA:28,15
DA:29,15
DA:30,15
DA:35,30
DA:39,17
DA:40,17
DA:44,16
DA:48,5
DA:56,2
DA:57,1
DA:59,1
DA:64,2
DA:65,2
DA:66,2
DA:70,1
DA:71,1
DA:75,2
DA:115,1
DA:116,1
DA:121,2
DA:126,1
DA:130,22
DA:131,22
DA:132,22
DA:133,21
DA:135,1
DA:140,17
DA:145,17
LF:38
LH:38
BRDA:48,0,0,1
BRDA:48,0,1,4
BRDA:48,1,0,5
BRDA:48,1,1,5
BRDA:56,2,0,1
BRDA:71,3,0,1
BRDA:71,3,1,0
BRDA:71,4,0,1
BRDA:71,4,1,1
BRDA:132,5,0,21
BRF:10
BRH:9
end_of_record
TN:
SF:apps\l4l-municipality\src\app\pages\user-management\user-management.component.ts
FN:24,(anonymous_0)
FN:33,(anonymous_1)
FN:38,(anonymous_2)
FN:42,(anonymous_3)
FN:46,(anonymous_4)
FN:47,(anonymous_5)
FN:52,(anonymous_6)
FN:59,(anonymous_7)
FN:66,(anonymous_8)
FN:71,(anonymous_9)
FN:80,(anonymous_10)
FN:81,(anonymous_11)
FN:90,(anonymous_12)
FN:95,(anonymous_13)
FN:105,(anonymous_14)
FN:106,(anonymous_15)
FNF:16
FNH:16
FNDA:14,(anonymous_0)
FNDA:16,(anonymous_1)
FNDA:15,(anonymous_2)
FNDA:56,(anonymous_3)
FNDA:2,(anonymous_4)
FNDA:2,(anonymous_5)
FNDA:2,(anonymous_6)
FNDA:1,(anonymous_7)
FNDA:2,(anonymous_8)
FNDA:16,(anonymous_9)
FNDA:18,(anonymous_10)
FNDA:18,(anonymous_11)
FNDA:2,(anonymous_12)
FNDA:3,(anonymous_13)
FNDA:3,(anonymous_14)
FNDA:2,(anonymous_15)
DA:1,16
DA:2,16
DA:11,16
DA:12,16
DA:13,16
DA:14,16
DA:16,16
DA:24,16
DA:27,14
DA:28,14
DA:29,14
DA:30,14
DA:31,14
DA:34,16
DA:35,16
DA:39,15
DA:43,56
DA:47,2
DA:48,2
DA:53,2
DA:60,1
DA:61,1
DA:67,2
DA:68,2
DA:72,16
DA:77,16
DA:81,18
DA:82,18
DA:83,18
DA:84,17
DA:86,1
DA:91,2
DA:92,2
DA:96,3
DA:106,3
DA:111,3
LF:36
LH:36
BRDA:53,0,0,1
BRDA:53,0,1,1
BRDA:53,1,0,2
BRDA:53,1,1,2
BRDA:60,2,0,1
BRDA:83,3,0,17
BRDA:92,4,0,1
BRDA:92,4,1,1
BRDA:92,5,0,2
BRDA:92,5,1,2
BRF:10
BRH:10
end_of_record
