{"C:\\Work\\Local4Local\\mobile\\Local4Local\\app\\assets\\background-element.png": {"path":"C:\\Work\\Local4Local\\mobile\\Local4Local\\app\\assets\\background-element.png","statementMap":{"0":{"start":{"line":1,"column":0},"end":{"line":4,"column":6}}},"fnMap":{},"branchMap":{},"s":{"0":4},"f":{},"b":{},"_coverageSchema":"1a1c01bbd47fc00a2c39e90264f33305004495a9","hash":"1a764b2e175f9eb2cbae84e4099d5746849edc47"}
,"C:\\Work\\Local4Local\\mobile\\Local4Local\\app\\assets\\exclamation-danger.svg": {"path":"C:\\Work\\Local4Local\\mobile\\Local4Local\\app\\assets\\exclamation-danger.svg","statementMap":{"0":{"start":{"line":1,"column":0},"end":{"line":4,"column":6}}},"fnMap":{},"branchMap":{},"s":{"0":1},"f":{},"b":{},"_coverageSchema":"1a1c01bbd47fc00a2c39e90264f33305004495a9","hash":"e66cf743f4208b1d59d506afd4433e93e31af901"}
,"C:\\Work\\Local4Local\\mobile\\Local4Local\\app\\assets\\icons\\check-circle_b.svg": {"path":"C:\\Work\\Local4Local\\mobile\\Local4Local\\app\\assets\\icons\\check-circle_b.svg","statementMap":{"0":{"start":{"line":1,"column":0},"end":{"line":4,"column":6}}},"fnMap":{},"branchMap":{},"s":{"0":2},"f":{},"b":{},"_coverageSchema":"1a1c01bbd47fc00a2c39e90264f33305004495a9","hash":"68ab02b001375c801e07bdc0ebe26bed16a388b5"}
,"C:\\Work\\Local4Local\\mobile\\Local4Local\\app\\assets\\icons\\chevron-large-left_r.svg": {"path":"C:\\Work\\Local4Local\\mobile\\Local4Local\\app\\assets\\icons\\chevron-large-left_r.svg","statementMap":{"0":{"start":{"line":1,"column":0},"end":{"line":4,"column":6}}},"fnMap":{},"branchMap":{},"s":{"0":1},"f":{},"b":{},"_coverageSchema":"1a1c01bbd47fc00a2c39e90264f33305004495a9","hash":"90c32ce7d404d5105583dac845632fef8a169af9"}
,"C:\\Work\\Local4Local\\mobile\\Local4Local\\app\\assets\\icons\\chevron-large-right_r.svg": {"path":"C:\\Work\\Local4Local\\mobile\\Local4Local\\app\\assets\\icons\\chevron-large-right_r.svg","statementMap":{"0":{"start":{"line":1,"column":0},"end":{"line":4,"column":6}}},"fnMap":{},"branchMap":{},"s":{"0":1},"f":{},"b":{},"_coverageSchema":"1a1c01bbd47fc00a2c39e90264f33305004495a9","hash":"5966fb66c7b24052732494f3ea106a0d893665c3"}
,"C:\\Work\\Local4Local\\mobile\\Local4Local\\app\\assets\\icons\\clock_b.svg": {"path":"C:\\Work\\Local4Local\\mobile\\Local4Local\\app\\assets\\icons\\clock_b.svg","statementMap":{"0":{"start":{"line":1,"column":0},"end":{"line":4,"column":6}}},"fnMap":{},"branchMap":{},"s":{"0":1},"f":{},"b":{},"_coverageSchema":"1a1c01bbd47fc00a2c39e90264f33305004495a9","hash":"f60143e33bf33ee46d40619b745a2b7b458681bd"}
,"C:\\Work\\Local4Local\\mobile\\Local4Local\\app\\assets\\icons\\close.svg": {"path":"C:\\Work\\Local4Local\\mobile\\Local4Local\\app\\assets\\icons\\close.svg","statementMap":{"0":{"start":{"line":1,"column":0},"end":{"line":4,"column":6}}},"fnMap":{},"branchMap":{},"s":{"0":1},"f":{},"b":{},"_coverageSchema":"1a1c01bbd47fc00a2c39e90264f33305004495a9","hash":"de8e0133e427c3aa0bd67954b3e241f931f5a77b"}
,"C:\\Work\\Local4Local\\mobile\\Local4Local\\app\\assets\\icons\\coins.svg": {"path":"C:\\Work\\Local4Local\\mobile\\Local4Local\\app\\assets\\icons\\coins.svg","statementMap":{"0":{"start":{"line":1,"column":0},"end":{"line":4,"column":6}}},"fnMap":{},"branchMap":{},"s":{"0":1},"f":{},"b":{},"_coverageSchema":"1a1c01bbd47fc00a2c39e90264f33305004495a9","hash":"880b6165b5984e7f896324df5f3551365bcc0658"}
,"C:\\Work\\Local4Local\\mobile\\Local4Local\\app\\assets\\icons\\directions_walk.svg": {"path":"C:\\Work\\Local4Local\\mobile\\Local4Local\\app\\assets\\icons\\directions_walk.svg","statementMap":{"0":{"start":{"line":1,"column":0},"end":{"line":4,"column":6}}},"fnMap":{},"branchMap":{},"s":{"0":1},"f":{},"b":{},"_coverageSchema":"1a1c01bbd47fc00a2c39e90264f33305004495a9","hash":"d782fc00481863fa3e11d12c53cee0c6e8c4fde5"}
,"C:\\Work\\Local4Local\\mobile\\Local4Local\\app\\assets\\icons\\euro-coin_b.svg": {"path":"C:\\Work\\Local4Local\\mobile\\Local4Local\\app\\assets\\icons\\euro-coin_b.svg","statementMap":{"0":{"start":{"line":1,"column":0},"end":{"line":4,"column":6}}},"fnMap":{},"branchMap":{},"s":{"0":1},"f":{},"b":{},"_coverageSchema":"1a1c01bbd47fc00a2c39e90264f33305004495a9","hash":"79f892e942cd8c4d57c229d5fd35b9d54f0e3a60"}
,"C:\\Work\\Local4Local\\mobile\\Local4Local\\app\\assets\\icons\\exclamation-circle_b.svg": {"path":"C:\\Work\\Local4Local\\mobile\\Local4Local\\app\\assets\\icons\\exclamation-circle_b.svg","statementMap":{"0":{"start":{"line":1,"column":0},"end":{"line":4,"column":6}}},"fnMap":{},"branchMap":{},"s":{"0":2},"f":{},"b":{},"_coverageSchema":"1a1c01bbd47fc00a2c39e90264f33305004495a9","hash":"b1b030e52d89db50ac99f8fc0e8c4828a920a7ed"}
,"C:\\Work\\Local4Local\\mobile\\Local4Local\\app\\assets\\icons\\exclamation-triangle_b.svg": {"path":"C:\\Work\\Local4Local\\mobile\\Local4Local\\app\\assets\\icons\\exclamation-triangle_b.svg","statementMap":{"0":{"start":{"line":1,"column":0},"end":{"line":4,"column":6}}},"fnMap":{},"branchMap":{},"s":{"0":2},"f":{},"b":{},"_coverageSchema":"1a1c01bbd47fc00a2c39e90264f33305004495a9","hash":"ae162183dfb6f9d94c86925c7f8be061f11d4385"}
,"C:\\Work\\Local4Local\\mobile\\Local4Local\\app\\assets\\icons\\flag-en.svg": {"path":"C:\\Work\\Local4Local\\mobile\\Local4Local\\app\\assets\\icons\\flag-en.svg","statementMap":{"0":{"start":{"line":1,"column":0},"end":{"line":4,"column":6}}},"fnMap":{},"branchMap":{},"s":{"0":1},"f":{},"b":{},"_coverageSchema":"1a1c01bbd47fc00a2c39e90264f33305004495a9","hash":"8b1c392822e6d6d99f23ccd9bc9cda609ff1e3b8"}
,"C:\\Work\\Local4Local\\mobile\\Local4Local\\app\\assets\\icons\\flag-nl.svg": {"path":"C:\\Work\\Local4Local\\mobile\\Local4Local\\app\\assets\\icons\\flag-nl.svg","statementMap":{"0":{"start":{"line":1,"column":0},"end":{"line":4,"column":6}}},"fnMap":{},"branchMap":{},"s":{"0":1},"f":{},"b":{},"_coverageSchema":"1a1c01bbd47fc00a2c39e90264f33305004495a9","hash":"2329fed1442d6c108cd2d25139cc14c86aef4f2a"}
,"C:\\Work\\Local4Local\\mobile\\Local4Local\\app\\assets\\icons\\hand-euro-coin_b.svg": {"path":"C:\\Work\\Local4Local\\mobile\\Local4Local\\app\\assets\\icons\\hand-euro-coin_b.svg","statementMap":{"0":{"start":{"line":1,"column":0},"end":{"line":4,"column":6}}},"fnMap":{},"branchMap":{},"s":{"0":1},"f":{},"b":{},"_coverageSchema":"1a1c01bbd47fc00a2c39e90264f33305004495a9","hash":"62f35e2bf75a475289b1b46b653cb455978ac7bf"}
,"C:\\Work\\Local4Local\\mobile\\Local4Local\\app\\assets\\icons\\image_b.svg": {"path":"C:\\Work\\Local4Local\\mobile\\Local4Local\\app\\assets\\icons\\image_b.svg","statementMap":{"0":{"start":{"line":1,"column":0},"end":{"line":4,"column":6}}},"fnMap":{},"branchMap":{},"s":{"0":1},"f":{},"b":{},"_coverageSchema":"1a1c01bbd47fc00a2c39e90264f33305004495a9","hash":"f63ee0423819564b777709d5a4cd637af7fab684"}
,"C:\\Work\\Local4Local\\mobile\\Local4Local\\app\\assets\\icons\\info-circle_b.svg": {"path":"C:\\Work\\Local4Local\\mobile\\Local4Local\\app\\assets\\icons\\info-circle_b.svg","statementMap":{"0":{"start":{"line":1,"column":0},"end":{"line":4,"column":6}}},"fnMap":{},"branchMap":{},"s":{"0":2},"f":{},"b":{},"_coverageSchema":"1a1c01bbd47fc00a2c39e90264f33305004495a9","hash":"bfc6f2bfb1a12bc57938c9747e8f8f8202f5991d"}
,"C:\\Work\\Local4Local\\mobile\\Local4Local\\app\\assets\\icons\\map-pin_b.svg": {"path":"C:\\Work\\Local4Local\\mobile\\Local4Local\\app\\assets\\icons\\map-pin_b.svg","statementMap":{"0":{"start":{"line":1,"column":0},"end":{"line":4,"column":6}}},"fnMap":{},"branchMap":{},"s":{"0":1},"f":{},"b":{},"_coverageSchema":"1a1c01bbd47fc00a2c39e90264f33305004495a9","hash":"b51c1ee7197ec5c470713db482a49409ba12e975"}
,"C:\\Work\\Local4Local\\mobile\\Local4Local\\app\\assets\\icons\\percent_b.svg": {"path":"C:\\Work\\Local4Local\\mobile\\Local4Local\\app\\assets\\icons\\percent_b.svg","statementMap":{"0":{"start":{"line":1,"column":0},"end":{"line":4,"column":6}}},"fnMap":{},"branchMap":{},"s":{"0":1},"f":{},"b":{},"_coverageSchema":"1a1c01bbd47fc00a2c39e90264f33305004495a9","hash":"d42805368ecdf9e35cdbe144bb2b51679d64bebf"}
,"C:\\Work\\Local4Local\\mobile\\Local4Local\\app\\assets\\icons\\plus_eb.svg": {"path":"C:\\Work\\Local4Local\\mobile\\Local4Local\\app\\assets\\icons\\plus_eb.svg","statementMap":{"0":{"start":{"line":1,"column":0},"end":{"line":4,"column":6}}},"fnMap":{},"branchMap":{},"s":{"0":1},"f":{},"b":{},"_coverageSchema":"1a1c01bbd47fc00a2c39e90264f33305004495a9","hash":"b1b634e8951953003a3ada64e73f0f5feaf56ee6"}
,"C:\\Work\\Local4Local\\mobile\\Local4Local\\app\\assets\\markers\\bogo.png": {"path":"C:\\Work\\Local4Local\\mobile\\Local4Local\\app\\assets\\markers\\bogo.png","statementMap":{"0":{"start":{"line":1,"column":0},"end":{"line":4,"column":6}}},"fnMap":{},"branchMap":{},"s":{"0":8},"f":{},"b":{},"_coverageSchema":"1a1c01bbd47fc00a2c39e90264f33305004495a9","hash":"7ed5df281b7c10563dc50eb5d52811affc68569f"}
,"C:\\Work\\Local4Local\\mobile\\Local4Local\\app\\assets\\markers\\cash.png": {"path":"C:\\Work\\Local4Local\\mobile\\Local4Local\\app\\assets\\markers\\cash.png","statementMap":{"0":{"start":{"line":1,"column":0},"end":{"line":4,"column":6}}},"fnMap":{},"branchMap":{},"s":{"0":8},"f":{},"b":{},"_coverageSchema":"1a1c01bbd47fc00a2c39e90264f33305004495a9","hash":"9b2dec1d5b8926d789bd1a49d33775aeaf9cc6c7"}
,"C:\\Work\\Local4Local\\mobile\\Local4Local\\app\\assets\\markers\\grant.png": {"path":"C:\\Work\\Local4Local\\mobile\\Local4Local\\app\\assets\\markers\\grant.png","statementMap":{"0":{"start":{"line":1,"column":0},"end":{"line":4,"column":6}}},"fnMap":{},"branchMap":{},"s":{"0":8},"f":{},"b":{},"_coverageSchema":"1a1c01bbd47fc00a2c39e90264f33305004495a9","hash":"c181ff0d26c32d90d2f757f8b6a1f48e9804629d"}
,"C:\\Work\\Local4Local\\mobile\\Local4Local\\app\\assets\\markers\\other.png": {"path":"C:\\Work\\Local4Local\\mobile\\Local4Local\\app\\assets\\markers\\other.png","statementMap":{"0":{"start":{"line":1,"column":0},"end":{"line":4,"column":6}}},"fnMap":{},"branchMap":{},"s":{"0":8},"f":{},"b":{},"_coverageSchema":"1a1c01bbd47fc00a2c39e90264f33305004495a9","hash":"018f208532edb494604422853399d29b295e64a6"}
,"C:\\Work\\Local4Local\\mobile\\Local4Local\\app\\assets\\markers\\percentage.png": {"path":"C:\\Work\\Local4Local\\mobile\\Local4Local\\app\\assets\\markers\\percentage.png","statementMap":{"0":{"start":{"line":1,"column":0},"end":{"line":4,"column":6}}},"fnMap":{},"branchMap":{},"s":{"0":8},"f":{},"b":{},"_coverageSchema":"1a1c01bbd47fc00a2c39e90264f33305004495a9","hash":"9965581d08c53cad80c026f27b06eeab50ad0d01"}
,"C:\\Work\\Local4Local\\mobile\\Local4Local\\app\\assets\\markers\\seasonal.png": {"path":"C:\\Work\\Local4Local\\mobile\\Local4Local\\app\\assets\\markers\\seasonal.png","statementMap":{"0":{"start":{"line":1,"column":0},"end":{"line":4,"column":6}}},"fnMap":{},"branchMap":{},"s":{"0":8},"f":{},"b":{},"_coverageSchema":"1a1c01bbd47fc00a2c39e90264f33305004495a9","hash":"404b4fef91d6984477393e2942d1d2085135b37b"}
,"C:\\Work\\Local4Local\\mobile\\Local4Local\\app\\common-style\\CommonStyle.tsx": {"path":"C:\\Work\\Local4Local\\mobile\\Local4Local\\app\\common-style\\CommonStyle.tsx","statementMap":{"0":{"start":{"line":1,"column":0},"end":{"line":1,"column":40}},"1":{"start":{"line":2,"column":0},"end":{"line":2,"column":33}},"2":{"start":{"line":4,"column":15},"end":{"line":20,"column":2}},"3":{"start":{"line":22,"column":0},"end":{"line":22,"column":22}}},"fnMap":{},"branchMap":{},"s":{"0":8,"1":8,"2":8,"3":8},"f":{},"b":{}}
,"C:\\Work\\Local4Local\\mobile\\Local4Local\\app\\common-style\\FontFamily.tsx": {"path":"C:\\Work\\Local4Local\\mobile\\Local4Local\\app\\common-style\\FontFamily.tsx","statementMap":{"0":{"start":{"line":1,"column":13},"end":{"line":1,"column":42}},"1":{"start":{"line":2,"column":13},"end":{"line":2,"column":40}},"2":{"start":{"line":3,"column":13},"end":{"line":3,"column":40}},"3":{"start":{"line":4,"column":13},"end":{"line":4,"column":53}},"4":{"start":{"line":5,"column":13},"end":{"line":5,"column":45}},"5":{"start":{"line":6,"column":13},"end":{"line":6,"column":58}},"6":{"start":{"line":7,"column":13},"end":{"line":7,"column":36}},"7":{"start":{"line":8,"column":13},"end":{"line":8,"column":49}}},"fnMap":{},"branchMap":{},"s":{"0":21,"1":21,"2":21,"3":21,"4":21,"5":21,"6":21,"7":21},"f":{},"b":{}}
,"C:\\Work\\Local4Local\\mobile\\Local4Local\\app\\common-style\\Palette.tsx": {"path":"C:\\Work\\Local4Local\\mobile\\Local4Local\\app\\common-style\\Palette.tsx","statementMap":{"0":{"start":{"line":1,"column":13},"end":{"line":35,"column":2}}},"fnMap":{},"branchMap":{},"s":{"0":32},"f":{},"b":{}}
,"C:\\Work\\Local4Local\\mobile\\Local4Local\\app\\components\\auth-header\\AuthHeader.tsx": {"path":"C:\\Work\\Local4Local\\mobile\\Local4Local\\app\\components\\auth-header\\AuthHeader.tsx","statementMap":{"0":{"start":{"line":1,"column":0},"end":{"line":1,"column":34}},"1":{"start":{"line":2,"column":0},"end":{"line":2,"column":40}},"2":{"start":{"line":3,"column":0},"end":{"line":3,"column":27}},"3":{"start":{"line":4,"column":0},"end":{"line":4,"column":39}},"4":{"start":{"line":5,"column":0},"end":{"line":5,"column":47}},"5":{"start":{"line":8,"column":15},"end":{"line":8,"column":39}},"6":{"start":{"line":10,"column":1},"end":{"line":16,"column":3}},"7":{"start":{"line":19,"column":0},"end":{"line":19,"column":32}}},"fnMap":{"0":{"name":"AuthHeader","decl":{"start":{"line":7,"column":9},"end":{"line":7,"column":19}},"loc":{"start":{"line":7,"column":45},"end":{"line":17,"column":1}}}},"branchMap":{},"s":{"0":1,"1":1,"2":1,"3":1,"4":1,"5":1,"6":1,"7":1},"f":{"0":1},"b":{}}
,"C:\\Work\\Local4Local\\mobile\\Local4Local\\app\\components\\auth-header\\AuthHeaderStyle.tsx": {"path":"C:\\Work\\Local4Local\\mobile\\Local4Local\\app\\components\\auth-header\\AuthHeaderStyle.tsx","statementMap":{"0":{"start":{"line":1,"column":0},"end":{"line":1,"column":40}},"1":{"start":{"line":2,"column":0},"end":{"line":2,"column":50}},"2":{"start":{"line":5,"column":15},"end":{"line":19,"column":2}},"3":{"start":{"line":21,"column":0},"end":{"line":21,"column":22}}},"fnMap":{},"branchMap":{},"s":{"0":1,"1":1,"2":1,"3":1},"f":{},"b":{}}
,"C:\\Work\\Local4Local\\mobile\\Local4Local\\app\\components\\button-with-arrow\\ButtonWithArrow.tsx": {"path":"C:\\Work\\Local4Local\\mobile\\Local4Local\\app\\components\\button-with-arrow\\ButtonWithArrow.tsx","statementMap":{"0":{"start":{"line":1,"column":0},"end":{"line":1,"column":48}},"1":{"start":{"line":2,"column":0},"end":{"line":2,"column":44}},"2":{"start":{"line":3,"column":0},"end":{"line":3,"column":47}},"3":{"start":{"line":4,"column":0},"end":{"line":4,"column":80}},"4":{"start":{"line":5,"column":0},"end":{"line":5,"column":54}},"5":{"start":{"line":6,"column":0},"end":{"line":6,"column":52}},"6":{"start":{"line":10,"column":15},"end":{"line":10,"column":39}},"7":{"start":{"line":12,"column":1},"end":{"line":26,"column":3}},"8":{"start":{"line":8,"column":0},"end":{"line":8,"column":24}}},"fnMap":{"0":{"name":"ButtonWithArrow","decl":{"start":{"line":8,"column":24},"end":{"line":8,"column":39}},"loc":{"start":{"line":8,"column":86},"end":{"line":27,"column":1}}}},"branchMap":{"0":{"loc":{"start":{"line":15,"column":5},"end":{"line":18,"column":null}},"type":"binary-expr","locations":[{"start":{"line":15,"column":5},"end":{"line":15,"column":9}},{"start":{"line":15,"column":13},"end":{"line":18,"column":null}}]}},"s":{"0":2,"1":2,"2":2,"3":2,"4":2,"5":2,"6":16,"7":16,"8":2},"f":{"0":16},"b":{"0":[16,12]}}
,"C:\\Work\\Local4Local\\mobile\\Local4Local\\app\\components\\button-with-arrow\\ButtonWithArrowStyle.tsx": {"path":"C:\\Work\\Local4Local\\mobile\\Local4Local\\app\\components\\button-with-arrow\\ButtonWithArrowStyle.tsx","statementMap":{"0":{"start":{"line":1,"column":0},"end":{"line":1,"column":42}},"1":{"start":{"line":2,"column":0},"end":{"line":2,"column":52}},"2":{"start":{"line":5,"column":15},"end":{"line":25,"column":2}},"3":{"start":{"line":27,"column":0},"end":{"line":27,"column":22}}},"fnMap":{},"branchMap":{},"s":{"0":2,"1":2,"2":2,"3":2},"f":{},"b":{}}
,"C:\\Work\\Local4Local\\mobile\\Local4Local\\app\\components\\customMarker\\CustomMarker.tsx": {"path":"C:\\Work\\Local4Local\\mobile\\Local4Local\\app\\components\\customMarker\\CustomMarker.tsx","statementMap":{"0":{"start":{"line":1,"column":0},"end":{"line":1,"column":43}},"1":{"start":{"line":2,"column":0},"end":{"line":2,"column":67}},"2":{"start":{"line":3,"column":0},"end":{"line":3,"column":35}},"3":{"start":{"line":4,"column":0},"end":{"line":4,"column":62}},"4":{"start":{"line":6,"column":0},"end":{"line":6,"column":55}},"5":{"start":{"line":7,"column":0},"end":{"line":7,"column":76}},"6":{"start":{"line":9,"column":0},"end":{"line":9,"column":42}},"7":{"start":{"line":10,"column":0},"end":{"line":10,"column":41}},"8":{"start":{"line":11,"column":0},"end":{"line":11,"column":36}},"9":{"start":{"line":20,"column":22},"end":{"line":20,"column":49}},"10":{"start":{"line":21,"column":27},"end":{"line":21,"column":51}},"11":{"start":{"line":23,"column":22},"end":{"line":35,"column":2}},"12":{"start":{"line":24,"column":2},"end":{"line":34,"column":null}},"13":{"start":{"line":25,"column":3},"end":{"line":27,"column":null}},"14":{"start":{"line":26,"column":4},"end":{"line":26,"column":11}},"15":{"start":{"line":29,"column":17},"end":{"line":29,"column":153}},"16":{"start":{"line":30,"column":3},"end":{"line":30,"column":16}},"17":{"start":{"line":32,"column":3},"end":{"line":32,"column":24}},"18":{"start":{"line":33,"column":3},"end":{"line":33,"column":15}},"19":{"start":{"line":37,"column":27},"end":{"line":43,"column":2}},"20":{"start":{"line":38,"column":2},"end":{"line":41,"column":null}},"21":{"start":{"line":39,"column":3},"end":{"line":39,"column":33}},"22":{"start":{"line":40,"column":3},"end":{"line":40,"column":10}},"23":{"start":{"line":42,"column":2},"end":{"line":42,"column":null}},"24":{"start":{"line":45,"column":37},"end":{"line":54,"column":2}},"25":{"start":{"line":46,"column":16},"end":{"line":46,"column":36}},"26":{"start":{"line":48,"column":2},"end":{"line":53,"column":null}},"27":{"start":{"line":49,"column":3},"end":{"line":49,"column":65}},"28":{"start":{"line":51,"column":20},"end":{"line":51,"column":55}},"29":{"start":{"line":52,"column":3},"end":{"line":52,"column":27}},"30":{"start":{"line":56,"column":37},"end":{"line":58,"column":2}},"31":{"start":{"line":57,"column":2},"end":{"line":57,"column":34}},"32":{"start":{"line":60,"column":1},"end":{"line":78,"column":3}},"33":{"start":{"line":18,"column":0},"end":{"line":18,"column":24}}},"fnMap":{"0":{"name":"CustomMarker","decl":{"start":{"line":18,"column":24},"end":{"line":18,"column":36}},"loc":{"start":{"line":18,"column":61},"end":{"line":79,"column":1}}},"1":{"name":"(anonymous_2)","decl":{"start":{"line":23,"column":22},"end":{"line":23,"column":27}},"loc":{"start":{"line":23,"column":33},"end":{"line":35,"column":2}}},"2":{"name":"(anonymous_3)","decl":{"start":{"line":37,"column":27},"end":{"line":37,"column":32}},"loc":{"start":{"line":37,"column":38},"end":{"line":43,"column":2}}},"3":{"name":"(anonymous_4)","decl":{"start":{"line":45,"column":37},"end":{"line":45,"column":42}},"loc":{"start":{"line":45,"column":48},"end":{"line":54,"column":2}}},"4":{"name":"(anonymous_5)","decl":{"start":{"line":56,"column":37},"end":{"line":56,"column":42}},"loc":{"start":{"line":56,"column":48},"end":{"line":58,"column":2}}}},"branchMap":{"0":{"loc":{"start":{"line":25,"column":3},"end":{"line":27,"column":null}},"type":"if","locations":[{"start":{"line":25,"column":3},"end":{"line":27,"column":null}}]},"1":{"loc":{"start":{"line":38,"column":2},"end":{"line":41,"column":null}},"type":"if","locations":[{"start":{"line":38,"column":2},"end":{"line":41,"column":null}}]},"2":{"loc":{"start":{"line":48,"column":2},"end":{"line":53,"column":null}},"type":"if","locations":[{"start":{"line":48,"column":2},"end":{"line":53,"column":null}}]},"3":{"loc":{"start":{"line":61,"column":2},"end":{"line":76,"column":null}},"type":"cond-expr","locations":[{"start":{"line":62,"column":3},"end":{"line":63,"column":null}},{"start":{"line":72,"column":3},"end":{"line":76,"column":null}}]}},"s":{"0":2,"1":2,"2":2,"3":2,"4":2,"5":2,"6":2,"7":2,"8":2,"9":5,"10":4,"11":4,"12":2,"13":2,"14":0,"15":2,"16":1,"17":1,"18":1,"19":4,"20":2,"21":2,"22":2,"23":0,"24":4,"25":2,"26":2,"27":1,"28":1,"29":1,"30":4,"31":0,"32":4,"33":2},"f":{"0":5,"1":2,"2":2,"3":2,"4":0},"b":{"0":[0],"1":[2],"2":[1],"3":[3,1]}}
,"C:\\Work\\Local4Local\\mobile\\Local4Local\\app\\components\\customMarker\\CustomMarkerStyle.tsx": {"path":"C:\\Work\\Local4Local\\mobile\\Local4Local\\app\\components\\customMarker\\CustomMarkerStyle.tsx","statementMap":{"0":{"start":{"line":1,"column":0},"end":{"line":1,"column":41}},"1":{"start":{"line":2,"column":0},"end":{"line":2,"column":52}},"2":{"start":{"line":4,"column":15},"end":{"line":17,"column":2}},"3":{"start":{"line":18,"column":0},"end":{"line":18,"column":22}}},"fnMap":{},"branchMap":{},"s":{"0":2,"1":2,"2":2,"3":2},"f":{},"b":{}}
,"C:\\Work\\Local4Local\\mobile\\Local4Local\\app\\components\\error-toaster\\CustomToaster.tsx": {"path":"C:\\Work\\Local4Local\\mobile\\Local4Local\\app\\components\\error-toaster\\CustomToaster.tsx","statementMap":{"0":{"start":{"line":1,"column":0},"end":{"line":1,"column":42}},"1":{"start":{"line":2,"column":0},"end":{"line":2,"column":42}},"2":{"start":{"line":4,"column":0},"end":{"line":4,"column":48}},"3":{"start":{"line":5,"column":0},"end":{"line":5,"column":52}},"4":{"start":{"line":19,"column":41},"end":{"line":24,"column":2}},"5":{"start":{"line":26,"column":49},"end":{"line":55,"column":1}},"6":{"start":{"line":27,"column":45},"end":{"line":40,"column":6}},"7":{"start":{"line":42,"column":26},"end":{"line":42,"column":50}},"8":{"start":{"line":44,"column":4},"end":{"line":54,"column":6}},"9":{"start":{"line":57,"column":37},"end":{"line":59,"column":1}},"10":{"start":{"line":58,"column":4},"end":{"line":58,"column":105}},"11":{"start":{"line":61,"column":0},"end":{"line":61,"column":29}}},"fnMap":{"0":{"name":"(anonymous_1)","decl":{"start":{"line":26,"column":49},"end":{"line":26,"column":50}},"loc":{"start":{"line":26,"column":87},"end":{"line":55,"column":1}}},"1":{"name":"(anonymous_2)","decl":{"start":{"line":57,"column":37},"end":{"line":57,"column":38}},"loc":{"start":{"line":57,"column":71},"end":{"line":59,"column":1}}}},"branchMap":{"0":{"loc":{"start":{"line":47,"column":17},"end":{"line":47,"column":85}},"type":"binary-expr","locations":[{"start":{"line":47,"column":17},"end":{"line":47,"column":30}},{"start":{"line":47,"column":34},"end":{"line":47,"column":85}}]},"1":{"loc":{"start":{"line":58,"column":11},"end":{"line":58,"column":104}},"type":"cond-expr","locations":[{"start":{"line":58,"column":27},"end":{"line":58,"column":97}},{"start":{"line":58,"column":100},"end":{"line":58,"column":104}}]}},"s":{"0":2,"1":2,"2":2,"3":2,"4":2,"5":2,"6":9,"7":9,"8":9,"9":2,"10":0,"11":2},"f":{"0":9,"1":0},"b":{"0":[9,0],"1":[0,0]}}
,"C:\\Work\\Local4Local\\mobile\\Local4Local\\app\\components\\error-toaster\\CustomToasterStyle.tsx": {"path":"C:\\Work\\Local4Local\\mobile\\Local4Local\\app\\components\\error-toaster\\CustomToasterStyle.tsx","statementMap":{"0":{"start":{"line":1,"column":0},"end":{"line":1,"column":42}},"1":{"start":{"line":2,"column":0},"end":{"line":2,"column":52}},"2":{"start":{"line":4,"column":15},"end":{"line":38,"column":2}},"3":{"start":{"line":40,"column":0},"end":{"line":40,"column":22}}},"fnMap":{},"branchMap":{},"s":{"0":2,"1":2,"2":2,"3":2},"f":{},"b":{}}
,"C:\\Work\\Local4Local\\mobile\\Local4Local\\app\\components\\generic-accordion\\GenericAccordion.tsx": {"path":"C:\\Work\\Local4Local\\mobile\\Local4Local\\app\\components\\generic-accordion\\GenericAccordion.tsx","statementMap":{"0":{"start":{"line":1,"column":0},"end":{"line":1,"column":45}},"1":{"start":{"line":2,"column":0},"end":{"line":2,"column":42}},"2":{"start":{"line":3,"column":0},"end":{"line":3,"column":60}},"3":{"start":{"line":4,"column":0},"end":{"line":4,"column":52}},"4":{"start":{"line":5,"column":0},"end":{"line":5,"column":33}},"5":{"start":{"line":9,"column":33},"end":{"line":9,"column":48}},"6":{"start":{"line":11,"column":14},"end":{"line":11,"column":63}},"7":{"start":{"line":13,"column":20},"end":{"line":13,"column":48}},"8":{"start":{"line":13,"column":26},"end":{"line":13,"column":48}},"9":{"start":{"line":15,"column":1},"end":{"line":24,"column":3}},"10":{"start":{"line":7,"column":0},"end":{"line":7,"column":24}}},"fnMap":{"0":{"name":"GenericAccordion","decl":{"start":{"line":7,"column":24},"end":{"line":7,"column":40}},"loc":{"start":{"line":7,"column":65},"end":{"line":26,"column":1}}},"1":{"name":"(anonymous_2)","decl":{"start":{"line":13,"column":20},"end":{"line":13,"column":23}},"loc":{"start":{"line":13,"column":26},"end":{"line":13,"column":48}}}},"branchMap":{"0":{"loc":{"start":{"line":19,"column":18},"end":{"line":19,"column":58}},"type":"cond-expr","locations":[{"start":{"line":19,"column":29},"end":{"line":19,"column":41}},{"start":{"line":19,"column":44},"end":{"line":19,"column":58}}]},"1":{"loc":{"start":{"line":22,"column":4},"end":{"line":22,"column":20}},"type":"binary-expr","locations":[{"start":{"line":22,"column":4},"end":{"line":22,"column":12}},{"start":{"line":22,"column":16},"end":{"line":22,"column":20}}]}},"s":{"0":3,"1":3,"2":3,"3":3,"4":3,"5":5,"6":5,"7":5,"8":2,"9":5,"10":3},"f":{"0":5,"1":2},"b":{"0":[1,4],"1":[5,1]}}
,"C:\\Work\\Local4Local\\mobile\\Local4Local\\app\\components\\generic-accordion\\GenericAccordionStyle.tsx": {"path":"C:\\Work\\Local4Local\\mobile\\Local4Local\\app\\components\\generic-accordion\\GenericAccordionStyle.tsx","statementMap":{"0":{"start":{"line":1,"column":0},"end":{"line":1,"column":42}},"1":{"start":{"line":3,"column":15},"end":{"line":19,"column":2}},"2":{"start":{"line":21,"column":0},"end":{"line":21,"column":22}}},"fnMap":{},"branchMap":{},"s":{"0":3,"1":3,"2":3},"f":{},"b":{}}
,"C:\\Work\\Local4Local\\mobile\\Local4Local\\app\\components\\generic-button\\GenericButton.tsx": {"path":"C:\\Work\\Local4Local\\mobile\\Local4Local\\app\\components\\generic-button\\GenericButton.tsx","statementMap":{"0":{"start":{"line":2,"column":0},"end":{"line":2,"column":44}},"1":{"start":{"line":3,"column":0},"end":{"line":3,"column":36}},"2":{"start":{"line":4,"column":0},"end":{"line":4,"column":52}},"3":{"start":{"line":5,"column":0},"end":{"line":5,"column":66}},"4":{"start":{"line":6,"column":0},"end":{"line":6,"column":68}},"5":{"start":{"line":8,"column":0},"end":{"line":8,"column":47}},"6":{"start":{"line":10,"column":0},"end":{"line":10,"column":42}},"7":{"start":{"line":19,"column":39},"end":{"line":73,"column":1}},"8":{"start":{"line":20,"column":16},"end":{"line":20,"column":40}},"9":{"start":{"line":22,"column":18},"end":{"line":31,"column":3}},"10":{"start":{"line":23,"column":4},"end":{"line":30,"column":null}},"11":{"start":{"line":25,"column":8},"end":{"line":25,"column":41}},"12":{"start":{"line":27,"column":8},"end":{"line":27,"column":40}},"13":{"start":{"line":29,"column":8},"end":{"line":29,"column":41}},"14":{"start":{"line":33,"column":25},"end":{"line":44,"column":3}},"15":{"start":{"line":34,"column":4},"end":{"line":43,"column":null}},"16":{"start":{"line":36,"column":8},"end":{"line":36,"column":69}},"17":{"start":{"line":38,"column":8},"end":{"line":38,"column":61}},"18":{"start":{"line":40,"column":8},"end":{"line":40,"column":35}},"19":{"start":{"line":42,"column":8},"end":{"line":42,"column":18}},"20":{"start":{"line":46,"column":23},"end":{"line":57,"column":3}},"21":{"start":{"line":47,"column":4},"end":{"line":56,"column":null}},"22":{"start":{"line":49,"column":8},"end":{"line":49,"column":35}},"23":{"start":{"line":51,"column":8},"end":{"line":51,"column":32}},"24":{"start":{"line":53,"column":8},"end":{"line":53,"column":35}},"25":{"start":{"line":55,"column":8},"end":{"line":55,"column":18}},"26":{"start":{"line":59,"column":2},"end":{"line":72,"column":4}},"27":{"start":{"line":75,"column":0},"end":{"line":75,"column":29}}},"fnMap":{"0":{"name":"(anonymous_1)","decl":{"start":{"line":19,"column":39},"end":{"line":19,"column":40}},"loc":{"start":{"line":19,"column":92},"end":{"line":73,"column":1}}},"1":{"name":"(anonymous_2)","decl":{"start":{"line":22,"column":18},"end":{"line":22,"column":19}},"loc":{"start":{"line":22,"column":56},"end":{"line":31,"column":3}}},"2":{"name":"(anonymous_3)","decl":{"start":{"line":33,"column":25},"end":{"line":33,"column":26}},"loc":{"start":{"line":33,"column":77},"end":{"line":44,"column":3}}},"3":{"name":"(anonymous_4)","decl":{"start":{"line":46,"column":23},"end":{"line":46,"column":24}},"loc":{"start":{"line":46,"column":48},"end":{"line":57,"column":3}}}},"branchMap":{"0":{"loc":{"start":{"line":19,"column":70},"end":{"line":19,"column":86}},"type":"default-arg","locations":[{"start":{"line":19,"column":81},"end":{"line":19,"column":86}}]},"1":{"loc":{"start":{"line":23,"column":4},"end":{"line":30,"column":null}},"type":"switch","locations":[{"start":{"line":24,"column":6},"end":{"line":25,"column":41}},{"start":{"line":26,"column":6},"end":{"line":27,"column":40}},{"start":{"line":28,"column":6},"end":{"line":29,"column":41}}]},"2":{"loc":{"start":{"line":34,"column":4},"end":{"line":43,"column":null}},"type":"switch","locations":[{"start":{"line":35,"column":6},"end":{"line":36,"column":69}},{"start":{"line":37,"column":6},"end":{"line":38,"column":61}},{"start":{"line":39,"column":6},"end":{"line":40,"column":35}},{"start":{"line":41,"column":6},"end":{"line":42,"column":18}}]},"3":{"loc":{"start":{"line":36,"column":15},"end":{"line":36,"column":68}},"type":"cond-expr","locations":[{"start":{"line":36,"column":26},"end":{"line":36,"column":48}},{"start":{"line":36,"column":51},"end":{"line":36,"column":68}}]},"4":{"loc":{"start":{"line":38,"column":15},"end":{"line":38,"column":60}},"type":"cond-expr","locations":[{"start":{"line":38,"column":26},"end":{"line":38,"column":41}},{"start":{"line":38,"column":44},"end":{"line":38,"column":60}}]},"5":{"loc":{"start":{"line":47,"column":4},"end":{"line":56,"column":null}},"type":"switch","locations":[{"start":{"line":48,"column":6},"end":{"line":49,"column":35}},{"start":{"line":50,"column":6},"end":{"line":51,"column":32}},{"start":{"line":52,"column":6},"end":{"line":53,"column":35}},{"start":{"line":54,"column":6},"end":{"line":55,"column":18}}]}},"s":{"0":11,"1":11,"2":11,"3":11,"4":11,"5":11,"6":11,"7":11,"8":91,"9":91,"10":91,"11":75,"12":11,"13":5,"14":91,"15":91,"16":5,"17":75,"18":11,"19":0,"20":91,"21":91,"22":75,"23":11,"24":5,"25":0,"26":91,"27":11},"f":{"0":91,"1":91,"2":91,"3":91},"b":{"0":[23],"1":[75,11,5],"2":[5,75,11,0],"3":[3,2],"4":[62,13],"5":[75,11,5,0]}}
,"C:\\Work\\Local4Local\\mobile\\Local4Local\\app\\components\\generic-button\\GenericButtonStyle.tsx": {"path":"C:\\Work\\Local4Local\\mobile\\Local4Local\\app\\components\\generic-button\\GenericButtonStyle.tsx","statementMap":{"0":{"start":{"line":1,"column":0},"end":{"line":1,"column":40}},"1":{"start":{"line":2,"column":0},"end":{"line":2,"column":56}},"2":{"start":{"line":4,"column":15},"end":{"line":20,"column":2}},"3":{"start":{"line":22,"column":0},"end":{"line":22,"column":22}}},"fnMap":{},"branchMap":{},"s":{"0":11,"1":11,"2":11,"3":11},"f":{},"b":{}}
,"C:\\Work\\Local4Local\\mobile\\Local4Local\\app\\components\\generic-dialog\\GenericDialog.tsx": {"path":"C:\\Work\\Local4Local\\mobile\\Local4Local\\app\\components\\generic-dialog\\GenericDialog.tsx","statementMap":{"0":{"start":{"line":1,"column":0},"end":{"line":1,"column":40}},"1":{"start":{"line":2,"column":0},"end":{"line":2,"column":36}},"2":{"start":{"line":3,"column":0},"end":{"line":3,"column":58}},"3":{"start":{"line":4,"column":0},"end":{"line":4,"column":53}},"4":{"start":{"line":5,"column":0},"end":{"line":5,"column":54}},"5":{"start":{"line":6,"column":0},"end":{"line":6,"column":42}},"6":{"start":{"line":16,"column":52},"end":{"line":48,"column":1}},"7":{"start":{"line":23,"column":28},"end":{"line":23,"column":45}},"8":{"start":{"line":25,"column":4},"end":{"line":47,"column":6}},"9":{"start":{"line":50,"column":0},"end":{"line":50,"column":29}}},"fnMap":{"0":{"name":"(anonymous_1)","decl":{"start":{"line":16,"column":52},"end":{"line":16,"column":53}},"loc":{"start":{"line":22,"column":5},"end":{"line":48,"column":1}}}},"branchMap":{},"s":{"0":1,"1":1,"2":1,"3":1,"4":1,"5":1,"6":1,"7":2,"8":2,"9":1},"f":{"0":2},"b":{}}
,"C:\\Work\\Local4Local\\mobile\\Local4Local\\app\\components\\generic-dialog\\GenericDialogStyle.tsx": {"path":"C:\\Work\\Local4Local\\mobile\\Local4Local\\app\\components\\generic-dialog\\GenericDialogStyle.tsx","statementMap":{"0":{"start":{"line":1,"column":0},"end":{"line":1,"column":64}},"1":{"start":{"line":2,"column":0},"end":{"line":2,"column":52}},"2":{"start":{"line":13,"column":27},"end":{"line":16,"column":2}},"3":{"start":{"line":13,"column":81},"end":{"line":16,"column":2}},"4":{"start":{"line":18,"column":35},"end":{"line":37,"column":2}},"5":{"start":{"line":39,"column":15},"end":{"line":85,"column":2}},"6":{"start":{"line":87,"column":0},"end":{"line":87,"column":22}}},"fnMap":{"0":{"name":"(anonymous_0)","decl":{"start":{"line":13,"column":27},"end":{"line":13,"column":28}},"loc":{"start":{"line":13,"column":81},"end":{"line":16,"column":2}}}},"branchMap":{},"s":{"0":1,"1":1,"2":1,"3":3,"4":1,"5":1,"6":1},"f":{"0":3},"b":{}}
,"C:\\Work\\Local4Local\\mobile\\Local4Local\\app\\components\\generic-drawer\\GenericDrawer.tsx": {"path":"C:\\Work\\Local4Local\\mobile\\Local4Local\\app\\components\\generic-drawer\\GenericDrawer.tsx","statementMap":{"0":{"start":{"line":1,"column":0},"end":{"line":1,"column":51}},"1":{"start":{"line":2,"column":0},"end":{"line":2,"column":36}},"2":{"start":{"line":3,"column":0},"end":{"line":3,"column":54}},"3":{"start":{"line":4,"column":0},"end":{"line":4,"column":42}},"4":{"start":{"line":5,"column":0},"end":{"line":5,"column":52}},"5":{"start":{"line":6,"column":0},"end":{"line":6,"column":47}},"6":{"start":{"line":16,"column":52},"end":{"line":56,"column":1}},"7":{"start":{"line":22,"column":18},"end":{"line":22,"column":42}},"8":{"start":{"line":24,"column":46},"end":{"line":24,"column":63}},"9":{"start":{"line":26,"column":24},"end":{"line":26,"column":39}},"10":{"start":{"line":26,"column":30},"end":{"line":26,"column":39}},"11":{"start":{"line":29,"column":4},"end":{"line":31,"column":18}},"12":{"start":{"line":30,"column":8},"end":{"line":30,"column":34}},"13":{"start":{"line":34,"column":4},"end":{"line":36,"column":null}},"14":{"start":{"line":35,"column":8},"end":{"line":35,"column":20}},"15":{"start":{"line":38,"column":4},"end":{"line":55,"column":6}},"16":{"start":{"line":43,"column":24},"end":{"line":43,"column":60}},"17":{"start":{"line":58,"column":0},"end":{"line":58,"column":29}}},"fnMap":{"0":{"name":"(anonymous_1)","decl":{"start":{"line":16,"column":52},"end":{"line":16,"column":53}},"loc":{"start":{"line":21,"column":17},"end":{"line":56,"column":1}}},"1":{"name":"(anonymous_2)","decl":{"start":{"line":26,"column":24},"end":{"line":26,"column":27}},"loc":{"start":{"line":26,"column":30},"end":{"line":26,"column":39}}},"2":{"name":"(anonymous_3)","decl":{"start":{"line":29,"column":14},"end":{"line":29,"column":17}},"loc":{"start":{"line":29,"column":19},"end":{"line":31,"column":5}}},"3":{"name":"(anonymous_4)","decl":{"start":{"line":42,"column":26},"end":{"line":42,"column":29}},"loc":{"start":{"line":43,"column":24},"end":{"line":43,"column":60}}}},"branchMap":{"0":{"loc":{"start":{"line":34,"column":4},"end":{"line":36,"column":null}},"type":"if","locations":[{"start":{"line":34,"column":4},"end":{"line":36,"column":null}}]}},"s":{"0":2,"1":2,"2":2,"3":2,"4":2,"5":2,"6":2,"7":5,"8":5,"9":5,"10":1,"11":5,"12":4,"13":5,"14":3,"15":2,"16":2,"17":2},"f":{"0":5,"1":1,"2":4,"3":2},"b":{"0":[3]}}
,"C:\\Work\\Local4Local\\mobile\\Local4Local\\app\\components\\generic-drawer\\GenericDrawerStyle.tsx": {"path":"C:\\Work\\Local4Local\\mobile\\Local4Local\\app\\components\\generic-drawer\\GenericDrawerStyle.tsx","statementMap":{"0":{"start":{"line":1,"column":0},"end":{"line":1,"column":42}},"1":{"start":{"line":2,"column":0},"end":{"line":2,"column":52}},"2":{"start":{"line":4,"column":15},"end":{"line":35,"column":2}},"3":{"start":{"line":37,"column":0},"end":{"line":37,"column":22}}},"fnMap":{},"branchMap":{},"s":{"0":2,"1":2,"2":2,"3":2},"f":{},"b":{}}
,"C:\\Work\\Local4Local\\mobile\\Local4Local\\app\\components\\generic-information-block\\GenericInformationBlock.tsx": {"path":"C:\\Work\\Local4Local\\mobile\\Local4Local\\app\\components\\generic-information-block\\GenericInformationBlock.tsx","statementMap":{"0":{"start":{"line":1,"column":0},"end":{"line":1,"column":56}},"1":{"start":{"line":2,"column":0},"end":{"line":2,"column":36}},"2":{"start":{"line":3,"column":0},"end":{"line":3,"column":42}},"3":{"start":{"line":5,"column":0},"end":{"line":5,"column":52}},"4":{"start":{"line":6,"column":0},"end":{"line":6,"column":72}},"5":{"start":{"line":16,"column":1},"end":{"line":37,"column":3}},"6":{"start":{"line":23,"column":4},"end":{"line":23,"column":null}},"7":{"start":{"line":14,"column":0},"end":{"line":14,"column":24}}},"fnMap":{"0":{"name":"GenericInformationBlock","decl":{"start":{"line":14,"column":24},"end":{"line":14,"column":47}},"loc":{"start":{"line":14,"column":110},"end":{"line":38,"column":1}}},"1":{"name":"(anonymous_2)","decl":{"start":{"line":22,"column":18},"end":{"line":22,"column":19}},"loc":{"start":{"line":23,"column":4},"end":{"line":23,"column":null}}}},"branchMap":{"0":{"loc":{"start":{"line":26,"column":7},"end":{"line":30,"column":14}},"type":"cond-expr","locations":[{"start":{"line":27,"column":7},"end":{"line":28,"column":null}},{"start":{"line":30,"column":10},"end":{"line":30,"column":14}}]},"1":{"loc":{"start":{"line":32,"column":6},"end":{"line":32,"column":61}},"type":"cond-expr","locations":[{"start":{"line":32,"column":30},"end":{"line":32,"column":54}},{"start":{"line":32,"column":57},"end":{"line":32,"column":61}}]},"2":{"loc":{"start":{"line":33,"column":6},"end":{"line":33,"column":115}},"type":"cond-expr","locations":[{"start":{"line":33,"column":34},"end":{"line":33,"column":108}},{"start":{"line":33,"column":111},"end":{"line":33,"column":115}}]}},"s":{"0":3,"1":3,"2":3,"3":3,"4":3,"5":55,"6":159,"7":3},"f":{"0":55,"1":159},"b":{"0":[136,23],"1":[23,136],"2":[33,126]}}
,"C:\\Work\\Local4Local\\mobile\\Local4Local\\app\\components\\generic-information-block\\GenericInformationBlockStyle.tsx": {"path":"C:\\Work\\Local4Local\\mobile\\Local4Local\\app\\components\\generic-information-block\\GenericInformationBlockStyle.tsx","statementMap":{"0":{"start":{"line":1,"column":0},"end":{"line":1,"column":40}},"1":{"start":{"line":2,"column":0},"end":{"line":2,"column":50}},"2":{"start":{"line":3,"column":0},"end":{"line":3,"column":65}},"3":{"start":{"line":5,"column":13},"end":{"line":37,"column":3}}},"fnMap":{},"branchMap":{},"s":{"0":3,"1":3,"2":3,"3":3},"f":{},"b":{}}
,"C:\\Work\\Local4Local\\mobile\\Local4Local\\app\\components\\grant-chip\\GrantChip.tsx": {"path":"C:\\Work\\Local4Local\\mobile\\Local4Local\\app\\components\\grant-chip\\GrantChip.tsx","statementMap":{"0":{"start":{"line":1,"column":0},"end":{"line":1,"column":40}},"1":{"start":{"line":2,"column":0},"end":{"line":2,"column":40}},"2":{"start":{"line":3,"column":0},"end":{"line":3,"column":52}},"3":{"start":{"line":4,"column":0},"end":{"line":4,"column":40}},"4":{"start":{"line":7,"column":1},"end":{"line":20,"column":3}},"5":{"start":{"line":6,"column":0},"end":{"line":6,"column":24}}},"fnMap":{"0":{"name":"GrantChip","decl":{"start":{"line":6,"column":24},"end":{"line":6,"column":33}},"loc":{"start":{"line":6,"column":46},"end":{"line":21,"column":1}}}},"branchMap":{},"s":{"0":4,"1":4,"2":4,"3":4,"4":25,"5":4},"f":{"0":25},"b":{}}
,"C:\\Work\\Local4Local\\mobile\\Local4Local\\app\\components\\grant-chip\\GrantChipStyle.tsx": {"path":"C:\\Work\\Local4Local\\mobile\\Local4Local\\app\\components\\grant-chip\\GrantChipStyle.tsx","statementMap":{"0":{"start":{"line":1,"column":0},"end":{"line":1,"column":40}},"1":{"start":{"line":2,"column":0},"end":{"line":2,"column":50}},"2":{"start":{"line":3,"column":0},"end":{"line":3,"column":56}},"3":{"start":{"line":5,"column":13},"end":{"line":26,"column":3}}},"fnMap":{},"branchMap":{},"s":{"0":4,"1":4,"2":4,"3":4},"f":{},"b":{}}
,"C:\\Work\\Local4Local\\mobile\\Local4Local\\app\\components\\header\\GlobalHeader.tsx": {"path":"C:\\Work\\Local4Local\\mobile\\Local4Local\\app\\components\\header\\GlobalHeader.tsx","statementMap":{"0":{"start":{"line":2,"column":0},"end":{"line":2,"column":40}},"1":{"start":{"line":3,"column":0},"end":{"line":3,"column":50}},"2":{"start":{"line":4,"column":0},"end":{"line":4,"column":53}},"3":{"start":{"line":5,"column":0},"end":{"line":5,"column":41}},"4":{"start":{"line":6,"column":0},"end":{"line":6,"column":79}},"5":{"start":{"line":10,"column":1},"end":{"line":16,"column":null}},"6":{"start":{"line":9,"column":0},"end":{"line":9,"column":16}},"7":{"start":{"line":19,"column":13},"end":{"line":35,"column":null}},"8":{"start":{"line":27,"column":2},"end":{"line":31,"column":30}}},"fnMap":{"0":{"name":"HeaderRight","decl":{"start":{"line":9,"column":16},"end":{"line":9,"column":27}},"loc":{"start":{"line":9,"column":27},"end":{"line":17,"column":1}}},"1":{"name":"(anonymous_2)","decl":{"start":{"line":26,"column":18},"end":{"line":26,"column":21}},"loc":{"start":{"line":27,"column":2},"end":{"line":31,"column":30}}}},"branchMap":{},"s":{"0":3,"1":3,"2":3,"3":3,"4":3,"5":2,"6":3,"7":3,"8":0},"f":{"0":2,"1":0},"b":{}}
,"C:\\Work\\Local4Local\\mobile\\Local4Local\\app\\components\\header\\GlobalHeaderStyle.tsx": {"path":"C:\\Work\\Local4Local\\mobile\\Local4Local\\app\\components\\header\\GlobalHeaderStyle.tsx","statementMap":{"0":{"start":{"line":1,"column":0},"end":{"line":1,"column":50}},"1":{"start":{"line":2,"column":0},"end":{"line":2,"column":50}},"2":{"start":{"line":4,"column":15},"end":{"line":25,"column":2}},"3":{"start":{"line":26,"column":0},"end":{"line":26,"column":22}}},"fnMap":{},"branchMap":{"0":{"loc":{"start":{"line":12,"column":14},"end":{"line":12,"column":48}},"type":"cond-expr","locations":[{"start":{"line":12,"column":42},"end":{"line":12,"column":43}},{"start":{"line":12,"column":46},"end":{"line":12,"column":48}}]}},"s":{"0":3,"1":3,"2":3,"3":3},"f":{},"b":{"0":[0,3]}}
,"C:\\Work\\Local4Local\\mobile\\Local4Local\\app\\components\\loader\\LoadingIndicator.tsx": {"path":"C:\\Work\\Local4Local\\mobile\\Local4Local\\app\\components\\loader\\LoadingIndicator.tsx","statementMap":{"0":{"start":{"line":2,"column":0},"end":{"line":2,"column":55}},"1":{"start":{"line":3,"column":0},"end":{"line":3,"column":58}},"2":{"start":{"line":4,"column":0},"end":{"line":4,"column":52}},"3":{"start":{"line":5,"column":0},"end":{"line":5,"column":45}},"4":{"start":{"line":7,"column":35},"end":{"line":19,"column":1}},"5":{"start":{"line":8,"column":34},"end":{"line":8,"column":53}},"6":{"start":{"line":10,"column":4},"end":{"line":12,"column":null}},"7":{"start":{"line":11,"column":8},"end":{"line":11,"column":20}},"8":{"start":{"line":14,"column":4},"end":{"line":18,"column":6}},"9":{"start":{"line":21,"column":0},"end":{"line":21,"column":32}}},"fnMap":{"0":{"name":"(anonymous_1)","decl":{"start":{"line":7,"column":35},"end":{"line":7,"column":38}},"loc":{"start":{"line":7,"column":40},"end":{"line":19,"column":1}}}},"branchMap":{"0":{"loc":{"start":{"line":10,"column":4},"end":{"line":12,"column":null}},"type":"if","locations":[{"start":{"line":10,"column":4},"end":{"line":12,"column":null}}]}},"s":{"0":1,"1":1,"2":1,"3":1,"4":1,"5":2,"6":2,"7":1,"8":1,"9":1},"f":{"0":2},"b":{"0":[1]}}
,"C:\\Work\\Local4Local\\mobile\\Local4Local\\app\\components\\loader\\LoadingIndicatorStyle.tsx": {"path":"C:\\Work\\Local4Local\\mobile\\Local4Local\\app\\components\\loader\\LoadingIndicatorStyle.tsx","statementMap":{"0":{"start":{"line":1,"column":0},"end":{"line":1,"column":40}},"1":{"start":{"line":3,"column":15},"end":{"line":15,"column":4}},"2":{"start":{"line":17,"column":0},"end":{"line":17,"column":22}}},"fnMap":{},"branchMap":{},"s":{"0":1,"1":1,"2":1},"f":{},"b":{}}
,"C:\\Work\\Local4Local\\mobile\\Local4Local\\app\\components\\map\\Map.tsx": {"path":"C:\\Work\\Local4Local\\mobile\\Local4Local\\app\\components\\map\\Map.tsx","statementMap":{"0":{"start":{"line":1,"column":0},"end":{"line":1,"column":44}},"1":{"start":{"line":2,"column":0},"end":{"line":2,"column":40}},"2":{"start":{"line":3,"column":0},"end":{"line":3,"column":69}},"3":{"start":{"line":4,"column":0},"end":{"line":4,"column":56}},"4":{"start":{"line":5,"column":0},"end":{"line":5,"column":null}},"5":{"start":{"line":11,"column":0},"end":{"line":11,"column":32}},"6":{"start":{"line":12,"column":0},"end":{"line":12,"column":55}},"7":{"start":{"line":17,"column":29},"end":{"line":17,"column":59}},"8":{"start":{"line":18,"column":49},"end":{"line":18,"column":87}},"9":{"start":{"line":19,"column":43},"end":{"line":19,"column":83}},"10":{"start":{"line":21,"column":29},"end":{"line":26,"column":3}},"11":{"start":{"line":28,"column":1},"end":{"line":30,"column":14}},"12":{"start":{"line":29,"column":2},"end":{"line":29,"column":35}},"13":{"start":{"line":32,"column":34},"end":{"line":49,"column":2}},"14":{"start":{"line":33,"column":2},"end":{"line":48,"column":null}},"15":{"start":{"line":34,"column":35},"end":{"line":34,"column":86}},"16":{"start":{"line":35,"column":23},"end":{"line":35,"column":53}},"17":{"start":{"line":36,"column":30},"end":{"line":36,"column":62}},"18":{"start":{"line":37,"column":3},"end":{"line":43,"column":6}},"19":{"start":{"line":38,"column":4},"end":{"line":41,"column":null}},"20":{"start":{"line":39,"column":5},"end":{"line":39,"column":59}},"21":{"start":{"line":40,"column":5},"end":{"line":40,"column":12}},"22":{"start":{"line":42,"column":4},"end":{"line":42,"column":36}},"23":{"start":{"line":44,"column":3},"end":{"line":44,"column":36}},"24":{"start":{"line":45,"column":3},"end":{"line":45,"column":40}},"25":{"start":{"line":47,"column":3},"end":{"line":47,"column":24}},"26":{"start":{"line":51,"column":36},"end":{"line":54,"column":2}},"27":{"start":{"line":52,"column":2},"end":{"line":52,"column":23}},"28":{"start":{"line":53,"column":2},"end":{"line":53,"column":21}},"29":{"start":{"line":56,"column":1},"end":{"line":82,"column":3}},"30":{"start":{"line":68,"column":4},"end":{"line":68,"column":19}},"31":{"start":{"line":72,"column":18},"end":{"line":72,"column":36}},"32":{"start":{"line":74,"column":4},"end":{"line":74,"column":33}},"33":{"start":{"line":78,"column":4},"end":{"line":78,"column":41}},"34":{"start":{"line":16,"column":0},"end":{"line":16,"column":24}}},"fnMap":{"0":{"name":"Map","decl":{"start":{"line":16,"column":24},"end":{"line":16,"column":27}},"loc":{"start":{"line":16,"column":52},"end":{"line":83,"column":1}}},"1":{"name":"(anonymous_8)","decl":{"start":{"line":28,"column":11},"end":{"line":28,"column":14}},"loc":{"start":{"line":28,"column":16},"end":{"line":30,"column":2}}},"2":{"name":"(anonymous_9)","decl":{"start":{"line":32,"column":34},"end":{"line":32,"column":39}},"loc":{"start":{"line":32,"column":59},"end":{"line":49,"column":2}}},"3":{"name":"(anonymous_10)","decl":{"start":{"line":37,"column":33},"end":{"line":37,"column":34}},"loc":{"start":{"line":37,"column":59},"end":{"line":43,"column":4}}},"4":{"name":"(anonymous_11)","decl":{"start":{"line":51,"column":36},"end":{"line":51,"column":37}},"loc":{"start":{"line":51,"column":58},"end":{"line":54,"column":2}}},"5":{"name":"(anonymous_12)","decl":{"start":{"line":67,"column":8},"end":{"line":67,"column":11}},"loc":{"start":{"line":67,"column":14},"end":{"line":69,"column":4}}},"6":{"name":"(anonymous_13)","decl":{"start":{"line":72,"column":12},"end":{"line":72,"column":15}},"loc":{"start":{"line":72,"column":18},"end":{"line":72,"column":36}}},"7":{"name":"(anonymous_14)","decl":{"start":{"line":73,"column":25},"end":{"line":73,"column":30}},"loc":{"start":{"line":74,"column":4},"end":{"line":74,"column":33}}},"8":{"name":"(anonymous_15)","decl":{"start":{"line":77,"column":22},"end":{"line":77,"column":32}},"loc":{"start":{"line":78,"column":4},"end":{"line":78,"column":41}}}},"branchMap":{"0":{"loc":{"start":{"line":38,"column":4},"end":{"line":41,"column":null}},"type":"if","locations":[{"start":{"line":38,"column":4},"end":{"line":41,"column":null}}]}},"s":{"0":2,"1":2,"2":2,"3":2,"4":2,"5":2,"6":2,"7":8,"8":8,"9":8,"10":8,"11":8,"12":5,"13":8,"14":5,"15":5,"16":5,"17":5,"18":5,"19":10,"20":5,"21":5,"22":5,"23":5,"24":2,"25":3,"26":8,"27":2,"28":2,"29":8,"30":0,"31":1,"32":3,"33":0,"34":2},"f":{"0":8,"1":5,"2":5,"3":10,"4":2,"5":0,"6":1,"7":3,"8":0},"b":{"0":[5]}}
,"C:\\Work\\Local4Local\\mobile\\Local4Local\\app\\components\\map\\MapStyle.tsx": {"path":"C:\\Work\\Local4Local\\mobile\\Local4Local\\app\\components\\map\\MapStyle.tsx","statementMap":{"0":{"start":{"line":1,"column":0},"end":{"line":1,"column":40}},"1":{"start":{"line":3,"column":15},"end":{"line":8,"column":2}},"2":{"start":{"line":10,"column":0},"end":{"line":10,"column":22}}},"fnMap":{},"branchMap":{},"s":{"0":2,"1":2,"2":2},"f":{},"b":{}}
,"C:\\Work\\Local4Local\\mobile\\Local4Local\\app\\components\\offer-card\\OfferCard.tsx": {"path":"C:\\Work\\Local4Local\\mobile\\Local4Local\\app\\components\\offer-card\\OfferCard.tsx","statementMap":{"0":{"start":{"line":1,"column":0},"end":{"line":1,"column":42}},"1":{"start":{"line":2,"column":0},"end":{"line":2,"column":51}},"2":{"start":{"line":3,"column":0},"end":{"line":3,"column":null}},"3":{"start":{"line":12,"column":0},"end":{"line":12,"column":48}},"4":{"start":{"line":13,"column":0},"end":{"line":13,"column":48}},"5":{"start":{"line":14,"column":0},"end":{"line":14,"column":81}},"6":{"start":{"line":15,"column":0},"end":{"line":15,"column":73}},"7":{"start":{"line":16,"column":0},"end":{"line":16,"column":38}},"8":{"start":{"line":17,"column":0},"end":{"line":17,"column":60}},"9":{"start":{"line":18,"column":0},"end":{"line":18,"column":66}},"10":{"start":{"line":19,"column":0},"end":{"line":19,"column":66}},"11":{"start":{"line":20,"column":0},"end":{"line":20,"column":62}},"12":{"start":{"line":36,"column":42},"end":{"line":36,"column":56}},"13":{"start":{"line":38,"column":30},"end":{"line":40,"column":3}},"14":{"start":{"line":39,"column":4},"end":{"line":39,"column":66}},"15":{"start":{"line":41,"column":40},"end":{"line":41,"column":64}},"16":{"start":{"line":43,"column":31},"end":{"line":50,"column":3}},"17":{"start":{"line":44,"column":21},"end":{"line":44,"column":58}},"18":{"start":{"line":45,"column":4},"end":{"line":45,"column":28}},"19":{"start":{"line":46,"column":4},"end":{"line":49,"column":7}},"20":{"start":{"line":52,"column":2},"end":{"line":123,"column":4}},"21":{"start":{"line":55,"column":8},"end":{"line":57,"column":null}},"22":{"start":{"line":56,"column":10},"end":{"line":56,"column":17}},"23":{"start":{"line":58,"column":8},"end":{"line":61,"column":11}},"24":{"start":{"line":73,"column":42},"end":{"line":73,"column":68}},"25":{"start":{"line":82,"column":18},"end":{"line":82,"column":44}},"26":{"start":{"line":116,"column":62},"end":{"line":116,"column":76}},"27":{"start":{"line":126,"column":0},"end":{"line":126,"column":31}}},"fnMap":{"0":{"name":"OfferCard","decl":{"start":{"line":30,"column":9},"end":{"line":30,"column":18}},"loc":{"start":{"line":35,"column":17},"end":{"line":124,"column":1}}},"1":{"name":"(anonymous_2)","decl":{"start":{"line":38,"column":30},"end":{"line":38,"column":31}},"loc":{"start":{"line":38,"column":48},"end":{"line":40,"column":3}}},"2":{"name":"(anonymous_3)","decl":{"start":{"line":43,"column":31},"end":{"line":43,"column":34}},"loc":{"start":{"line":43,"column":36},"end":{"line":50,"column":3}}},"3":{"name":"(anonymous_4)","decl":{"start":{"line":54,"column":15},"end":{"line":54,"column":18}},"loc":{"start":{"line":54,"column":20},"end":{"line":62,"column":7}}},"4":{"name":"(anonymous_5)","decl":{"start":{"line":73,"column":31},"end":{"line":73,"column":32}},"loc":{"start":{"line":73,"column":42},"end":{"line":73,"column":68}}},"5":{"name":"(anonymous_6)","decl":{"start":{"line":81,"column":33},"end":{"line":81,"column":34}},"loc":{"start":{"line":82,"column":18},"end":{"line":82,"column":44}}},"6":{"name":"(anonymous_7)","decl":{"start":{"line":116,"column":52},"end":{"line":116,"column":53}},"loc":{"start":{"line":116,"column":62},"end":{"line":116,"column":76}}}},"branchMap":{"0":{"loc":{"start":{"line":53,"column":5},"end":{"line":121,"column":17}},"type":"binary-expr","locations":[{"start":{"line":53,"column":5},"end":{"line":53,"column":10}},{"start":{"line":53,"column":15},"end":{"line":120,"column":null}}]},"1":{"loc":{"start":{"line":55,"column":8},"end":{"line":57,"column":null}},"type":"if","locations":[{"start":{"line":55,"column":8},"end":{"line":57,"column":null}}]},"2":{"loc":{"start":{"line":67,"column":19},"end":{"line":67,"column":52}},"type":"cond-expr","locations":[{"start":{"line":67,"column":47},"end":{"line":67,"column":48}},{"start":{"line":67,"column":51},"end":{"line":67,"column":52}}]},"3":{"loc":{"start":{"line":80,"column":15},"end":{"line":83,"column":18}},"type":"binary-expr","locations":[{"start":{"line":80,"column":15},"end":{"line":80,"column":27}},{"start":{"line":81,"column":16},"end":{"line":83,"column":18}}]},"4":{"loc":{"start":{"line":95,"column":11},"end":{"line":98,"column":null}},"type":"binary-expr","locations":[{"start":{"line":95,"column":11},"end":{"line":95,"column":19}},{"start":{"line":96,"column":12},"end":{"line":97,"column":null}}]},"5":{"loc":{"start":{"line":103,"column":11},"end":{"line":110,"column":null}},"type":"binary-expr","locations":[{"start":{"line":103,"column":11},"end":{"line":103,"column":18}},{"start":{"line":104,"column":12},"end":{"line":109,"column":null}}]}},"s":{"0":2,"1":2,"2":2,"3":2,"4":2,"5":2,"6":2,"7":2,"8":2,"9":2,"10":2,"11":2,"12":9,"13":9,"14":2,"15":9,"16":9,"17":1,"18":1,"19":1,"20":9,"21":2,"22":1,"23":1,"24":2,"25":1,"26":18,"27":2},"f":{"0":9,"1":2,"2":1,"3":2,"4":2,"5":1,"6":18},"b":{"0":[9,9],"1":[1],"2":[0,9],"3":[9,9],"4":[9,6],"5":[9,3]}}
,"C:\\Work\\Local4Local\\mobile\\Local4Local\\app\\components\\offer-card\\OfferCardStyle.tsx": {"path":"C:\\Work\\Local4Local\\mobile\\Local4Local\\app\\components\\offer-card\\OfferCardStyle.tsx","statementMap":{"0":{"start":{"line":1,"column":0},"end":{"line":1,"column":40}},"1":{"start":{"line":2,"column":0},"end":{"line":2,"column":50}},"2":{"start":{"line":3,"column":0},"end":{"line":3,"column":65}},"3":{"start":{"line":5,"column":15},"end":{"line":57,"column":2}},"4":{"start":{"line":59,"column":0},"end":{"line":59,"column":22}}},"fnMap":{},"branchMap":{},"s":{"0":2,"1":2,"2":2,"3":2,"4":2},"f":{},"b":{}}
,"C:\\Work\\Local4Local\\mobile\\Local4Local\\app\\components\\offer-chip\\OfferChip.tsx": {"path":"C:\\Work\\Local4Local\\mobile\\Local4Local\\app\\components\\offer-chip\\OfferChip.tsx","statementMap":{"0":{"start":{"line":1,"column":0},"end":{"line":1,"column":40}},"1":{"start":{"line":2,"column":0},"end":{"line":2,"column":40}},"2":{"start":{"line":3,"column":0},"end":{"line":3,"column":52}},"3":{"start":{"line":4,"column":0},"end":{"line":4,"column":38}},"4":{"start":{"line":5,"column":0},"end":{"line":5,"column":62}},"5":{"start":{"line":13,"column":19},"end":{"line":13,"column":43}},"6":{"start":{"line":15,"column":1},"end":{"line":32,"column":3}},"7":{"start":{"line":11,"column":0},"end":{"line":11,"column":24}}},"fnMap":{"0":{"name":"OfferChip","decl":{"start":{"line":11,"column":24},"end":{"line":11,"column":33}},"loc":{"start":{"line":11,"column":58},"end":{"line":33,"column":1}}}},"branchMap":{},"s":{"0":4,"1":4,"2":4,"3":4,"4":4,"5":39,"6":39,"7":4},"f":{"0":39},"b":{}}
,"C:\\Work\\Local4Local\\mobile\\Local4Local\\app\\components\\offer-chip\\OfferChipStyle.tsx": {"path":"C:\\Work\\Local4Local\\mobile\\Local4Local\\app\\components\\offer-chip\\OfferChipStyle.tsx","statementMap":{"0":{"start":{"line":1,"column":0},"end":{"line":1,"column":40}},"1":{"start":{"line":2,"column":0},"end":{"line":2,"column":50}},"2":{"start":{"line":3,"column":0},"end":{"line":3,"column":56}},"3":{"start":{"line":5,"column":15},"end":{"line":26,"column":2}},"4":{"start":{"line":28,"column":0},"end":{"line":28,"column":22}}},"fnMap":{},"branchMap":{},"s":{"0":4,"1":4,"2":4,"3":4,"4":4},"f":{},"b":{}}
,"C:\\Work\\Local4Local\\mobile\\Local4Local\\app\\components\\offer-drawerd\\OfferDrawer.tsx": {"path":"C:\\Work\\Local4Local\\mobile\\Local4Local\\app\\components\\offer-drawerd\\OfferDrawer.tsx","statementMap":{"0":{"start":{"line":1,"column":0},"end":{"line":1,"column":69}},"1":{"start":{"line":2,"column":0},"end":{"line":2,"column":40}},"2":{"start":{"line":3,"column":0},"end":{"line":3,"column":35}},"3":{"start":{"line":4,"column":0},"end":{"line":4,"column":62}},"4":{"start":{"line":5,"column":0},"end":{"line":5,"column":48}},"5":{"start":{"line":10,"column":40},"end":{"line":10,"column":64}},"6":{"start":{"line":12,"column":29},"end":{"line":15,"column":3}},"7":{"start":{"line":13,"column":26},"end":{"line":13,"column":63}},"8":{"start":{"line":14,"column":4},"end":{"line":14,"column":33}},"9":{"start":{"line":17,"column":2},"end":{"line":40,"column":4}},"10":{"start":{"line":8,"column":0},"end":{"line":8,"column":24}}},"fnMap":{"0":{"name":"OfferDrawer","decl":{"start":{"line":8,"column":24},"end":{"line":8,"column":35}},"loc":{"start":{"line":8,"column":55},"end":{"line":41,"column":1}}},"1":{"name":"(anonymous_2)","decl":{"start":{"line":12,"column":29},"end":{"line":12,"column":32}},"loc":{"start":{"line":12,"column":34},"end":{"line":15,"column":3}}}},"branchMap":{"0":{"loc":{"start":{"line":19,"column":6},"end":{"line":37,"column":15}},"type":"binary-expr","locations":[{"start":{"line":19,"column":6},"end":{"line":19,"column":22}},{"start":{"line":19,"column":27},"end":{"line":36,"column":null}}]}},"s":{"0":2,"1":2,"2":2,"3":2,"4":2,"5":2,"6":2,"7":1,"8":1,"9":2,"10":2},"f":{"0":2,"1":1},"b":{"0":[2,2]}}
,"C:\\Work\\Local4Local\\mobile\\Local4Local\\app\\components\\offer-drawerd\\OfferDrawerStyle.tsx": {"path":"C:\\Work\\Local4Local\\mobile\\Local4Local\\app\\components\\offer-drawerd\\OfferDrawerStyle.tsx","statementMap":{"0":{"start":{"line":1,"column":0},"end":{"line":1,"column":40}},"1":{"start":{"line":2,"column":15},"end":{"line":15,"column":4}},"2":{"start":{"line":18,"column":0},"end":{"line":18,"column":22}}},"fnMap":{},"branchMap":{},"s":{"0":2,"1":2,"2":2},"f":{},"b":{}}
,"C:\\Work\\Local4Local\\mobile\\Local4Local\\app\\components\\offer-store-details\\OfferStoreDetails.tsx": {"path":"C:\\Work\\Local4Local\\mobile\\Local4Local\\app\\components\\offer-store-details\\OfferStoreDetails.tsx","statementMap":{"0":{"start":{"line":1,"column":0},"end":{"line":1,"column":42}},"1":{"start":{"line":2,"column":0},"end":{"line":2,"column":72}},"2":{"start":{"line":3,"column":0},"end":{"line":3,"column":52}},"3":{"start":{"line":4,"column":0},"end":{"line":4,"column":46}},"4":{"start":{"line":6,"column":0},"end":{"line":6,"column":44}},"5":{"start":{"line":7,"column":0},"end":{"line":7,"column":47}},"6":{"start":{"line":8,"column":0},"end":{"line":8,"column":48}},"7":{"start":{"line":18,"column":15},"end":{"line":18,"column":39}},"8":{"start":{"line":19,"column":51},"end":{"line":19,"column":89}},"9":{"start":{"line":21,"column":21},"end":{"line":21,"column":31}},"10":{"start":{"line":22,"column":19},"end":{"line":22,"column":39}},"11":{"start":{"line":23,"column":14},"end":{"line":23,"column":36}},"12":{"start":{"line":25,"column":1},"end":{"line":27,"column":8}},"13":{"start":{"line":26,"column":2},"end":{"line":26,"column":25}},"14":{"start":{"line":30,"column":30},"end":{"line":33,"column":2}},"15":{"start":{"line":31,"column":28},"end":{"line":31,"column":84}},"16":{"start":{"line":32,"column":2},"end":{"line":32,"column":42}},"17":{"start":{"line":35,"column":25},"end":{"line":40,"column":2}},"18":{"start":{"line":36,"column":2},"end":{"line":38,"column":null}},"19":{"start":{"line":37,"column":3},"end":{"line":37,"column":77}},"20":{"start":{"line":39,"column":2},"end":{"line":39,"column":68}},"21":{"start":{"line":42,"column":1},"end":{"line":55,"column":3}},"22":{"start":{"line":17,"column":0},"end":{"line":17,"column":24}}},"fnMap":{"0":{"name":"OfferStoreDetails","decl":{"start":{"line":17,"column":24},"end":{"line":17,"column":41}},"loc":{"start":{"line":17,"column":108},"end":{"line":56,"column":1}}},"1":{"name":"(anonymous_2)","decl":{"start":{"line":25,"column":11},"end":{"line":25,"column":14}},"loc":{"start":{"line":25,"column":16},"end":{"line":27,"column":2}}},"2":{"name":"(anonymous_3)","decl":{"start":{"line":30,"column":30},"end":{"line":30,"column":33}},"loc":{"start":{"line":30,"column":35},"end":{"line":33,"column":2}}},"3":{"name":"(anonymous_4)","decl":{"start":{"line":35,"column":25},"end":{"line":35,"column":28}},"loc":{"start":{"line":35,"column":30},"end":{"line":40,"column":2}}}},"branchMap":{"0":{"loc":{"start":{"line":36,"column":2},"end":{"line":38,"column":null}},"type":"if","locations":[{"start":{"line":36,"column":2},"end":{"line":38,"column":null}}]},"1":{"loc":{"start":{"line":43,"column":15},"end":{"line":43,"column":82}},"type":"cond-expr","locations":[{"start":{"line":43,"column":27},"end":{"line":43,"column":50}},{"start":{"line":43,"column":53},"end":{"line":43,"column":82}}]},"2":{"loc":{"start":{"line":46,"column":5},"end":{"line":48,"column":81}},"type":"binary-expr","locations":[{"start":{"line":46,"column":5},"end":{"line":46,"column":22}},{"start":{"line":46,"column":26},"end":{"line":48,"column":81}}]}},"s":{"0":2,"1":2,"2":2,"3":2,"4":2,"5":2,"6":2,"7":3,"8":3,"9":3,"10":3,"11":3,"12":3,"13":3,"14":3,"15":3,"16":3,"17":3,"18":3,"19":2,"20":1,"21":3,"22":2},"f":{"0":3,"1":3,"2":3,"3":3},"b":{"0":[2],"1":[3,0],"2":[3,0]}}
,"C:\\Work\\Local4Local\\mobile\\Local4Local\\app\\components\\offer-store-details\\OfferStoreDetailsStyle.tsx": {"path":"C:\\Work\\Local4Local\\mobile\\Local4Local\\app\\components\\offer-store-details\\OfferStoreDetailsStyle.tsx","statementMap":{"0":{"start":{"line":1,"column":0},"end":{"line":1,"column":40}},"1":{"start":{"line":2,"column":0},"end":{"line":2,"column":65}},"2":{"start":{"line":3,"column":0},"end":{"line":3,"column":50}},"3":{"start":{"line":5,"column":15},"end":{"line":35,"column":2}},"4":{"start":{"line":37,"column":0},"end":{"line":37,"column":22}}},"fnMap":{},"branchMap":{},"s":{"0":2,"1":2,"2":2,"3":2,"4":2},"f":{},"b":{}}
,"C:\\Work\\Local4Local\\mobile\\Local4Local\\app\\components\\offer-type-button\\OfferTypeButton.tsx": {"path":"C:\\Work\\Local4Local\\mobile\\Local4Local\\app\\components\\offer-type-button\\OfferTypeButton.tsx","statementMap":{"0":{"start":{"line":1,"column":0},"end":{"line":1,"column":26}},"1":{"start":{"line":2,"column":0},"end":{"line":2,"column":44}},"2":{"start":{"line":3,"column":0},"end":{"line":3,"column":44}},"3":{"start":{"line":4,"column":0},"end":{"line":4,"column":52}},"4":{"start":{"line":5,"column":0},"end":{"line":5,"column":47}},"5":{"start":{"line":8,"column":15},"end":{"line":8,"column":39}},"6":{"start":{"line":10,"column":14},"end":{"line":10,"column":49}},"7":{"start":{"line":12,"column":1},"end":{"line":30,"column":3}},"8":{"start":{"line":20,"column":4},"end":{"line":22,"column":null}},"9":{"start":{"line":21,"column":5},"end":{"line":21,"column":105}},"10":{"start":{"line":23,"column":4},"end":{"line":23,"column":96}},"11":{"start":{"line":25,"column":18},"end":{"line":25,"column":45}},"12":{"start":{"line":7,"column":0},"end":{"line":7,"column":24}}},"fnMap":{"0":{"name":"OfferTypeButton","decl":{"start":{"line":7,"column":24},"end":{"line":7,"column":39}},"loc":{"start":{"line":7,"column":79},"end":{"line":31,"column":1}}},"1":{"name":"(anonymous_2)","decl":{"start":{"line":19,"column":9},"end":{"line":19,"column":12}},"loc":{"start":{"line":19,"column":14},"end":{"line":24,"column":4}}},"2":{"name":"(anonymous_3)","decl":{"start":{"line":25,"column":12},"end":{"line":25,"column":15}},"loc":{"start":{"line":25,"column":18},"end":{"line":25,"column":45}}}},"branchMap":{"0":{"loc":{"start":{"line":10,"column":14},"end":{"line":10,"column":49}},"type":"cond-expr","locations":[{"start":{"line":10,"column":25},"end":{"line":10,"column":36}},{"start":{"line":10,"column":39},"end":{"line":10,"column":49}}]},"1":{"loc":{"start":{"line":20,"column":4},"end":{"line":22,"column":null}},"type":"if","locations":[{"start":{"line":20,"column":4},"end":{"line":22,"column":null}}]},"2":{"loc":{"start":{"line":20,"column":8},"end":{"line":20,"column":29}},"type":"binary-expr","locations":[{"start":{"line":20,"column":8},"end":{"line":20,"column":17}},{"start":{"line":20,"column":21},"end":{"line":20,"column":29}}]},"3":{"loc":{"start":{"line":23,"column":11},"end":{"line":23,"column":95}},"type":"cond-expr","locations":[{"start":{"line":23,"column":23},"end":{"line":23,"column":88}},{"start":{"line":23,"column":91},"end":{"line":23,"column":95}}]}},"s":{"0":2,"1":2,"2":2,"3":2,"4":2,"5":3,"6":3,"7":3,"8":3,"9":1,"10":2,"11":1,"12":2},"f":{"0":3,"1":3,"2":1},"b":{"0":[1,2],"1":[1],"2":[3,1],"3":[0,2]}}
,"C:\\Work\\Local4Local\\mobile\\Local4Local\\app\\components\\offer-type-button\\OfferTypeButtonStyle.tsx": {"path":"C:\\Work\\Local4Local\\mobile\\Local4Local\\app\\components\\offer-type-button\\OfferTypeButtonStyle.tsx","statementMap":{"0":{"start":{"line":1,"column":0},"end":{"line":1,"column":40}},"1":{"start":{"line":2,"column":0},"end":{"line":2,"column":54}},"2":{"start":{"line":3,"column":0},"end":{"line":3,"column":50}},"3":{"start":{"line":5,"column":15},"end":{"line":41,"column":2}},"4":{"start":{"line":43,"column":0},"end":{"line":43,"column":22}}},"fnMap":{},"branchMap":{},"s":{"0":2,"1":2,"2":2,"3":2,"4":2},"f":{},"b":{}}
,"C:\\Work\\Local4Local\\mobile\\Local4Local\\app\\components\\offer-type-selector\\OfferTypeSelector.tsx": {"path":"C:\\Work\\Local4Local\\mobile\\Local4Local\\app\\components\\offer-type-selector\\OfferTypeSelector.tsx","statementMap":{"0":{"start":{"line":1,"column":0},"end":{"line":1,"column":42}},"1":{"start":{"line":2,"column":0},"end":{"line":2,"column":67}},"2":{"start":{"line":3,"column":0},"end":{"line":3,"column":46}},"3":{"start":{"line":4,"column":0},"end":{"line":4,"column":66}},"4":{"start":{"line":7,"column":1},"end":{"line":24,"column":3}},"5":{"start":{"line":16,"column":4},"end":{"line":17,"column":null}},"6":{"start":{"line":6,"column":0},"end":{"line":6,"column":24}}},"fnMap":{"0":{"name":"OfferTypeSelector","decl":{"start":{"line":6,"column":24},"end":{"line":6,"column":41}},"loc":{"start":{"line":6,"column":93},"end":{"line":25,"column":1}}},"1":{"name":"(anonymous_2)","decl":{"start":{"line":15,"column":23},"end":{"line":15,"column":24}},"loc":{"start":{"line":16,"column":4},"end":{"line":17,"column":null}}}},"branchMap":{},"s":{"0":2,"1":2,"2":2,"3":2,"4":2,"5":10,"6":2},"f":{"0":2,"1":10},"b":{}}
,"C:\\Work\\Local4Local\\mobile\\Local4Local\\app\\components\\offer-type-selector\\OfferTypeSelectorStyle.tsx": {"path":"C:\\Work\\Local4Local\\mobile\\Local4Local\\app\\components\\offer-type-selector\\OfferTypeSelectorStyle.tsx","statementMap":{"0":{"start":{"line":1,"column":0},"end":{"line":1,"column":40}},"1":{"start":{"line":3,"column":15},"end":{"line":12,"column":2}},"2":{"start":{"line":14,"column":0},"end":{"line":14,"column":22}}},"fnMap":{},"branchMap":{},"s":{"0":2,"1":2,"2":2},"f":{},"b":{}}
,"C:\\Work\\Local4Local\\mobile\\Local4Local\\app\\components\\offers-list\\OffersList.tsx": {"path":"C:\\Work\\Local4Local\\mobile\\Local4Local\\app\\components\\offers-list\\OffersList.tsx","statementMap":{"0":{"start":{"line":1,"column":0},"end":{"line":1,"column":52}},"1":{"start":{"line":2,"column":0},"end":{"line":2,"column":48}},"2":{"start":{"line":3,"column":0},"end":{"line":3,"column":39}},"3":{"start":{"line":4,"column":0},"end":{"line":4,"column":53}},"4":{"start":{"line":5,"column":0},"end":{"line":5,"column":73}},"5":{"start":{"line":6,"column":0},"end":{"line":6,"column":52}},"6":{"start":{"line":7,"column":0},"end":{"line":7,"column":44}},"7":{"start":{"line":8,"column":0},"end":{"line":8,"column":66}},"8":{"start":{"line":9,"column":0},"end":{"line":9,"column":47}},"9":{"start":{"line":12,"column":0},"end":{"line":12,"column":55}},"10":{"start":{"line":16,"column":15},"end":{"line":16,"column":39}},"11":{"start":{"line":18,"column":39},"end":{"line":18,"column":50}},"12":{"start":{"line":19,"column":25},"end":{"line":19,"column":59}},"13":{"start":{"line":20,"column":43},"end":{"line":20,"column":58}},"14":{"start":{"line":22,"column":1},"end":{"line":24,"column":19}},"15":{"start":{"line":23,"column":2},"end":{"line":23,"column":14}},"16":{"start":{"line":27,"column":19},"end":{"line":43,"column":2}},"17":{"start":{"line":28,"column":2},"end":{"line":28,"column":25}},"18":{"start":{"line":30,"column":2},"end":{"line":41,"column":null}},"19":{"start":{"line":31,"column":40},"end":{"line":31,"column":134}},"20":{"start":{"line":32,"column":3},"end":{"line":34,"column":null}},"21":{"start":{"line":33,"column":4},"end":{"line":33,"column":11}},"22":{"start":{"line":36,"column":3},"end":{"line":36,"column":49}},"23":{"start":{"line":36,"column":23},"end":{"line":36,"column":47}},"24":{"start":{"line":38,"column":3},"end":{"line":38,"column":24}},"25":{"start":{"line":40,"column":3},"end":{"line":40,"column":27}},"26":{"start":{"line":45,"column":26},"end":{"line":64,"column":2}},"27":{"start":{"line":46,"column":2},"end":{"line":63,"column":null}},"28":{"start":{"line":66,"column":1},"end":{"line":86,"column":3}},"29":{"start":{"line":71,"column":5},"end":{"line":71,"column":91}},"30":{"start":{"line":78,"column":5},"end":{"line":80,"column":null}},"31":{"start":{"line":79,"column":6},"end":{"line":79,"column":38}},"32":{"start":{"line":82,"column":35},"end":{"line":82,"column":51}},"33":{"start":{"line":15,"column":0},"end":{"line":15,"column":24}}},"fnMap":{"0":{"name":"OffersList","decl":{"start":{"line":15,"column":24},"end":{"line":15,"column":34}},"loc":{"start":{"line":15,"column":102},"end":{"line":87,"column":1}}},"1":{"name":"(anonymous_2)","decl":{"start":{"line":22,"column":11},"end":{"line":22,"column":14}},"loc":{"start":{"line":22,"column":16},"end":{"line":24,"column":2}}},"2":{"name":"(anonymous_3)","decl":{"start":{"line":27,"column":19},"end":{"line":27,"column":24}},"loc":{"start":{"line":27,"column":30},"end":{"line":43,"column":2}}},"3":{"name":"(anonymous_4)","decl":{"start":{"line":36,"column":11},"end":{"line":36,"column":19}},"loc":{"start":{"line":36,"column":23},"end":{"line":36,"column":47}}},"4":{"name":"(anonymous_5)","decl":{"start":{"line":45,"column":26},"end":{"line":45,"column":29}},"loc":{"start":{"line":45,"column":31},"end":{"line":64,"column":2}}},"5":{"name":"(anonymous_6)","decl":{"start":{"line":70,"column":16},"end":{"line":70,"column":17}},"loc":{"start":{"line":71,"column":5},"end":{"line":71,"column":91}}},"6":{"name":"(anonymous_7)","decl":{"start":{"line":77,"column":18},"end":{"line":77,"column":21}},"loc":{"start":{"line":77,"column":23},"end":{"line":81,"column":5}}},"7":{"name":"(anonymous_8)","decl":{"start":{"line":82,"column":18},"end":{"line":82,"column":19}},"loc":{"start":{"line":82,"column":35},"end":{"line":82,"column":51}}}},"branchMap":{"0":{"loc":{"start":{"line":32,"column":3},"end":{"line":34,"column":null}},"type":"if","locations":[{"start":{"line":32,"column":3},"end":{"line":34,"column":null}}]},"1":{"loc":{"start":{"line":78,"column":5},"end":{"line":80,"column":null}},"type":"if","locations":[{"start":{"line":78,"column":5},"end":{"line":80,"column":null}}]},"2":{"loc":{"start":{"line":78,"column":9},"end":{"line":78,"column":42}},"type":"binary-expr","locations":[{"start":{"line":78,"column":9},"end":{"line":78,"column":23}},{"start":{"line":78,"column":27},"end":{"line":78,"column":42}}]}},"s":{"0":2,"1":2,"2":2,"3":2,"4":2,"5":2,"6":2,"7":2,"8":2,"9":2,"10":19,"11":19,"12":19,"13":19,"14":19,"15":6,"16":19,"17":6,"18":6,"19":6,"20":6,"21":3,"22":3,"23":3,"24":0,"25":6,"26":19,"27":19,"28":19,"29":12,"30":1,"31":1,"32":15,"33":2},"f":{"0":19,"1":6,"2":6,"3":3,"4":19,"5":12,"6":1,"7":15},"b":{"0":[3],"1":[1],"2":[1,1]}}
,"C:\\Work\\Local4Local\\mobile\\Local4Local\\app\\components\\offers-list\\OffersListStyle.tsx": {"path":"C:\\Work\\Local4Local\\mobile\\Local4Local\\app\\components\\offers-list\\OffersListStyle.tsx","statementMap":{"0":{"start":{"line":1,"column":0},"end":{"line":1,"column":40}},"1":{"start":{"line":2,"column":0},"end":{"line":2,"column":62}},"2":{"start":{"line":3,"column":0},"end":{"line":3,"column":50}},"3":{"start":{"line":5,"column":15},"end":{"line":34,"column":2}},"4":{"start":{"line":36,"column":0},"end":{"line":36,"column":22}}},"fnMap":{},"branchMap":{},"s":{"0":2,"1":2,"2":2,"3":2,"4":2},"f":{},"b":{}}
,"C:\\Work\\Local4Local\\mobile\\Local4Local\\app\\components\\supplier-info\\SupplierInfo.tsx": {"path":"C:\\Work\\Local4Local\\mobile\\Local4Local\\app\\components\\supplier-info\\SupplierInfo.tsx","statementMap":{"0":{"start":{"line":1,"column":0},"end":{"line":1,"column":45}},"1":{"start":{"line":2,"column":0},"end":{"line":2,"column":70}},"2":{"start":{"line":3,"column":0},"end":{"line":3,"column":36}},"3":{"start":{"line":4,"column":0},"end":{"line":4,"column":42}},"4":{"start":{"line":5,"column":0},"end":{"line":5,"column":59}},"5":{"start":{"line":6,"column":0},"end":{"line":6,"column":62}},"6":{"start":{"line":7,"column":0},"end":{"line":7,"column":52}},"7":{"start":{"line":8,"column":0},"end":{"line":8,"column":56}},"8":{"start":{"line":10,"column":0},"end":{"line":10,"column":46}},"9":{"start":{"line":11,"column":0},"end":{"line":11,"column":47}},"10":{"start":{"line":12,"column":0},"end":{"line":12,"column":48}},"11":{"start":{"line":13,"column":0},"end":{"line":13,"column":69}},"12":{"start":{"line":14,"column":0},"end":{"line":14,"column":85}},"13":{"start":{"line":16,"column":0},"end":{"line":16,"column":69}},"14":{"start":{"line":27,"column":15},"end":{"line":27,"column":39}},"15":{"start":{"line":28,"column":71},"end":{"line":28,"column":102}},"16":{"start":{"line":30,"column":1},"end":{"line":32,"column":8}},"17":{"start":{"line":31,"column":2},"end":{"line":31,"column":25}},"18":{"start":{"line":34,"column":51},"end":{"line":34,"column":89}},"19":{"start":{"line":35,"column":45},"end":{"line":35,"column":60}},"20":{"start":{"line":37,"column":21},"end":{"line":37,"column":31}},"21":{"start":{"line":38,"column":19},"end":{"line":38,"column":39}},"22":{"start":{"line":39,"column":14},"end":{"line":39,"column":36}},"23":{"start":{"line":42,"column":1},"end":{"line":48,"column":8}},"24":{"start":{"line":43,"column":22},"end":{"line":43,"column":46}},"25":{"start":{"line":44,"column":2},"end":{"line":46,"column":null}},"26":{"start":{"line":45,"column":3},"end":{"line":45,"column":10}},"27":{"start":{"line":47,"column":2},"end":{"line":47,"column":38}},"28":{"start":{"line":50,"column":1},"end":{"line":52,"column":34}},"29":{"start":{"line":51,"column":2},"end":{"line":51,"column":45}},"30":{"start":{"line":54,"column":31},"end":{"line":56,"column":2}},"31":{"start":{"line":55,"column":2},"end":{"line":55,"column":null}},"32":{"start":{"line":55,"column":52},"end":{"line":55,"column":93}},"33":{"start":{"line":58,"column":32},"end":{"line":65,"column":2}},"34":{"start":{"line":59,"column":2},"end":{"line":64,"column":null}},"35":{"start":{"line":60,"column":39},"end":{"line":60,"column":82}},"36":{"start":{"line":61,"column":3},"end":{"line":61,"column":47}},"37":{"start":{"line":63,"column":3},"end":{"line":63,"column":24}},"38":{"start":{"line":67,"column":22},"end":{"line":77,"column":2}},"39":{"start":{"line":69,"column":19},"end":{"line":69,"column":38}},"40":{"start":{"line":70,"column":28},"end":{"line":70,"column":66}},"41":{"start":{"line":71,"column":28},"end":{"line":71,"column":48}},"42":{"start":{"line":73,"column":2},"end":{"line":75,"column":null}},"43":{"start":{"line":74,"column":3},"end":{"line":74,"column":100}},"44":{"start":{"line":76,"column":2},"end":{"line":76,"column":69}},"45":{"start":{"line":80,"column":30},"end":{"line":83,"column":2}},"46":{"start":{"line":81,"column":28},"end":{"line":81,"column":84}},"47":{"start":{"line":82,"column":2},"end":{"line":82,"column":42}},"48":{"start":{"line":85,"column":27},"end":{"line":89,"column":2}},"49":{"start":{"line":86,"column":23},"end":{"line":86,"column":95}},"50":{"start":{"line":86,"column":72},"end":{"line":86,"column":94}},"51":{"start":{"line":87,"column":20},"end":{"line":87,"column":60}},"52":{"start":{"line":88,"column":2},"end":{"line":88,"column":33}},"53":{"start":{"line":91,"column":50},"end":{"line":91,"column":73}},"54":{"start":{"line":92,"column":1},"end":{"line":94,"column":null}},"55":{"start":{"line":93,"column":2},"end":{"line":93,"column":51}},"56":{"start":{"line":97,"column":2},"end":{"line":103,"column":null}},"57":{"start":{"line":108,"column":2},"end":{"line":119,"column":null}},"58":{"start":{"line":111,"column":5},"end":{"line":111,"column":null}},"59":{"start":{"line":123,"column":1},"end":{"line":145,"column":3}},"60":{"start":{"line":26,"column":0},"end":{"line":26,"column":24}}},"fnMap":{"0":{"name":"SupplierInfo","decl":{"start":{"line":26,"column":24},"end":{"line":26,"column":36}},"loc":{"start":{"line":26,"column":103},"end":{"line":146,"column":1}}},"1":{"name":"(anonymous_2)","decl":{"start":{"line":30,"column":11},"end":{"line":30,"column":14}},"loc":{"start":{"line":30,"column":16},"end":{"line":32,"column":2}}},"2":{"name":"(anonymous_3)","decl":{"start":{"line":42,"column":11},"end":{"line":42,"column":14}},"loc":{"start":{"line":42,"column":16},"end":{"line":48,"column":2}}},"3":{"name":"(anonymous_4)","decl":{"start":{"line":50,"column":11},"end":{"line":50,"column":14}},"loc":{"start":{"line":50,"column":16},"end":{"line":52,"column":2}}},"4":{"name":"(anonymous_5)","decl":{"start":{"line":54,"column":31},"end":{"line":54,"column":34}},"loc":{"start":{"line":54,"column":36},"end":{"line":56,"column":2}}},"5":{"name":"(anonymous_6)","decl":{"start":{"line":55,"column":41},"end":{"line":55,"column":48}},"loc":{"start":{"line":55,"column":52},"end":{"line":55,"column":93}}},"6":{"name":"(anonymous_7)","decl":{"start":{"line":58,"column":32},"end":{"line":58,"column":37}},"loc":{"start":{"line":58,"column":55},"end":{"line":65,"column":2}}},"7":{"name":"(anonymous_8)","decl":{"start":{"line":67,"column":22},"end":{"line":67,"column":23}},"loc":{"start":{"line":67,"column":54},"end":{"line":77,"column":2}}},"8":{"name":"(anonymous_9)","decl":{"start":{"line":80,"column":30},"end":{"line":80,"column":33}},"loc":{"start":{"line":80,"column":35},"end":{"line":83,"column":2}}},"9":{"name":"(anonymous_10)","decl":{"start":{"line":85,"column":27},"end":{"line":85,"column":30}},"loc":{"start":{"line":85,"column":32},"end":{"line":89,"column":2}}},"10":{"name":"(anonymous_11)","decl":{"start":{"line":86,"column":46},"end":{"line":86,"column":47}},"loc":{"start":{"line":86,"column":72},"end":{"line":86,"column":94}}},"11":{"name":"(anonymous_12)","decl":{"start":{"line":110,"column":22},"end":{"line":110,"column":23}},"loc":{"start":{"line":111,"column":5},"end":{"line":111,"column":null}}}},"branchMap":{"0":{"loc":{"start":{"line":44,"column":2},"end":{"line":46,"column":null}},"type":"if","locations":[{"start":{"line":44,"column":2},"end":{"line":46,"column":null}}]},"1":{"loc":{"start":{"line":44,"column":6},"end":{"line":44,"column":86}},"type":"binary-expr","locations":[{"start":{"line":44,"column":6},"end":{"line":44,"column":32}},{"start":{"line":44,"column":36},"end":{"line":44,"column":86}}]},"2":{"loc":{"start":{"line":73,"c
[...]
,"C:\\Work\\Local4Local\\mobile\\Local4Local\\app\\utils\\enums\\navigationEnum.tsx": {"path":"C:\\Work\\Local4Local\\mobile\\Local4Local\\app\\utils\\enums\\navigationEnum.tsx","statementMap":{"0":{"start":{"line":1,"column":0},"end":{"line":1,"column":null}},"1":{"start":{"line":2,"column":1},"end":{"line":2,"column":null}},"2":{"start":{"line":3,"column":1},"end":{"line":3,"column":null}},"3":{"start":{"line":4,"column":1},"end":{"line":4,"column":null}},"4":{"start":{"line":5,"column":1},"end":{"line":5,"column":null}},"5":{"start":{"line":6,"column":1},"end":{"line":6,"column":null}},"6":{"start":{"line":7,"column":1},"end":{"line":7,"column":null}},"7":{"start":{"line":8,"column":1},"end":{"line":8,"column":null}},"8":{"start":{"line":9,"column":1},"end":{"line":9,"column":null}},"9":{"start":{"line":10,"column":1},"end":{"line":10,"column":null}},"10":{"start":{"line":11,"column":1},"end":{"line":11,"column":null}},"11":{"start":{"line":12,"column":1},"end":{"line":12,"column":null}}},"fnMap":{"0":{"name":"(anonymous_0)","decl":{"start":{"line":1,"column":0},"end":{"line":1,"column":12}},"loc":{"start":{"line":1,"column":26},"end":{"line":13,"column":1}}}},"branchMap":{"0":{"loc":{"start":{"line":1,"column":12},"end":{"line":1,"column":null}},"type":"binary-expr","locations":[{"start":{"line":1,"column":12},"end":{"line":1,"column":26}},{"start":{"line":1,"column":12},"end":{"line":1,"column":null}}]}},"s":{"0":7,"1":7,"2":7,"3":7,"4":7,"5":7,"6":7,"7":7,"8":7,"9":7,"10":7,"11":7},"f":{"0":7},"b":{"0":[7,7]}}
,"C:\\Work\\Local4Local\\mobile\\Local4Local\\app\\utils\\enums\\offerTypeEnum.tsx": {"path":"C:\\Work\\Local4Local\\mobile\\Local4Local\\app\\utils\\enums\\offerTypeEnum.tsx","statementMap":{"0":{"start":{"line":1,"column":0},"end":{"line":1,"column":null}},"1":{"start":{"line":2,"column":1},"end":{"line":2,"column":null}},"2":{"start":{"line":3,"column":1},"end":{"line":3,"column":null}},"3":{"start":{"line":4,"column":1},"end":{"line":4,"column":null}},"4":{"start":{"line":5,"column":1},"end":{"line":5,"column":null}}},"fnMap":{"0":{"name":"(anonymous_0)","decl":{"start":{"line":1,"column":0},"end":{"line":1,"column":12}},"loc":{"start":{"line":1,"column":25},"end":{"line":6,"column":1}}}},"branchMap":{"0":{"loc":{"start":{"line":1,"column":12},"end":{"line":1,"column":null}},"type":"binary-expr","locations":[{"start":{"line":1,"column":12},"end":{"line":1,"column":25}},{"start":{"line":1,"column":12},"end":{"line":1,"column":null}}]}},"s":{"0":2,"1":2,"2":2,"3":2,"4":2},"f":{"0":2},"b":{"0":[2,2]}}
,"C:\\Work\\Local4Local\\mobile\\Local4Local\\app\\utils\\enums\\personalInfoFormControlsEnum.tsx": {"path":"C:\\Work\\Local4Local\\mobile\\Local4Local\\app\\utils\\enums\\personalInfoFormControlsEnum.tsx","statementMap":{"0":{"start":{"line":1,"column":0},"end":{"line":1,"column":null}},"1":{"start":{"line":2,"column":1},"end":{"line":2,"column":null}},"2":{"start":{"line":3,"column":1},"end":{"line":3,"column":null}},"3":{"start":{"line":4,"column":1},"end":{"line":4,"column":null}},"4":{"start":{"line":5,"column":1},"end":{"line":5,"column":null}}},"fnMap":{"0":{"name":"(anonymous_0)","decl":{"start":{"line":1,"column":0},"end":{"line":1,"column":12}},"loc":{"start":{"line":1,"column":40},"end":{"line":6,"column":1}}}},"branchMap":{"0":{"loc":{"start":{"line":1,"column":12},"end":{"line":1,"column":null}},"type":"binary-expr","locations":[{"start":{"line":1,"column":12},"end":{"line":1,"column":40}},{"start":{"line":1,"column":12},"end":{"line":1,"column":null}}]}},"s":{"0":2,"1":2,"2":2,"3":2,"4":2},"f":{"0":2},"b":{"0":[2,2]}}
,"C:\\Work\\Local4Local\\mobile\\Local4Local\\app\\utils\\enums\\timeZoneEnum.tsx": {"path":"C:\\Work\\Local4Local\\mobile\\Local4Local\\app\\utils\\enums\\timeZoneEnum.tsx","statementMap":{"0":{"start":{"line":1,"column":0},"end":{"line":1,"column":null}},"1":{"start":{"line":2,"column":1},"end":{"line":2,"column":null}},"2":{"start":{"line":3,"column":1},"end":{"line":3,"column":null}}},"fnMap":{"0":{"name":"(anonymous_0)","decl":{"start":{"line":1,"column":0},"end":{"line":1,"column":12}},"loc":{"start":{"line":1,"column":24},"end":{"line":4,"column":1}}}},"branchMap":{"0":{"loc":{"start":{"line":1,"column":12},"end":{"line":1,"column":null}},"type":"binary-expr","locations":[{"start":{"line":1,"column":12},"end":{"line":1,"column":24}},{"start":{"line":1,"column":12},"end":{"line":1,"column":null}}]}},"s":{"0":2,"1":2,"2":2},"f":{"0":2},"b":{"0":[2,2]}}
,"C:\\Work\\Local4Local\\mobile\\Local4Local\\app\\utils\\enums\\toasterTypeEnum.tsx": {"path":"C:\\Work\\Local4Local\\mobile\\Local4Local\\app\\utils\\enums\\toasterTypeEnum.tsx","statementMap":{"0":{"start":{"line":1,"column":0},"end":{"line":1,"column":null}},"1":{"start":{"line":2,"column":1},"end":{"line":2,"column":null}},"2":{"start":{"line":3,"column":1},"end":{"line":3,"column":null}},"3":{"start":{"line":4,"column":1},"end":{"line":4,"column":null}},"4":{"start":{"line":5,"column":1},"end":{"line":5,"column":null}}},"fnMap":{"0":{"name":"(anonymous_0)","decl":{"start":{"line":1,"column":0},"end":{"line":1,"column":12}},"loc":{"start":{"line":1,"column":27},"end":{"line":6,"column":1}}}},"branchMap":{"0":{"loc":{"start":{"line":1,"column":12},"end":{"line":1,"column":null}},"type":"binary-expr","locations":[{"start":{"line":1,"column":12},"end":{"line":1,"column":27}},{"start":{"line":1,"column":12},"end":{"line":1,"column":null}}]}},"s":{"0":4,"1":4,"2":4,"3":4,"4":4},"f":{"0":4},"b":{"0":[4,4]}}
,"C:\\Work\\Local4Local\\mobile\\Local4Local\\app\\utils\\form\\formRules.tsx": {"path":"C:\\Work\\Local4Local\\mobile\\Local4Local\\app\\utils\\form\\formRules.tsx","statementMap":{"0":{"start":{"line":1,"column":38},"end":{"line":9,"column":6}},"1":{"start":{"line":2,"column":1},"end":{"line":9,"column":6}},"2":{"start":{"line":1,"column":13},"end":{"line":1,"column":38}},"3":{"start":{"line":11,"column":40},"end":{"line":24,"column":6}},"4":{"start":{"line":12,"column":1},"end":{"line":24,"column":6}},"5":{"start":{"line":15,"column":30},"end":{"line":15,"column":56}},"6":{"start":{"line":17,"column":4},"end":{"line":19,"column":null}},"7":{"start":{"line":18,"column":5},"end":{"line":18,"column":17}},"8":{"start":{"line":21,"column":4},"end":{"line":21,"column":23}},"9":{"start":{"line":11,"column":13},"end":{"line":11,"column":40}},"10":{"start":{"line":26,"column":41},"end":{"line":34,"column":6}},"11":{"start":{"line":27,"column":1},"end":{"line":34,"column":6}},"12":{"start":{"line":26,"column":13},"end":{"line":26,"column":41}}},"fnMap":{"0":{"name":"(anonymous_0)","decl":{"start":{"line":1,"column":38},"end":{"line":1,"column":39}},"loc":{"start":{"line":2,"column":1},"end":{"line":9,"column":6}}},"1":{"name":"(anonymous_1)","decl":{"start":{"line":11,"column":40},"end":{"line":11,"column":41}},"loc":{"start":{"line":12,"column":1},"end":{"line":24,"column":6}}},"2":{"name":"(anonymous_2)","decl":{"start":{"line":14,"column":13},"end":{"line":14,"column":14}},"loc":{"start":{"line":14,"column":46},"end":{"line":22,"column":4}}},"3":{"name":"(anonymous_3)","decl":{"start":{"line":26,"column":41},"end":{"line":26,"column":42}},"loc":{"start":{"line":27,"column":1},"end":{"line":34,"column":6}}}},"branchMap":{"0":{"loc":{"start":{"line":2,"column":1},"end":{"line":9,"column":6}},"type":"cond-expr","locations":[{"start":{"line":3,"column":4},"end":{"line":8,"column":null}},{"start":{"line":9,"column":4},"end":{"line":9,"column":6}}]},"1":{"loc":{"start":{"line":12,"column":1},"end":{"line":24,"column":6}},"type":"cond-expr","locations":[{"start":{"line":13,"column":4},"end":{"line":23,"column":null}},{"start":{"line":24,"column":4},"end":{"line":24,"column":6}}]},"2":{"loc":{"start":{"line":17,"column":4},"end":{"line":19,"column":null}},"type":"if","locations":[{"start":{"line":17,"column":4},"end":{"line":19,"column":null}}]},"3":{"loc":{"start":{"line":27,"column":1},"end":{"line":34,"column":6}},"type":"cond-expr","locations":[{"start":{"line":28,"column":4},"end":{"line":33,"column":null}},{"start":{"line":34,"column":4},"end":{"line":34,"column":6}}]}},"s":{"0":1,"1":2,"2":1,"3":1,"4":2,"5":2,"6":2,"7":1,"8":1,"9":1,"10":1,"11":2,"12":1},"f":{"0":2,"1":2,"2":2,"3":2},"b":{"0":[1,1],"1":[1,1],"2":[1],"3":[1,1]}}
,"C:\\Work\\Local4Local\\mobile\\Local4Local\\app\\utils\\geolocation\\GeolocationUtils.tsx": {"path":"C:\\Work\\Local4Local\\mobile\\Local4Local\\app\\utils\\geolocation\\GeolocationUtils.tsx","statementMap":{"0":{"start":{"line":1,"column":0},"end":{"line":1,"column":80}},"1":{"start":{"line":2,"column":0},"end":{"line":2,"column":56}},"2":{"start":{"line":3,"column":0},"end":{"line":3,"column":59}},"3":{"start":{"line":4,"column":0},"end":{"line":4,"column":64}},"4":{"start":{"line":8,"column":36},"end":{"line":21,"column":2}},"5":{"start":{"line":11,"column":2},"end":{"line":18,"column":null}},"6":{"start":{"line":12,"column":3},"end":{"line":12,"column":72}},"7":{"start":{"line":13,"column":9},"end":{"line":18,"column":null}},"8":{"start":{"line":14,"column":3},"end":{"line":14,"column":63}},"9":{"start":{"line":15,"column":3},"end":{"line":17,"column":null}},"10":{"start":{"line":16,"column":4},"end":{"line":16,"column":67}},"11":{"start":{"line":20,"column":2},"end":{"line":20,"column":20}},"12":{"start":{"line":23,"column":20},"end":{"line":25,"column":2}},"13":{"start":{"line":24,"column":2},"end":{"line":24,"column":33}},"14":{"start":{"line":27,"column":26},"end":{"line":37,"column":2}},"15":{"start":{"line":28,"column":12},"end":{"line":28,"column":16}},"16":{"start":{"line":29,"column":15},"end":{"line":29,"column":54}},"17":{"start":{"line":30,"column":15},"end":{"line":30,"column":54}},"18":{"start":{"line":31,"column":12},"end":{"line":33,"column":42}},"19":{"start":{"line":34,"column":12},"end":{"line":34,"column":58}},"20":{"start":{"line":35,"column":19},"end":{"line":35,"column":24}},"21":{"start":{"line":36,"column":2},"end":{"line":36,"column":18}},"22":{"start":{"line":39,"column":31},"end":{"line":76,"column":2}},"23":{"start":{"line":40,"column":21},"end":{"line":40,"column":71}},"24":{"start":{"line":42,"column":2},"end":{"line":72,"column":null}},"25":{"start":{"line":43,"column":19},"end":{"line":54,"column":null}},"26":{"start":{"line":45,"column":5},"end":{"line":48,"column":8}},"27":{"start":{"line":51,"column":5},"end":{"line":51,"column":38}},"28":{"start":{"line":52,"column":5},"end":{"line":52,"column":65}},"29":{"start":{"line":56,"column":3},"end":{"line":56,"column":18}},"30":{"start":{"line":57,"column":9},"end":{"line":72,"column":null}},"31":{"start":{"line":58,"column":3},"end":{"line":63,"column":6}},"32":{"start":{"line":61,"column":20},"end":{"line":61,"column":42}},"33":{"start":{"line":66,"column":3},"end":{"line":71,"column":6}},"34":{"start":{"line":69,"column":20},"end":{"line":69,"column":70}},"35":{"start":{"line":73,"column":2},"end":{"line":73,"column":35}},"36":{"start":{"line":75,"column":2},"end":{"line":75,"column":14}},"37":{"start":{"line":78,"column":21},"end":{"line":80,"column":2}},"38":{"start":{"line":79,"column":2},"end":{"line":79,"column":47}},"39":{"start":{"line":6,"column":0},"end":{"line":6,"column":21}}},"fnMap":{"0":{"name":"(anonymous_1)","decl":{"start":{"line":8,"column":36},"end":{"line":8,"column":41}},"loc":{"start":{"line":8,"column":47},"end":{"line":21,"column":2}}},"1":{"name":"(anonymous_2)","decl":{"start":{"line":23,"column":20},"end":{"line":23,"column":21}},"loc":{"start":{"line":23,"column":40},"end":{"line":25,"column":2}}},"2":{"name":"(anonymous_3)","decl":{"start":{"line":27,"column":26},"end":{"line":27,"column":27}},"loc":{"start":{"line":27,"column":85},"end":{"line":37,"column":2}}},"3":{"name":"(anonymous_4)","decl":{"start":{"line":39,"column":31},"end":{"line":39,"column":36}},"loc":{"start":{"line":39,"column":58},"end":{"line":76,"column":2}}},"4":{"name":"(anonymous_5)","decl":{"start":{"line":44,"column":4},"end":{"line":44,"column":5}},"loc":{"start":{"line":44,"column":17},"end":{"line":49,"column":5}}},"5":{"name":"(anonymous_6)","decl":{"start":{"line":50,"column":4},"end":{"line":50,"column":5}},"loc":{"start":{"line":50,"column":14},"end":{"line":53,"column":5}}},"6":{"name":"(anonymous_7)","decl":{"start":{"line":61,"column":14},"end":{"line":61,"column":17}},"loc":{"start":{"line":61,"column":20},"end":{"line":61,"column":42}}},"7":{"name":"(anonymous_8)","decl":{"start":{"line":69,"column":14},"end":{"line":69,"column":17}},"loc":{"start":{"line":69,"column":20},"end":{"line":69,"column":70}}},"8":{"name":"(anonymous_9)","decl":{"start":{"line":78,"column":21},"end":{"line":78,"column":22}},"loc":{"start":{"line":78,"column":38},"end":{"line":80,"column":2}}}},"branchMap":{"0":{"loc":{"start":{"line":11,"column":2},"end":{"line":18,"column":null}},"type":"if","locations":[{"start":{"line":11,"column":2},"end":{"line":18,"column":null}},{"start":{"line":13,"column":9},"end":{"line":18,"column":null}}]},"1":{"loc":{"start":{"line":13,"column":9},"end":{"line":18,"column":null}},"type":"if","locations":[{"start":{"line":13,"column":9},"end":{"line":18,"column":null}}]},"2":{"loc":{"start":{"line":15,"column":3},"end":{"line":17,"column":null}},"type":"if","locations":[{"start":{"line":15,"column":3},"end":{"line":17,"column":null}}]},"3":{"loc":{"start":{"line":42,"column":2},"end":{"line":72,"column":null}},"type":"if","locations":[{"start":{"line":42,"column":2},"end":{"line":72,"column":null}},{"start":{"line":57,"column":9},"end":{"line":72,"column":null}}]},"4":{"loc":{"start":{"line":57,"column":9},"end":{"line":72,"column":null}},"type":"if","locations":[{"start":{"line":57,"column":9},"end":{"line":72,"column":null}},{"start":{"line":65,"column":7},"end":{"line":72,"column":null}}]},"5":{"loc":{"start":{"line":79,"column":3},"end":{"line":79,"column":45}},"type":"binary-expr","locations":[{"start":{"line":79,"column":3},"end":{"line":79,"column":10}},{"start":{"line":79,"column":14},"end":{"line":79,"column":45}}]}},"s":{"0":6,"1":6,"2":6,"3":6,"4":6,"5":5,"6":1,"7":4,"8":4,"9":4,"10":1,"11":5,"12":6,"13":5,"14":6,"15":1,"16":1,"17":1,"18":1,"19":1,"20":1,"21":1,"22":6,"23":3,"24":3,"25":2,"26":1,"27":1,"28":1,"29":2,"30":1,"31":0,"32":0,"33":1,"34":0,"35":1,"36":1,"37":6,"38":1,"39":6},"f":{"0":5,"1":5,"2":1,"3":3,"4":1,"5":1,"6":0,"7":0,"8":1},"b":{"0":[1,4],"1":[4],"2":[1],"3":[2,1],"4":[0,1],"5":[1,1]}}
,"C:\\Work\\Local4Local\\mobile\\Local4Local\\app\\utils\\models\\CitizenProfileDto.tsx": {"path":"C:\\Work\\Local4Local\\mobile\\Local4Local\\app\\utils\\models\\CitizenProfileDto.tsx","statementMap":{"0":{"start":{"line":10,"column":2},"end":{"line":10,"column":27}},"1":{"start":{"line":11,"column":2},"end":{"line":11,"column":29}},"2":{"start":{"line":12,"column":2},"end":{"line":12,"column":27}},"3":{"start":{"line":13,"column":2},"end":{"line":13,"column":25}},"4":{"start":{"line":14,"column":2},"end":{"line":14,"column":29}},"5":{"start":{"line":1,"column":0},"end":{"line":1,"column":13}}},"fnMap":{"0":{"name":"(anonymous_0)","decl":{"start":{"line":9,"column":1},"end":{"line":9,"column":13}},"loc":{"start":{"line":9,"column":104},"end":{"line":16,"column":2}}}},"branchMap":{},"s":{"0":2,"1":2,"2":2,"3":2,"4":2,"5":2},"f":{"0":2},"b":{}}
,"C:\\Work\\Local4Local\\mobile\\Local4Local\\app\\utils\\models\\DeleteAccountDto.tsx": {"path":"C:\\Work\\Local4Local\\mobile\\Local4Local\\app\\utils\\models\\DeleteAccountDto.tsx","statementMap":{"0":{"start":{"line":8,"column":2},"end":{"line":8,"column":55}},"1":{"start":{"line":3,"column":0},"end":{"line":3,"column":13}}},"fnMap":{"0":{"name":"(anonymous_0)","decl":{"start":{"line":7,"column":1},"end":{"line":7,"column":13}},"loc":{"start":{"line":7,"column":60},"end":{"line":9,"column":2}}}},"branchMap":{},"s":{"0":3,"1":3},"f":{"0":3},"b":{}}
,"C:\\Work\\Local4Local\\mobile\\Local4Local\\app\\utils\\models\\OfferType.tsx": {"path":"C:\\Work\\Local4Local\\mobile\\Local4Local\\app\\utils\\models\\OfferType.tsx","statementMap":{"0":{"start":{"line":1,"column":0},"end":{"line":1,"column":50}},"1":{"start":{"line":10,"column":2},"end":{"line":10,"column":21}},"2":{"start":{"line":11,"column":2},"end":{"line":11,"column":35}},"3":{"start":{"line":12,"column":2},"end":{"line":12,"column":39}},"4":{"start":{"line":3,"column":0},"end":{"line":3,"column":13}},"5":{"start":{"line":18,"column":1},"end":{"line":29,"column":null}},"6":{"start":{"line":20,"column":3},"end":{"line":20,"column":68}},"7":{"start":{"line":22,"column":3},"end":{"line":22,"column":71}},"8":{"start":{"line":24,"column":3},"end":{"line":24,"column":71}},"9":{"start":{"line":26,"column":3},"end":{"line":26,"column":71}},"10":{"start":{"line":28,"column":3},"end":{"line":28,"column":70}},"11":{"start":{"line":17,"column":0},"end":{"line":17,"column":16}}},"fnMap":{"0":{"name":"(anonymous_0)","decl":{"start":{"line":9,"column":1},"end":{"line":9,"column":13}},"loc":{"start":{"line":9,"column":72},"end":{"line":13,"column":2}}},"1":{"name":"getOfferTypeData","decl":{"start":{"line":17,"column":16},"end":{"line":17,"column":32}},"loc":{"start":{"line":17,"column":43},"end":{"line":30,"column":1}}}},"branchMap":{"0":{"loc":{"start":{"line":18,"column":1},"end":{"line":29,"column":null}},"type":"switch","locations":[{"start":{"line":19,"column":2},"end":{"line":20,"column":68}},{"start":{"line":21,"column":2},"end":{"line":22,"column":71}},{"start":{"line":23,"column":2},"end":{"line":24,"column":71}},{"start":{"line":25,"column":2},"end":{"line":26,"column":71}},{"start":{"line":27,"column":2},"end":{"line":28,"column":70}}]}},"s":{"0":3,"1":38,"2":38,"3":38,"4":3,"5":38,"6":32,"7":2,"8":2,"9":2,"10":0,"11":3},"f":{"0":38,"1":38},"b":{"0":[32,2,2,2,0]}}
,"C:\\Work\\Local4Local\\mobile\\Local4Local\\app\\utils\\models\\UseOfferDto.tsx": {"path":"C:\\Work\\Local4Local\\mobile\\Local4Local\\app\\utils\\models\\UseOfferDto.tsx","statementMap":{"0":{"start":{"line":9,"column":2},"end":{"line":9,"column":25}},"1":{"start":{"line":10,"column":2},"end":{"line":10,"column":33}},"2":{"start":{"line":11,"column":2},"end":{"line":11,"column":37}},"3":{"start":{"line":1,"column":0},"end":{"line":1,"column":13}}},"fnMap":{"0":{"name":"(anonymous_0)","decl":{"start":{"line":8,"column":1},"end":{"line":8,"column":13}},"loc":{"start":{"line":8,"column":66},"end":{"line":12,"column":2}}}},"branchMap":{"0":{"loc":{"start":{"line":11,"column":16},"end":{"line":11,"column":36}},"type":"cond-expr","locations":[{"start":{"line":11,"column":24},"end":{"line":11,"column":30}},{"start":{"line":11,"column":33},"end":{"line":11,"column":36}}]}},"s":{"0":2,"1":2,"2":2,"3":2},"f":{"0":2},"b":{"0":[0,2]}}
,"C:\\Work\\Local4Local\\mobile\\Local4Local\\app\\utils\\models\\WorkingHour.tsx": {"path":"C:\\Work\\Local4Local\\mobile\\Local4Local\\app\\utils\\models\\WorkingHour.tsx","statementMap":{"0":{"start":{"line":9,"column":2},"end":{"line":9,"column":15}},"1":{"start":{"line":10,"column":2},"end":{"line":10,"column":17}},"2":{"start":{"line":11,"column":2},"end":{"line":11,"column":27}},"3":{"start":{"line":12,"column":2},"end":{"line":12,"column":29}},"4":{"start":{"line":13,"column":2},"end":{"line":13,"column":29}},"5":{"start":{"line":1,"column":0},"end":{"line":1,"column":13}}},"fnMap":{"0":{"name":"(anonymous_0)","decl":{"start":{"line":8,"column":1},"end":{"line":8,"column":13}},"loc":{"start":{"line":8,"column":93},"end":{"line":14,"column":2}}}},"branchMap":{},"s":{"0":8,"1":8,"2":8,"3":8,"4":8,"5":4},"f":{"0":8},"b":{}}
}
