TN:
SF:app\assets\background-element.png
FNF:0
FNH:0
DA:1,4
LF:1
LH:1
BRF:0
BRH:0
end_of_record
TN:
SF:app\assets\exclamation-danger.svg
FNF:0
FNH:0
DA:1,1
LF:1
LH:1
BRF:0
BRH:0
end_of_record
TN:
SF:app\assets\icons\check-circle_b.svg
FNF:0
FNH:0
DA:1,2
LF:1
LH:1
BRF:0
BRH:0
end_of_record
TN:
SF:app\assets\icons\chevron-large-left_r.svg
FNF:0
FNH:0
DA:1,1
LF:1
LH:1
BRF:0
BRH:0
end_of_record
TN:
SF:app\assets\icons\chevron-large-right_r.svg
FNF:0
FNH:0
DA:1,1
LF:1
LH:1
BRF:0
BRH:0
end_of_record
TN:
SF:app\assets\icons\clock_b.svg
FNF:0
FNH:0
DA:1,1
LF:1
LH:1
BRF:0
BRH:0
end_of_record
TN:
SF:app\assets\icons\close.svg
FNF:0
FNH:0
DA:1,1
LF:1
LH:1
BRF:0
BRH:0
end_of_record
TN:
SF:app\assets\icons\coins.svg
FNF:0
FNH:0
DA:1,1
LF:1
LH:1
BRF:0
BRH:0
end_of_record
TN:
SF:app\assets\icons\directions_walk.svg
FNF:0
FNH:0
DA:1,1
LF:1
LH:1
BRF:0
BRH:0
end_of_record
TN:
SF:app\assets\icons\euro-coin_b.svg
FNF:0
FNH:0
DA:1,1
LF:1
LH:1
BRF:0
BRH:0
end_of_record
TN:
SF:app\assets\icons\exclamation-circle_b.svg
FNF:0
FNH:0
DA:1,2
LF:1
LH:1
BRF:0
BRH:0
end_of_record
TN:
SF:app\assets\icons\exclamation-triangle_b.svg
FNF:0
FNH:0
DA:1,2
LF:1
LH:1
BRF:0
BRH:0
end_of_record
TN:
SF:app\assets\icons\flag-en.svg
FNF:0
FNH:0
DA:1,1
LF:1
LH:1
BRF:0
BRH:0
end_of_record
TN:
SF:app\assets\icons\flag-nl.svg
FNF:0
FNH:0
DA:1,1
LF:1
LH:1
BRF:0
BRH:0
end_of_record
TN:
SF:app\assets\icons\hand-euro-coin_b.svg
FNF:0
FNH:0
DA:1,1
LF:1
LH:1
BRF:0
BRH:0
end_of_record
TN:
SF:app\assets\icons\image_b.svg
FNF:0
FNH:0
DA:1,1
LF:1
LH:1
BRF:0
BRH:0
end_of_record
TN:
SF:app\assets\icons\info-circle_b.svg
FNF:0
FNH:0
DA:1,2
LF:1
LH:1
BRF:0
BRH:0
end_of_record
TN:
SF:app\assets\icons\map-pin_b.svg
FNF:0
FNH:0
DA:1,1
LF:1
LH:1
BRF:0
BRH:0
end_of_record
TN:
SF:app\assets\icons\percent_b.svg
FNF:0
FNH:0
DA:1,1
LF:1
LH:1
BRF:0
BRH:0
end_of_record
TN:
SF:app\assets\icons\plus_eb.svg
FNF:0
FNH:0
DA:1,1
LF:1
LH:1
BRF:0
BRH:0
end_of_record
TN:
SF:app\assets\markers\bogo.png
FNF:0
FNH:0
DA:1,8
LF:1
LH:1
BRF:0
BRH:0
end_of_record
TN:
SF:app\assets\markers\cash.png
FNF:0
FNH:0
DA:1,8
LF:1
LH:1
BRF:0
BRH:0
end_of_record
TN:
SF:app\assets\markers\grant.png
FNF:0
FNH:0
DA:1,8
LF:1
LH:1
BRF:0
BRH:0
end_of_record
TN:
SF:app\assets\markers\other.png
FNF:0
FNH:0
DA:1,8
LF:1
LH:1
BRF:0
BRH:0
end_of_record
TN:
SF:app\assets\markers\percentage.png
FNF:0
FNH:0
DA:1,8
LF:1
LH:1
BRF:0
BRH:0
end_of_record
TN:
SF:app\assets\markers\seasonal.png
FNF:0
FNH:0
DA:1,8
LF:1
LH:1
BRF:0
BRH:0
end_of_record
TN:
SF:app\common-style\CommonStyle.tsx
FNF:0
FNH:0
DA:1,8
DA:2,8
DA:4,8
DA:22,8
LF:4
LH:4
BRF:0
BRH:0
end_of_record
TN:
SF:app\common-style\FontFamily.tsx
FNF:0
FNH:0
DA:1,21
DA:2,21
DA:3,21
DA:4,21
DA:5,21
DA:6,21
DA:7,21
DA:8,21
LF:8
LH:8
BRF:0
BRH:0
end_of_record
TN:
SF:app\common-style\Palette.tsx
FNF:0
FNH:0
DA:1,32
LF:1
LH:1
BRF:0
BRH:0
end_of_record
TN:
SF:app\components\auth-header\AuthHeader.tsx
FN:7,AuthHeader
FNF:1
FNH:1
FNDA:1,AuthHeader
DA:1,1
DA:2,1
DA:3,1
DA:4,1
DA:5,1
DA:8,1
DA:10,1
DA:19,1
LF:8
LH:8
BRF:0
BRH:0
end_of_record
TN:
SF:app\components\auth-header\AuthHeaderStyle.tsx
FNF:0
FNH:0
DA:1,1
DA:2,1
DA:5,1
DA:21,1
LF:4
LH:4
BRF:0
BRH:0
end_of_record
TN:
SF:app\components\button-with-arrow\ButtonWithArrow.tsx
FN:8,ButtonWithArrow
FNF:1
FNH:1
FNDA:16,ButtonWithArrow
DA:1,2
DA:2,2
DA:3,2
DA:4,2
DA:5,2
DA:6,2
DA:8,2
DA:10,16
DA:12,16
LF:9
LH:9
BRDA:15,0,0,16
BRDA:15,0,1,12
BRF:2
BRH:2
end_of_record
TN:
SF:app\components\button-with-arrow\ButtonWithArrowStyle.tsx
FNF:0
FNH:0
DA:1,2
DA:2,2
DA:5,2
DA:27,2
LF:4
LH:4
BRF:0
BRH:0
end_of_record
TN:
SF:app\components\customMarker\CustomMarker.tsx
FN:18,CustomMarker
FN:23,(anonymous_2)
FN:37,(anonymous_3)
FN:45,(anonymous_4)
FN:56,(anonymous_5)
FNF:5
FNH:4
FNDA:5,CustomMarker
FNDA:2,(anonymous_2)
FNDA:2,(anonymous_3)
FNDA:2,(anonymous_4)
FNDA:0,(anonymous_5)
DA:1,2
DA:2,2
DA:3,2
DA:4,2
DA:6,2
DA:7,2
DA:9,2
DA:10,2
DA:11,2
DA:18,2
DA:20,5
DA:21,4
DA:23,4
DA:24,2
DA:25,2
DA:26,0
DA:29,2
DA:30,1
DA:32,1
DA:33,1
DA:37,4
DA:38,2
DA:39,2
DA:40,2
DA:42,0
DA:45,4
DA:46,2
DA:48,2
DA:49,1
DA:51,1
DA:52,1
DA:56,4
DA:57,0
DA:60,4
LF:34
LH:31
BRDA:25,0,0,0
BRDA:38,1,0,2
BRDA:48,2,0,1
BRDA:61,3,0,3
BRDA:61,3,1,1
BRF:5
BRH:4
end_of_record
TN:
SF:app\components\customMarker\CustomMarkerStyle.tsx
FNF:0
FNH:0
DA:1,2
DA:2,2
DA:4,2
DA:18,2
LF:4
LH:4
BRF:0
BRH:0
end_of_record
TN:
SF:app\components\error-toaster\CustomToaster.tsx
FN:26,(anonymous_1)
FN:57,(anonymous_2)
FNF:2
FNH:1
FNDA:9,(anonymous_1)
FNDA:0,(anonymous_2)
DA:1,2
DA:2,2
DA:4,2
DA:5,2
DA:19,2
DA:26,2
DA:27,9
DA:42,9
DA:44,9
DA:57,2
DA:58,0
DA:61,2
LF:12
LH:11
BRDA:47,0,0,9
BRDA:47,0,1,0
BRDA:58,1,0,0
BRDA:58,1,1,0
BRF:4
BRH:1
end_of_record
TN:
SF:app\components\error-toaster\CustomToasterStyle.tsx
FNF:0
FNH:0
DA:1,2
DA:2,2
DA:4,2
DA:40,2
LF:4
LH:4
BRF:0
BRH:0
end_of_record
TN:
SF:app\components\generic-accordion\GenericAccordion.tsx
FN:7,GenericAccordion
FN:13,(anonymous_2)
FNF:2
FNH:2
FNDA:5,GenericAccordion
FNDA:2,(anonymous_2)
DA:1,3
DA:2,3
DA:3,3
DA:4,3
DA:5,3
DA:7,3
DA:9,5
DA:11,5
DA:13,5
DA:15,5
LF:10
LH:10
BRDA:19,0,0,1
BRDA:19,0,1,4
BRDA:22,1,0,5
BRDA:22,1,1,1
BRF:4
BRH:4
end_of_record
TN:
SF:app\components\generic-accordion\GenericAccordionStyle.tsx
FNF:0
FNH:0
DA:1,3
DA:3,3
DA:21,3
LF:3
LH:3
BRF:0
BRH:0
end_of_record
TN:
SF:app\components\generic-button\GenericButton.tsx
FN:19,(anonymous_1)
FN:22,(anonymous_2)
FN:33,(anonymous_3)
FN:46,(anonymous_4)
FNF:4
FNH:4
FNDA:91,(anonymous_1)
FNDA:91,(anonymous_2)
FNDA:91,(anonymous_3)
FNDA:91,(anonymous_4)
DA:2,11
DA:3,11
DA:4,11
DA:5,11
DA:6,11
DA:8,11
DA:10,11
DA:19,11
DA:20,91
DA:22,91
DA:23,91
DA:25,75
DA:27,11
DA:29,5
DA:33,91
DA:34,91
DA:36,5
DA:38,75
DA:40,11
DA:42,0
DA:46,91
DA:47,91
DA:49,75
DA:51,11
DA:53,5
DA:55,0
DA:59,91
DA:75,11
LF:28
LH:26
BRDA:19,0,0,23
BRDA:23,1,0,75
BRDA:23,1,1,11
BRDA:23,1,2,5
BRDA:34,2,0,5
BRDA:34,2,1,75
BRDA:34,2,2,11
BRDA:34,2,3,0
BRDA:36,3,0,3
BRDA:36,3,1,2
BRDA:38,4,0,62
BRDA:38,4,1,13
BRDA:47,5,0,75
BRDA:47,5,1,11
BRDA:47,5,2,5
BRDA:47,5,3,0
BRF:16
BRH:14
end_of_record
TN:
SF:app\components\generic-button\GenericButtonStyle.tsx
FNF:0
FNH:0
DA:1,11
DA:2,11
DA:4,11
DA:22,11
LF:4
LH:4
BRF:0
BRH:0
end_of_record
TN:
SF:app\components\generic-dialog\GenericDialog.tsx
FN:16,(anonymous_1)
FNF:1
FNH:1
FNDA:2,(anonymous_1)
DA:1,1
DA:2,1
DA:3,1
DA:4,1
DA:5,1
DA:6,1
DA:16,1
DA:23,2
DA:25,2
DA:50,1
LF:10
LH:10
BRF:0
BRH:0
end_of_record
TN:
SF:app\components\generic-dialog\GenericDialogStyle.tsx
FN:13,(anonymous_0)
FNF:1
FNH:1
FNDA:3,(anonymous_0)
DA:1,1
DA:2,1
DA:13,3
DA:18,1
DA:39,1
DA:87,1
LF:6
LH:6
BRF:0
BRH:0
end_of_record
TN:
SF:app\components\generic-drawer\GenericDrawer.tsx
FN:16,(anonymous_1)
FN:26,(anonymous_2)
FN:29,(anonymous_3)
FN:42,(anonymous_4)
FNF:4
FNH:4
FNDA:5,(anonymous_1)
FNDA:1,(anonymous_2)
FNDA:4,(anonymous_3)
FNDA:2,(anonymous_4)
DA:1,2
DA:2,2
DA:3,2
DA:4,2
DA:5,2
DA:6,2
DA:16,2
DA:22,5
DA:24,5
DA:26,5
DA:29,5
DA:30,4
DA:34,5
DA:35,3
DA:38,2
DA:43,2
DA:58,2
LF:17
LH:17
BRDA:34,0,0,3
BRF:1
BRH:1
end_of_record
TN:
SF:app\components\generic-drawer\GenericDrawerStyle.tsx
FNF:0
FNH:0
DA:1,2
DA:2,2
DA:4,2
DA:37,2
LF:4
LH:4
BRF:0
BRH:0
end_of_record
TN:
SF:app\components\generic-information-block\GenericInformationBlock.tsx
FN:14,GenericInformationBlock
FN:22,(anonymous_2)
FNF:2
FNH:2
FNDA:55,GenericInformationBlock
FNDA:159,(anonymous_2)
DA:1,3
DA:2,3
DA:3,3
DA:5,3
DA:6,3
DA:14,3
DA:16,55
DA:23,159
LF:8
LH:8
BRDA:26,0,0,136
BRDA:26,0,1,23
BRDA:32,1,0,23
BRDA:32,1,1,136
BRDA:33,2,0,33
BRDA:33,2,1,126
BRF:6
BRH:6
end_of_record
TN:
SF:app\components\generic-information-block\GenericInformationBlockStyle.tsx
FNF:0
FNH:0
DA:1,3
DA:2,3
DA:3,3
DA:5,3
LF:4
LH:4
BRF:0
BRH:0
end_of_record
TN:
SF:app\components\grant-chip\GrantChip.tsx
FN:6,GrantChip
FNF:1
FNH:1
FNDA:25,GrantChip
DA:1,4
DA:2,4
DA:3,4
DA:4,4
DA:6,4
DA:7,25
LF:6
LH:6
BRF:0
BRH:0
end_of_record
TN:
SF:app\components\grant-chip\GrantChipStyle.tsx
FNF:0
FNH:0
DA:1,4
DA:2,4
DA:3,4
DA:5,4
LF:4
LH:4
BRF:0
BRH:0
end_of_record
TN:
SF:app\components\header\GlobalHeader.tsx
FN:9,HeaderRight
FN:26,(anonymous_2)
FNF:2
FNH:1
FNDA:2,HeaderRight
FNDA:0,(anonymous_2)
DA:2,3
DA:3,3
DA:4,3
DA:5,3
DA:6,3
DA:9,3
DA:10,2
DA:19,3
DA:27,0
LF:9
LH:8
BRF:0
BRH:0
end_of_record
TN:
SF:app\components\header\GlobalHeaderStyle.tsx
FNF:0
FNH:0
DA:1,3
DA:2,3
DA:4,3
DA:26,3
LF:4
LH:4
BRDA:12,0,0,0
BRDA:12,0,1,3
BRF:2
BRH:1
end_of_record
TN:
SF:app\components\loader\LoadingIndicator.tsx
FN:7,(anonymous_1)
FNF:1
FNH:1
FNDA:2,(anonymous_1)
DA:2,1
DA:3,1
DA:4,1
DA:5,1
DA:7,1
DA:8,2
DA:10,2
DA:11,1
DA:14,1
DA:21,1
LF:10
LH:10
BRDA:10,0,0,1
BRF:1
BRH:1
end_of_record
TN:
SF:app\components\loader\LoadingIndicatorStyle.tsx
FNF:0
FNH:0
DA:1,1
DA:3,1
DA:17,1
LF:3
LH:3
BRF:0
BRH:0
end_of_record
TN:
SF:app\components\map\Map.tsx
FN:16,Map
FN:28,(anonymous_8)
FN:32,(anonymous_9)
FN:37,(anonymous_10)
FN:51,(anonymous_11)
FN:67,(anonymous_12)
FN:72,(anonymous_13)
FN:73,(anonymous_14)
FN:77,(anonymous_15)
FNF:9
FNH:7
FNDA:8,Map
FNDA:5,(anonymous_8)
FNDA:5,(anonymous_9)
FNDA:10,(anonymous_10)
FNDA:2,(anonymous_11)
FNDA:0,(anonymous_12)
FNDA:1,(anonymous_13)
FNDA:3,(anonymous_14)
FNDA:0,(anonymous_15)
DA:1,2
DA:2,2
DA:3,2
DA:4,2
DA:5,2
DA:11,2
DA:12,2
DA:16,2
DA:17,8
DA:18,8
DA:19,8
DA:21,8
DA:28,8
DA:29,5
DA:32,8
DA:33,5
DA:34,5
DA:35,5
DA:36,5
DA:37,5
DA:38,10
DA:39,5
DA:40,5
DA:42,5
DA:44,5
DA:45,2
DA:47,3
DA:51,8
DA:52,2
DA:53,2
DA:56,8
DA:68,0
DA:72,1
DA:74,3
DA:78,0
LF:35
LH:33
BRDA:38,0,0,5
BRF:1
BRH:1
end_of_record
TN:
SF:app\components\map\MapStyle.tsx
FNF:0
FNH:0
DA:1,2
DA:3,2
DA:10,2
LF:3
LH:3
BRF:0
BRH:0
end_of_record
TN:
SF:app\components\offer-card\OfferCard.tsx
FN:30,OfferCard
FN:38,(anonymous_2)
FN:43,(anonymous_3)
FN:54,(anonymous_4)
FN:73,(anonymous_5)
FN:81,(anonymous_6)
FN:116,(anonymous_7)
FNF:7
FNH:7
FNDA:9,OfferCard
FNDA:2,(anonymous_2)
FNDA:1,(anonymous_3)
FNDA:2,(anonymous_4)
FNDA:2,(anonymous_5)
FNDA:1,(anonymous_6)
FNDA:18,(anonymous_7)
DA:1,2
DA:2,2
DA:3,2
DA:12,2
DA:13,2
DA:14,2
DA:15,2
DA:16,2
DA:17,2
DA:18,2
DA:19,2
DA:20,2
DA:36,9
DA:38,9
DA:39,2
DA:41,9
DA:43,9
DA:44,1
DA:45,1
DA:46,1
DA:52,9
DA:55,2
DA:56,1
DA:58,1
DA:73,2
DA:82,1
DA:116,18
DA:126,2
LF:28
LH:28
BRDA:53,0,0,9
BRDA:53,0,1,9
BRDA:55,1,0,1
BRDA:67,2,0,0
BRDA:67,2,1,9
BRDA:80,3,0,9
BRDA:80,3,1,9
BRDA:95,4,0,9
BRDA:95,4,1,6
BRDA:103,5,0,9
BRDA:103,5,1,3
BRF:11
BRH:10
end_of_record
TN:
SF:app\components\offer-card\OfferCardStyle.tsx
FNF:0
FNH:0
DA:1,2
DA:2,2
DA:3,2
DA:5,2
DA:59,2
LF:5
LH:5
BRF:0
BRH:0
end_of_record
TN:
SF:app\components\offer-chip\OfferChip.tsx
FN:11,OfferChip
FNF:1
FNH:1
FNDA:39,OfferChip
DA:1,4
DA:2,4
DA:3,4
DA:4,4
DA:5,4
DA:11,4
DA:13,39
DA:15,39
LF:8
LH:8
BRF:0
BRH:0
end_of_record
TN:
SF:app\components\offer-chip\OfferChipStyle.tsx
FNF:0
FNH:0
DA:1,4
DA:2,4
DA:3,4
DA:5,4
DA:28,4
LF:5
LH:5
BRF:0
BRH:0
end_of_record
TN:
SF:app\components\offer-drawerd\OfferDrawer.tsx
FN:8,OfferDrawer
FN:12,(anonymous_2)
FNF:2
FNH:2
FNDA:2,OfferDrawer
FNDA:1,(anonymous_2)
DA:1,2
DA:2,2
DA:3,2
DA:4,2
DA:5,2
DA:8,2
DA:10,2
DA:12,2
DA:13,1
DA:14,1
DA:17,2
LF:11
LH:11
BRDA:19,0,0,2
BRDA:19,0,1,2
BRF:2
BRH:2
end_of_record
TN:
SF:app\components\offer-drawerd\OfferDrawerStyle.tsx
FNF:0
FNH:0
DA:1,2
DA:2,2
DA:18,2
LF:3
LH:3
BRF:0
BRH:0
end_of_record
TN:
SF:app\components\offer-store-details\OfferStoreDetails.tsx
FN:17,OfferStoreDetails
FN:25,(anonymous_2)
FN:30,(anonymous_3)
FN:35,(anonymous_4)
FNF:4
FNH:4
FNDA:3,OfferStoreDetails
FNDA:3,(anonymous_2)
FNDA:3,(anonymous_3)
FNDA:3,(anonymous_4)
DA:1,2
DA:2,2
DA:3,2
DA:4,2
DA:6,2
DA:7,2
DA:8,2
DA:17,2
DA:18,3
DA:19,3
DA:21,3
DA:22,3
DA:23,3
DA:25,3
DA:26,3
DA:30,3
DA:31,3
DA:32,3
DA:35,3
DA:36,3
DA:37,2
DA:39,1
DA:42,3
LF:23
LH:23
BRDA:36,0,0,2
BRDA:43,1,0,3
BRDA:43,1,1,0
BRDA:46,2,0,3
BRDA:46,2,1,0
BRF:5
BRH:3
end_of_record
TN:
SF:app\components\offer-store-details\OfferStoreDetailsStyle.tsx
FNF:0
FNH:0
DA:1,2
DA:2,2
DA:3,2
DA:5,2
DA:37,2
LF:5
LH:5
BRF:0
BRH:0
end_of_record
TN:
SF:app\components\offer-type-button\OfferTypeButton.tsx
FN:7,OfferTypeButton
FN:19,(anonymous_2)
FN:25,(anonymous_3)
FNF:3
FNH:3
FNDA:3,OfferTypeButton
FNDA:3,(anonymous_2)
FNDA:1,(anonymous_3)
DA:1,2
DA:2,2
DA:3,2
DA:4,2
DA:5,2
DA:7,2
DA:8,3
DA:10,3
DA:12,3
DA:20,3
DA:21,1
DA:23,2
DA:25,1
LF:13
LH:13
BRDA:10,0,0,1
BRDA:10,0,1,2
BRDA:20,1,0,1
BRDA:20,2,0,3
BRDA:20,2,1,1
BRDA:23,3,0,0
BRDA:23,3,1,2
BRF:7
BRH:6
end_of_record
TN:
SF:app\components\offer-type-button\OfferTypeButtonStyle.tsx
FNF:0
FNH:0
DA:1,2
DA:2,2
DA:3,2
DA:5,2
DA:43,2
LF:5
LH:5
BRF:0
BRH:0
end_of_record
TN:
SF:app\components\offer-type-selector\OfferTypeSelector.tsx
FN:6,OfferTypeSelector
FN:15,(anonymous_2)
FNF:2
FNH:2
FNDA:2,OfferTypeSelector
FNDA:10,(anonymous_2)
DA:1,2
DA:2,2
DA:3,2
DA:4,2
DA:6,2
DA:7,2
DA:16,10
LF:7
LH:7
BRF:0
BRH:0
end_of_record
TN:
SF:app\components\offer-type-selector\OfferTypeSelectorStyle.tsx
FNF:0
FNH:0
DA:1,2
DA:3,2
DA:14,2
LF:3
LH:3
BRF:0
BRH:0
end_of_record
TN:
SF:app\components\offers-list\OffersList.tsx
FN:15,OffersList
FN:22,(anonymous_2)
FN:27,(anonymous_3)
FN:36,(anonymous_4)
FN:45,(anonymous_5)
FN:70,(anonymous_6)
FN:77,(anonymous_7)
FN:82,(anonymous_8)
FNF:8
FNH:8
FNDA:19,OffersList
FNDA:6,(anonymous_2)
FNDA:6,(anonymous_3)
FNDA:3,(anonymous_4)
FNDA:19,(anonymous_5)
FNDA:12,(anonymous_6)
FNDA:1,(anonymous_7)
FNDA:15,(anonymous_8)
DA:1,2
DA:2,2
DA:3,2
DA:4,2
DA:5,2
DA:6,2
DA:7,2
DA:8,2
DA:9,2
DA:12,2
DA:15,2
DA:16,19
DA:18,19
DA:19,19
DA:20,19
DA:22,19
DA:23,6
DA:27,19
DA:28,6
DA:30,6
DA:31,6
DA:32,6
DA:33,3
DA:36,3
DA:38,0
DA:40,6
DA:45,19
DA:46,19
DA:66,19
DA:71,12
DA:78,1
DA:79,1
DA:82,15
LF:33
LH:32
BRDA:32,0,0,3
BRDA:78,1,0,1
BRDA:78,2,0,1
BRDA:78,2,1,1
BRF:4
BRH:4
end_of_record
TN:
SF:app\components\offers-list\OffersListStyle.tsx
FNF:0
FNH:0
DA:1,2
DA:2,2
DA:3,2
DA:5,2
DA:36,2
LF:5
LH:5
BRF:0
BRH:0
end_of_record
TN:
SF:app\components\supplier-info\SupplierInfo.tsx
FN:26,SupplierInfo
FN:30,(anonymous_2)
FN:42,(anonymous_3)
FN:50,(anonymous_4)
FN:54,(anonymous_5)
FN:55,(anonymous_6)
FN:58,(anonymous_7)
FN:67,(anonymous_8)
FN:80,(anonymous_9)
FN:85,(anonymous_10)
FN:86,(anonymous_11)
FN:110,(anonymous_12)
FNF:12
FNH:11
FNDA:1,SupplierInfo
FNDA:1,(anonymous_2)
FNDA:1,(anonymous_3)
FNDA:1,(anonymous_4)
FNDA:1,(anonymous_5)
FNDA:0,(anonymous_6)
FNDA:1,(anonymous_7)
FNDA:1,(anonymous_8)
FNDA:1,(anonymous_9)
FNDA:1,(anonymous_10)
FNDA:2,(anonymous_11)
FNDA:7,(anonymous_12)
DA:1,2
DA:2,2
DA:3,2
DA:4,2
DA:5,2
DA:6,2
DA:7,2
DA:8,2
DA:10,2
DA:11,2
DA:12,2
DA:13,2
DA:14,2
DA:16,2
DA:26,2
DA:27,1
DA:28,1
DA:30,1
DA:31,1
DA:34,1
DA:35,1
DA:37,1
DA:38,1
DA:39,1
DA:42,1
DA:43,1
DA:44,1
DA:45,0
DA:47,1
DA:50,1
DA:51,1
DA:54,1
DA:55,1
DA:58,1
DA:59,1
DA:60,1
DA:61,0
DA:63,0
DA:67,1
DA:69,1
DA:70,1
DA:71,1
DA:73,1
DA:74,1
DA:76,0
DA:80,1
DA:81,1
DA:82,1
DA:85,1
DA:86,2
DA:87,1
DA:88,1
DA:91,1
DA:92,1
DA:93,2
DA:97,1
DA:108,1
DA:111,7
DA:123,1
LF:59
LH:55
BRDA:44,0,0,0
BRDA:44,1,0,1
BRDA:44,1,1,1
BRDA:73,2,0,1
BRDA:73,3,0,1
BRDA:73,3,1,0
BRDA:113,4,0,1
BRDA:113,4,1,6
BRDA:134,5,0,1
BRDA:134,5,1,0
BRF:10
BRH:7
end_of_record
TN:
SF:app\components\supplier-info\SupplierInfoStyle.tsx
FNF:0
FNH:0
DA:1,2
DA:2,2
DA:3,2
DA:5,2
LF:4
LH:4
BRF:0
BRH:0
end_of_record
TN:
SF:app\components\supplier-logo-card\SupplierLogoCard.tsx
FN:10,SupplierLogoCard
FNF:1
FNH:1
FNDA:2,SupplierLogoCard
DA:1,2
DA:2,2
DA:3,2
DA:4,2
DA:10,2
DA:11,2
LF:6
LH:6
BRDA:13,0,0,1
BRDA:13,0,1,1
BRF:2
BRH:2
end_of_record
TN:
SF:app\components\supplier-logo-card\SupplierLogoCardStyle.tsx
FNF:0
FNH:0
DA:1,2
DA:2,2
DA:4,2
LF:3
LH:3
BRF:0
BRH:0
end_of_record
TN:
SF:app\components\timer-button\TimerButton.tsx
FN:6,(anonymous_1)
FN:12,(anonymous_2)
FN:15,(anonymous_3)
FN:16,(anonymous_4)
FN:17,(anonymous_5)
FN:25,(anonymous_6)
FN:28,(anonymous_7)
FN:30,(anonymous_8)
FNF:8
FNH:7
FNDA:63,(anonymous_1)
FNDA:63,(anonymous_2)
FNDA:62,(anonymous_3)
FNDA:60,(anonymous_4)
FNDA:60,(anonymous_5)
FNDA:63,(anonymous_6)
FNDA:126,(anonymous_7)
FNDA:0,(anonymous_8)
DA:1,2
DA:2,2
DA:3,2
DA:4,2
DA:6,2
DA:7,63
DA:8,63
DA:9,63
DA:10,63
DA:12,63
DA:15,63
DA:16,62
DA:17,60
DA:21,63
DA:22,62
DA:25,63
DA:28,126
DA:30,63
DA:31,0
DA:32,0
DA:35,0
DA:36,0
DA:39,63
DA:42,63
DA:52,2
LF:25
LH:21
BRDA:21,0,0,62
BRDA:31,1,0,0
BRDA:39,2,0,62
BRDA:39,2,1,1
BRF:4
BRH:3
end_of_record
TN:
SF:app\components\view-mode-button\ViewModeButton.tsx
FN:9,ViewModeButton
FN:20,(anonymous_2)
FNF:2
FNH:2
FNDA:4,ViewModeButton
FNDA:4,(anonymous_2)
DA:1,1
DA:2,1
DA:3,1
DA:4,1
DA:5,1
DA:6,1
DA:7,1
DA:9,1
DA:11,4
DA:13,4
DA:21,4
LF:11
LH:11
BRDA:21,0,0,1
BRDA:21,0,1,3
BRDA:26,1,0,1
BRDA:26,1,1,3
BRF:4
BRH:4
end_of_record
TN:
SF:app\components\view-mode-button\ViewModeButtonStyle.tsx
FNF:0
FNH:0
DA:1,1
DA:2,1
DA:3,1
DA:5,1
DA:21,1
LF:5
LH:5
BRF:0
BRH:0
end_of_record
TN:
SF:app\contexts\authentication\authentication-context.tsx
FN:16,(anonymous_0)
FNF:1
FNH:0
FNDA:0,(anonymous_0)
DA:1,4
DA:14,4
DA:19,4
LF:3
LH:3
BRF:0
BRH:0
end_of_record
TN:
SF:app\contexts\authentication\authentication-provider.tsx
FN:5,(anonymous_1)
FN:14,(anonymous_2)
FN:18,(anonymous_3)
FNF:3
FNH:3
FNDA:4,(anonymous_1)
FNDA:2,(anonymous_2)
FNDA:2,(anonymous_3)
DA:1,1
DA:2,1
DA:3,1
DA:5,1
DA:6,4
DA:12,4
DA:14,4
DA:15,2
DA:18,4
DA:19,2
DA:20,2
DA:25,2
DA:28,4
DA:35,1
LF:14
LH:14
BRDA:21,0,0,2
BRDA:21,0,1,1
BRF:2
BRH:2
end_of_record
TN:
SF:app\contexts\bank-holidays\bank-holidays-context.tsx
FN:12,(anonymous_0)
FNF:1
FNH:0
FNDA:0,(anonymous_0)
DA:1,4
DA:10,4
DA:15,4
LF:3
LH:3
BRF:0
BRH:0
end_of_record
TN:
SF:app\contexts\bank-holidays\bank-holidays-provider.tsx
FN:5,(anonymous_1)
FNF:1
FNH:1
FNDA:3,(anonymous_1)
DA:1,1
DA:2,1
DA:5,1
DA:7,3
DA:9,3
DA:16,1
LF:6
LH:6
BRF:0
BRH:0
end_of_record
TN:
SF:app\contexts\location\location-provider.tsx
FN:14,(anonymous_1)
FN:15,(anonymous_2)
FN:22,(anonymous_3)
FN:26,(anonymous_4)
FN:27,(anonymous_5)
FN:34,(anonymous_6)
FN:41,(anonymous_7)
FNF:7
FNH:5
FNDA:0,(anonymous_1)
FNDA:0,(anonymous_2)
FNDA:9,(anonymous_3)
FNDA:5,(anonymous_4)
FNDA:5,(anonymous_5)
FNDA:5,(anonymous_6)
FNDA:1,(anonymous_7)
DA:1,6
DA:4,6
DA:12,6
DA:22,6
DA:23,9
DA:24,9
DA:26,9
DA:27,5
DA:28,5
DA:29,5
DA:32,5
DA:34,5
DA:35,5
DA:36,2
DA:41,9
DA:42,1
DA:43,1
DA:44,1
DA:48,9
DA:55,6
LF:20
LH:20
BRDA:29,0,0,5
BRDA:29,0,1,1
BRDA:35,1,0,2
BRDA:42,2,0,1
BRF:4
BRH:4
end_of_record
TN:
SF:app\contexts\offer\offer-context.tsx
FN:16,(anonymous_0)
FNF:1
FNH:1
FNDA:1,(anonymous_0)
DA:1,7
DA:14,7
DA:19,7
LF:3
LH:3
BRF:0
BRH:0
end_of_record
TN:
SF:app\contexts\offer\offer-provider.tsx
FN:4,(anonymous_1)
FNF:1
FNH:1
FNDA:4,(anonymous_1)
DA:1,2
DA:2,2
DA:4,2
DA:5,4
DA:10,4
DA:12,4
DA:19,2
LF:7
LH:7
BRF:0
BRH:0
end_of_record
TN:
SF:app\navigations\StackNavigator.tsx
FNF:0
FNH:0
DA:1,1
DA:3,1
DA:5,1
LF:3
LH:3
BRF:0
BRH:0
end_of_record
TN:
SF:app\screens\change-language\ChangeLanguage.tsx
FN:12,ChangeLanguage
FN:17,(anonymous_2)
FN:35,(anonymous_3)
FN:37,(anonymous_4)
FNF:4
FNH:4
FNDA:3,ChangeLanguage
FNDA:1,(anonymous_2)
FNDA:6,(anonymous_3)
FNDA:1,(anonymous_4)
DA:1,2
DA:2,2
DA:3,2
DA:4,2
DA:5,2
DA:6,2
DA:7,2
DA:8,2
DA:9,2
DA:12,2
DA:13,3
DA:14,3
DA:15,3
DA:17,3
DA:18,1
DA:19,1
DA:22,3
DA:33,3
DA:36,6
DA:37,1
LF:20
LH:20
BRDA:42,0,0,6
BRDA:42,0,1,3
BRF:2
BRH:2
end_of_record
TN:
SF:app\screens\change-language\ChangeLanguageStyle.tsx
FNF:0
FNH:0
DA:1,2
DA:2,2
DA:4,2
DA:25,2
LF:4
LH:4
BRF:0
BRH:0
end_of_record
TN:
SF:app\screens\delete-account\DeleteAccount.tsx
FN:19,DeleteAccount
FN:38,(anonymous_8)
FN:49,(anonymous_9)
FN:50,(anonymous_10)
FN:56,(anonymous_11)
FN:58,(anonymous_12)
FN:59,(anonymous_13)
FN:62,(anonymous_14)
FN:74,(anonymous_15)
FN:77,(anonymous_16)
FN:121,(anonymous_17)
FN:126,(anonymous_18)
FNF:12
FNH:12
FNDA:4,DeleteAccount
FNDA:1,(anonymous_8)
FNDA:1,(anonymous_9)
FNDA:1,(anonymous_10)
FNDA:1,(anonymous_11)
FNDA:5,(anonymous_12)
FNDA:1,(anonymous_13)
FNDA:1,(anonymous_14)
FNDA:1,(anonymous_15)
FNDA:16,(anonymous_16)
FNDA:20,(anonymous_17)
FNDA:1,(anonymous_18)
DA:1,2
DA:2,2
DA:3,2
DA:4,2
DA:5,2
DA:6,2
DA:7,2
DA:8,2
DA:9,2
DA:10,2
DA:11,2
DA:12,2
DA:13,2
DA:14,2
DA:15,2
DA:16,2
DA:17,2
DA:19,2
DA:20,4
DA:21,4
DA:22,4
DA:24,4
DA:34,4
DA:38,4
DA:39,1
DA:40,1
DA:45,1
DA:46,1
DA:49,4
DA:50,1
DA:56,4
DA:57,1
DA:58,5
DA:59,1
DA:62,4
DA:63,1
DA:64,1
DA:65,1
DA:66,1
DA:67,1
DA:69,0
DA:74,4
DA:76,4
DA:77,16
DA:80,4
DA:108,4
DA:122,20
DA:126,1
LF:48
LH:47
BRDA:64,0,0,1
BRDA:125,1,0,1
BRDA:125,1,1,19
BRF:3
BRH:3
end_of_record
TN:
SF:app\screens\delete-account\DeleteAccountStyle.tsx
FNF:0
FNH:0
DA:1,2
DA:2,2
DA:4,2
DA:46,2
LF:4
LH:4
BRF:0
BRH:0
end_of_record
TN:
SF:app\screens\delete-account-success\DeleteAccountSuccess.tsx
FN:11,DeleteAccountSuccess
FN:14,(anonymous_2)
FN:15,(anonymous_3)
FNF:3
FNH:3
FNDA:3,DeleteAccountSuccess
FNDA:1,(anonymous_2)
FNDA:1,(anonymous_3)
DA:2,1
DA:3,1
DA:4,1
DA:5,1
DA:6,1
DA:7,1
DA:8,1
DA:9,1
DA:11,1
DA:12,3
DA:14,3
DA:15,3
DA:17,3
LF:13
LH:13
BRF:0
BRH:0
end_of_record
TN:
SF:app\screens\delete-account-success\DeleteAccountSuccessStyle.tsx
FNF:0
FNH:0
DA:2,1
DA:4,1
DA:40,1
LF:3
LH:3
BRF:0
BRH:0
end_of_record
TN:
SF:app\screens\get-started\GetStarted.tsx
FN:16,GetStarted
FN:20,(anonymous_2)
FN:24,(anonymous_3)
FN:26,(anonymous_4)
FNF:4
FNH:4
FNDA:3,GetStarted
FNDA:2,(anonymous_2)
FNDA:6,(anonymous_3)
FNDA:2,(anonymous_4)
DA:1,1
DA:2,1
DA:3,1
DA:6,1
DA:7,1
DA:8,1
DA:9,1
DA:10,1
DA:16,1
DA:18,3
DA:20,3
DA:21,2
DA:24,3
DA:25,6
DA:26,2
DA:38,3
LF:16
LH:16
BRDA:30,0,0,3
BRDA:30,0,1,3
BRF:2
BRH:2
end_of_record
TN:
SF:app\screens\get-started\GetStartedStyle.tsx
FNF:0
FNH:0
DA:1,1
DA:2,1
DA:4,1
DA:44,1
LF:4
LH:4
BRF:0
BRH:0
end_of_record
TN:
SF:app\screens\home\HomeTabs.tsx
FN:22,(anonymous_1)
FN:23,(anonymous_2)
FN:38,Home
FN:61,(anonymous_4)
FN:62,(anonymous_5)
FN:82,(anonymous_6)
FNF:6
FNH:3
FNDA:8,(anonymous_1)
FNDA:0,(anonymous_2)
FNDA:2,Home
FNDA:0,(anonymous_4)
FNDA:0,(anonymous_5)
FNDA:8,(anonymous_6)
DA:1,1
DA:2,1
DA:3,1
DA:4,1
DA:5,1
DA:6,1
DA:9,1
DA:10,1
DA:11,1
DA:12,1
DA:13,1
DA:14,1
DA:15,1
DA:16,1
DA:17,1
DA:20,1
DA:22,8
DA:24,0
DA:31,1
DA:38,1
DA:39,2
DA:41,2
DA:61,0
DA:63,0
DA:64,0
DA:77,2
DA:83,8
LF:27
LH:23
BRDA:24,0,0,0
BRDA:24,0,1,0
BRF:2
BRH:0
end_of_record
TN:
SF:app\screens\landing\Landing.tsx
FN:17,Landing
FN:22,(anonymous_2)
FN:27,(anonymous_3)
FN:31,(anonymous_4)
FN:41,(anonymous_5)
FNF:5
FNH:3
FNDA:3,Landing
FNDA:0,(anonymous_2)
FNDA:1,(anonymous_3)
FNDA:1,(anonymous_4)
FNDA:0,(anonymous_5)
DA:1,1
DA:2,1
DA:3,1
DA:6,1
DA:7,1
DA:8,1
DA:9,1
DA:10,1
DA:11,1
DA:17,1
DA:18,3
DA:19,3
DA:20,3
DA:22,3
DA:23,0
DA:24,0
DA:27,3
DA:28,1
DA:31,3
DA:32,1
DA:35,3
DA:42,0
DA:43,0
DA:45,0
LF:24
LH:19
BRDA:42,0,0,0
BRDA:48,1,0,3
BRDA:48,1,1,0
BRF:3
BRH:1
end_of_record
TN:
SF:app\screens\landing\LandingStyle.tsx
FNF:0
FNH:0
DA:1,1
DA:2,1
DA:4,1
DA:38,1
LF:4
LH:4
BRF:0
BRH:0
end_of_record
TN:
SF:app\screens\login\Login.tsx
FN:18,Login
FN:23,(anonymous_2)
FN:29,(anonymous_3)
FN:43,(anonymous_4)
FNF:4
FNH:4
FNDA:5,Login
FNDA:3,(anonymous_2)
FNDA:1,(anonymous_3)
FNDA:1,(anonymous_4)
DA:1,1
DA:2,1
DA:6,1
DA:7,1
DA:8,1
DA:9,1
DA:10,1
DA:11,1
DA:18,1
DA:19,5
DA:21,5
DA:23,5
DA:24,3
DA:25,1
DA:29,5
DA:31,5
DA:43,1
LF:17
LH:17
BRDA:24,0,0,1
BRDA:38,1,0,5
BRDA:38,1,1,1
BRF:3
BRH:3
end_of_record
TN:
SF:app\screens\login\LoginStyle.tsx
FNF:0
FNH:0
DA:1,1
DA:3,1
DA:19,1
LF:3
LH:3
BRF:0
BRH:0
end_of_record
TN:
SF:app\screens\offer-details\OfferDetails.tsx
FN:25,OfferDetails
FN:34,(anonymous_2)
FN:38,(anonymous_3)
FN:42,(anonymous_4)
FN:59,(anonymous_5)
FN:78,(anonymous_6)
FN:91,(anonymous_7)
FN:94,(anonymous_8)
FN:97,(anonymous_9)
FN:105,(anonymous_10)
FN:127,(anonymous_11)
FN:152,(anonymous_12)
FN:164,(anonymous_13)
FN:169,(anonymous_14)
FN:197,(anonymous_15)
FN:206,(anonymous_16)
FN:230,(anonymous_17)
FN:288,(anonymous_18)
FN:309,(anonymous_19)
FNF:19
FNH:18
FNDA:46,OfferDetails
FNDA:16,(anonymous_2)
FNDA:29,(anonymous_3)
FNDA:16,(anonymous_4)
FNDA:30,(anonymous_5)
FNDA:2,(anonymous_6)
FNDA:24,(anonymous_7)
FNDA:23,(anonymous_8)
FNDA:23,(anonymous_9)
FNDA:6,(anonymous_10)
FNDA:37,(anonymous_11)
FNDA:18,(anonymous_12)
FNDA:18,(anonymous_13)
FNDA:29,(anonymous_14)
FNDA:13,(anonymous_15)
FNDA:9,(anonymous_16)
FNDA:25,(anonymous_17)
FNDA:0,(anonymous_18)
FNDA:30,(anonymous_19)
DA:1,2
DA:2,2
DA:3,2
DA:4,2
DA:5,2
DA:6,2
DA:7,2
DA:8,2
DA:9,2
DA:10,2
DA:12,2
DA:13,2
DA:14,2
DA:15,2
DA:16,2
DA:17,2
DA:18,2
DA:21,2
DA:22,2
DA:23,2
DA:25,2
DA:26,46
DA:27,46
DA:28,46
DA:29,46
DA:30,46
DA:32,46
DA:34,46
DA:35,16
DA:38,46
DA:39,29
DA:42,46
DA:43,16
DA:45,16
DA:46,2
DA:49,14
DA:53,13
DA:55,1
DA:59,46
DA:60,30
DA:78,46
DA:79,2
DA:80,2
DA:81,2
DA:82,2
DA:83,1
DA:84,1
DA:85,1
DA:87,1
DA:91,46
DA:92,24
DA:95,23
DA:98,23
DA:105,46
DA:106,6
DA:107,6
DA:109,6
DA:111,2
DA:112,2
DA:114,2
DA:115,2
DA:117,2
DA:118,2
DA:121,6
DA:127,46
DA:128,37
DA:129,0
DA:132,37
DA:133,4
DA:136,33
DA:138,21
DA:140,3
DA:142,3
DA:144,3
DA:146,3
DA:148,0
DA:152,46
DA:153,18
DA:154,0
DA:157,18
DA:158,18
DA:161,0
DA:164,46
DA:166,18
DA:169,46
DA:170,29
DA:171,17
DA:174,12
DA:175,9
DA:176,9
DA:177,9
DA:178,9
DA:179,9
DA:182,3
DA:183,3
DA:187,3
DA:188,3
DA:189,3
DA:190,3
DA:193,0
DA:194,0
DA:197,46
DA:198,13
DA:199,13
DA:200,13
DA:201,9
DA:203,4
DA:206,46
DA:208,9
DA:210,5
DA:211,5
DA:213,1
DA:214,1
DA:216,1
DA:217,1
DA:219,1
DA:220,1
DA:222,1
DA:223,1
DA:225,0
DA:227,9
DA:230,46
DA:231,25
DA:232,0
DA:235,25
DA:237,25
DA:238,25
DA:239,25
DA:246,25
DA:247,15
DA:248,15
DA:258,25
DA:259,15
DA:267,25
DA:268,15
DA:277,25
DA:280,46
DA:281,46
DA:282,46
DA:288,46
DA:289,0
DA:290,0
DA:297,46
DA:309,30
LF:144
LH:134
BRDA:45,0,0,2
BRDA:65,1,0,24
BRDA:65,1,1,6
BRDA:96,2,0,23
BRDA:96,2,1,23
BRDA:109,3,0,2
BRDA:109,3,1,2
BRDA:109,3,2,2
BRDA:128,4,0,0
BRDA:132,5,0,4
BRDA:136,6,0,21
BRDA:136,6,1,3
BRDA:136,6,2,3
BRDA:136,6,3,3
BRDA:136,6,4,3
BRDA:136,6,5,0
BRDA:153,7,0,0
BRDA:153,8,0,18
BRDA:153,8,1,18
BRDA:157,9,0,18
BRDA:166,10,0,18
BRDA:166,10,1,18
BRDA:170,11,0,17
BRDA:174,12,0,9
BRDA:182,13,0,3
BRDA:200,14,0,9
BRDA:208,15,0,5
BRDA:208,15,1,1
BRDA:208,15,2,1
BRDA:208,15,3,1
BRDA:208,15,4,1
BRDA:208,15,5,0
BRDA:231,16,0,0
BRDA:237,17,0,25
BRDA:246,18,0,15
BRDA:246,19,0,25
BRDA:246,19,1,15
BRDA:258,20,0,15
BRDA:267,21,0,15
BRDA:267,22,0,25
BRDA:267,22,1,15
BRDA:299,23,0,30
BRDA:299,23,1,16
BRDA:316,24,0,25
BRDA:316,24,1,5
BRDA:327,25,0,46
BRDA:327,25,1,16
BRF:47
BRH:42
end_of_record
TN:
SF:app\screens\offer-details\OfferDetailsStyle.tsx
FNF:0
FNH:0
DA:1,2
DA:2,2
DA:3,2
DA:5,2
LF:4
LH:4
BRF:0
BRH:0
end_of_record
TN:
SF:app\screens\offers\OfferScreen.tsx
FN:26,Offers
FN:34,(anonymous_2)
FN:38,(anonymous_3)
FN:78,OffersStack
FN:97,(anonymous_5)
FNF:5
FNH:4
FNDA:6,Offers
FNDA:2,(anonymous_2)
FNDA:4,(anonymous_3)
FNDA:1,OffersStack
FNDA:0,(anonymous_5)
DA:1,1
DA:2,1
DA:3,1
DA:4,1
DA:5,1
DA:6,1
DA:7,1
DA:8,1
DA:9,1
DA:10,1
DA:11,1
DA:12,1
DA:13,1
DA:14,1
DA:24,1
DA:26,1
DA:28,6
DA:30,6
DA:31,6
DA:32,6
DA:34,6
DA:35,2
DA:38,6
DA:39,4
DA:54,6
DA:78,1
DA:79,1
DA:81,1
DA:97,0
LF:29
LH:28
BRDA:39,0,0,4
BRDA:39,0,1,0
BRDA:57,1,0,4
BRDA:57,1,1,2
BRDA:59,2,0,2
BRDA:59,2,1,0
BRF:6
BRH:4
end_of_record
TN:
SF:app\screens\offers\OffersStyle.tsx
FNF:0
FNH:0
DA:1,1
DA:2,1
DA:4,1
DA:23,1
LF:4
LH:4
BRF:0
BRH:0
end_of_record
TN:
SF:app\screens\personal-information\PersonalInformation.tsx
FN:17,PersonalInformation
FN:54,(anonymous_2)
FN:59,(anonymous_3)
FN:63,(anonymous_4)
FN:67,(anonymous_5)
FN:74,(anonymous_6)
FN:83,(anonymous_7)
FN:91,(anonymous_8)
FN:95,(anonymous_9)
FN:105,(anonymous_10)
FN:109,(anonymous_11)
FN:113,(anonymous_12)
FN:125,(anonymous_13)
FN:137,(anonymous_14)
FNF:14
FNH:0
FNDA:0,PersonalInformation
FNDA:0,(anonymous_2)
FNDA:0,(anonymous_3)
FNDA:0,(anonymous_4)
FNDA:0,(anonymous_5)
FNDA:0,(anonymous_6)
FNDA:0,(anonymous_7)
FNDA:0,(anonymous_8)
FNDA:0,(anonymous_9)
FNDA:0,(anonymous_10)
FNDA:0,(anonymous_11)
FNDA:0,(anonymous_12)
FNDA:0,(anonymous_13)
FNDA:0,(anonymous_14)
DA:1,2
DA:2,2
DA:3,2
DA:4,2
DA:5,2
DA:6,2
DA:7,2
DA:8,2
DA:9,2
DA:10,2
DA:11,2
DA:12,2
DA:17,2
DA:18,0
DA:19,0
DA:21,0
DA:31,0
DA:54,0
DA:55,0
DA:59,0
DA:60,0
DA:63,0
DA:64,0
DA:67,0
DA:68,0
DA:74,0
DA:75,0
DA:80,0
DA:83,0
DA:84,0
DA:85,0
DA:87,0
DA:91,0
DA:92,0
DA:95,0
DA:96,0
DA:97,0
DA:98,0
DA:99,0
DA:101,0
DA:105,0
DA:106,0
DA:109,0
DA:110,0
DA:114,0
DA:126,0
DA:137,0
DA:164,0
LF:48
LH:13
BRDA:55,0,0,0
BRDA:55,0,1,0
BRDA:60,1,0,0
BRDA:60,1,1,0
BRDA:64,2,0,0
BRDA:64,2,1,0
BRDA:69,3,0,0
BRDA:69,3,1,0
BRDA:137,4,0,0
BRDA:137,4,1,0
BRDA:137,4,2,0
BRF:11
BRH:0
end_of_record
TN:
SF:app\screens\personal-information\PersonalInformationStyle.tsx
FNF:0
FNH:0
DA:1,2
DA:2,2
DA:4,2
DA:19,2
LF:4
LH:4
BRF:0
BRH:0
end_of_record
TN:
SF:app\screens\profile\ProfileScreen.tsx
FN:27,Profile
FN:35,(anonymous_2)
FN:39,(anonymous_3)
FN:48,(anonymous_4)
FN:56,(anonymous_5)
FN:57,(anonymous_6)
FN:66,(anonymous_7)
FN:68,(anonymous_8)
FN:70,(anonymous_9)
FN:71,(anonymous_10)
FN:72,(anonymous_11)
FN:73,(anonymous_12)
FN:74,(anonymous_13)
FN:75,(anonymous_14)
FN:76,(anonymous_15)
FN:119,(anonymous_16)
FN:172,ProfileStack
FN:194,(anonymous_18)
FN:204,(anonymous_19)
FN:214,(anonymous_20)
FNF:20
FNH:6
FNDA:2,Profile
FNDA:1,(anonymous_2)
FNDA:1,(anonymous_3)
FNDA:0,(anonymous_4)
FNDA:1,(anonymous_5)
FNDA:1,(anonymous_6)
FNDA:0,(anonymous_7)
FNDA:0,(anonymous_8)
FNDA:0,(anonymous_9)
FNDA:0,(anonymous_10)
FNDA:0,(anonymous_11)
FNDA:0,(anonymous_12)
FNDA:0,(anonymous_13)
FNDA:0,(anonymous_14)
FNDA:0,(anonymous_15)
FNDA:10,(anonymous_16)
FNDA:0,ProfileStack
FNDA:0,(anonymous_18)
FNDA:0,(anonymous_19)
FNDA:0,(anonymous_20)
DA:1,1
DA:2,1
DA:3,1
DA:4,1
DA:5,1
DA:6,1
DA:7,1
DA:8,1
DA:9,1
DA:10,1
DA:11,1
DA:13,1
DA:14,1
DA:15,1
DA:16,1
DA:17,1
DA:18,1
DA:19,1
DA:20,1
DA:21,1
DA:22,1
DA:23,1
DA:24,1
DA:25,1
DA:27,1
DA:28,2
DA:29,2
DA:31,2
DA:32,2
DA:33,2
DA:35,2
DA:36,1
DA:39,2
DA:40,1
DA:41,1
DA:42,1
DA:44,0
DA:48,2
DA:49,0
DA:50,0
DA:51,0
DA:52,0
DA:55,2
DA:57,1
DA:58,1
DA:59,1
DA:61,0
DA:66,2
DA:68,2
DA:70,2
DA:71,2
DA:72,2
DA:73,2
DA:74,2
DA:75,2
DA:76,2
DA:78,2
DA:106,2
DA:120,10
DA:172,1
DA:173,0
DA:175,0
DA:194,0
DA:204,0
DA:214,0
LF:65
LH:54
BRDA:58,0,0,1
BRDA:110,1,0,2
BRDA:110,1,1,1
BRF:3
BRH:3
end_of_record
TN:
SF:app\screens\profile\ProfileStyle.tsx
FNF:0
FNH:0
DA:1,1
DA:2,1
DA:4,1
DA:42,1
LF:4
LH:4
BRF:0
BRH:0
end_of_record
TN:
SF:app\screens\register\Register.tsx
FN:13,Register
FNF:1
FNH:1
FNDA:2,Register
DA:1,1
DA:2,1
DA:6,1
DA:13,1
DA:15,2
LF:5
LH:5
BRF:0
BRH:0
end_of_record
TN:
SF:app\screens\register\RegisterStyle.tsx
FNF:0
FNH:0
DA:1,1
DA:3,1
DA:11,1
LF:3
LH:3
BRF:0
BRH:0
end_of_record
TN:
SF:app\services\BankHolidaysService.tsx
FN:7,(anonymous_0)
FNF:1
FNH:1
FNDA:2,(anonymous_0)
DA:1,3
DA:2,3
DA:3,3
DA:8,2
DA:10,2
DA:12,2
DA:17,2
DA:19,1
DA:20,0
DA:23,1
DA:25,0
DA:30,3
LF:12
LH:10
BRDA:19,0,0,0
BRF:1
BRH:0
end_of_record
TN:
SF:app\services\OfferService.tsx
FN:11,(anonymous_0)
FN:35,(anonymous_1)
FN:36,(anonymous_2)
FN:49,(anonymous_3)
FN:72,(anonymous_4)
FN:100,(anonymous_5)
FN:112,(anonymous_6)
FNF:7
FNH:7
FNDA:3,(anonymous_0)
FNDA:1,(anonymous_1)
FNDA:2,(anonymous_2)
FNDA:1,(anonymous_3)
FNDA:2,(anonymous_4)
FNDA:7,(anonymous_5)
FNDA:4,(anonymous_6)
DA:1,3
DA:2,3
DA:3,3
DA:12,3
DA:13,3
DA:15,3
DA:20,3
DA:21,3
DA:22,3
DA:23,3
DA:25,3
DA:32,3
DA:33,1
DA:35,1
DA:36,1
DA:37,2
DA:41,1
DA:44,2
DA:45,2
DA:50,1
DA:52,1
DA:54,1
DA:60,1
DA:62,1
DA:63,1
DA:66,0
DA:68,1
DA:73,2
DA:75,2
DA:77,2
DA:82,2
DA:87,2
DA:89,2
DA:90,1
DA:93,1
DA:95,1
DA:101,7
DA:102,7
DA:104,7
DA:109,7
DA:110,6
DA:112,5
DA:113,4
DA:117,3
DA:120,4
DA:121,4
DA:126,3
LF:47
LH:46
BRDA:62,0,0,1
BRDA:89,1,0,1
BRF:2
BRH:2
end_of_record
TN:
SF:app\services\UserService.tsx
FN:10,(anonymous_0)
FN:20,(anonymous_1)
FN:35,(anonymous_2)
FN:50,(anonymous_3)
FN:69,(anonymous_4)
FN:92,(anonymous_5)
FN:108,(anonymous_6)
FNF:7
FNH:5
FNDA:5,(anonymous_0)
FNDA:2,(anonymous_1)
FNDA:1,(anonymous_2)
FNDA:2,(anonymous_3)
FNDA:0,(anonymous_4)
FNDA:2,(anonymous_5)
FNDA:0,(anonymous_6)
DA:1,3
DA:2,3
DA:3,3
DA:11,5
DA:12,1
DA:13,1
DA:15,1
DA:17,4
DA:21,2
DA:22,2
DA:29,2
DA:31,0
DA:36,1
DA:37,1
DA:44,1
DA:46,0
DA:51,2
DA:52,2
DA:63,2
DA:65,0
DA:70,0
DA:71,0
DA:73,0
DA:78,0
DA:82,0
DA:83,0
DA:86,0
DA:88,0
DA:93,2
DA:94,2
DA:96,2
DA:104,0
DA:109,0
DA:110,0
DA:111,0
DA:119,0
DA:121,0
DA:127,3
LF:38
LH:21
BRDA:11,0,0,1
BRDA:82,1,0,0
BRF:2
BRH:1
end_of_record
TN:
SF:app\utils\DateUtils.tsx
FN:9,(anonymous_0)
FN:15,(anonymous_1)
FN:23,(anonymous_2)
FN:29,(anonymous_3)
FN:35,(anonymous_4)
FN:41,(anonymous_5)
FN:56,(anonymous_6)
FN:77,(anonymous_7)
FN:82,(anonymous_8)
FNF:9
FNH:9
FNDA:61,(anonymous_0)
FNDA:23,(anonymous_1)
FNDA:4,(anonymous_2)
FNDA:4,(anonymous_3)
FNDA:4,(anonymous_4)
FNDA:5,(anonymous_5)
FNDA:8,(anonymous_6)
FNDA:37,(anonymous_7)
FNDA:2,(anonymous_8)
DA:1,4
DA:9,4
DA:10,61
DA:11,61
DA:12,61
DA:15,4
DA:16,23
DA:17,23
DA:18,23
DA:19,23
DA:20,23
DA:23,4
DA:24,4
DA:25,4
DA:26,4
DA:29,4
DA:30,4
DA:31,4
DA:32,4
DA:35,4
DA:36,4
DA:37,4
DA:38,4
DA:41,4
DA:42,5
DA:43,5
DA:44,5
DA:46,5
DA:47,5
DA:49,5
DA:50,5
DA:51,5
DA:53,5
DA:56,4
DA:57,8
DA:59,1
DA:61,1
DA:63,1
DA:65,1
DA:67,1
DA:69,1
DA:71,1
DA:73,1
DA:78,37
DA:79,37
DA:83,2
DA:84,2
LF:47
LH:47
BRDA:53,0,0,5
BRDA:53,0,1,4
BRDA:57,1,0,1
BRDA:57,1,1,1
BRDA:57,1,2,1
BRDA:57,1,3,1
BRDA:57,1,4,1
BRDA:57,1,5,1
BRDA:57,1,6,1
BRDA:57,1,7,1
BRF:10
BRH:10
end_of_record
TN:
SF:app\utils\StoreUtils.tsx
FN:6,(anonymous_0)
FN:14,(anonymous_1)
FN:15,(anonymous_2)
FN:23,(anonymous_3)
FNF:4
FNH:4
FNDA:5,(anonymous_0)
FNDA:6,(anonymous_1)
FNDA:11,(anonymous_2)
FNDA:3,(anonymous_3)
DA:1,4
DA:4,4
DA:6,4
DA:7,5
DA:8,4
DA:11,1
DA:14,4
DA:15,11
DA:16,6
DA:17,5
DA:20,1
DA:24,3
DA:25,3
LF:13
LH:13
BRDA:7,0,0,4
BRDA:7,1,0,5
BRDA:7,1,1,2
BRDA:16,2,0,5
BRDA:25,3,0,1
BRDA:25,3,1,2
BRF:6
BRH:6
end_of_record
TN:
SF:app\utils\auth\jwtSecurity.tsx
FN:7,(anonymous_1)
FN:16,(anonymous_2)
FN:33,(anonymous_3)
FNF:3
FNH:3
FNDA:2,(anonymous_1)
FNDA:11,(anonymous_2)
FNDA:3,(anonymous_3)
DA:1,10
DA:2,10
DA:5,10
DA:7,10
DA:8,2
DA:9,2
DA:10,2
DA:12,1
DA:16,10
DA:17,11
DA:19,11
DA:21,2
DA:22,2
DA:24,0
DA:25,0
DA:26,0
DA:28,9
DA:29,9
DA:33,10
DA:34,3
DA:35,3
DA:37,2
LF:22
LH:19
BRDA:21,0,0,2
BRF:1
BRH:1
end_of_record
TN:
SF:app\utils\constants\api.tsx
FNF:0
FNH:0
DA:1,8
LF:1
LH:1
BRF:0
BRH:0
end_of_record
TN:
SF:app\utils\constants\frequencyOfUseText.tsx
FNF:0
FNH:0
DA:1,2
LF:1
LH:1
BRF:0
BRH:0
end_of_record
TN:
SF:app\utils\constants\headers.tsx
FN:8,(anonymous_0)
FNF:1
FNH:1
FNDA:8,(anonymous_0)
DA:1,6
DA:3,6
DA:8,6
DA:9,8
DA:10,8
DA:12,8
LF:6
LH:6
BRF:0
BRH:0
end_of_record
TN:
SF:app\utils\constants\mapConstants.tsx
FNF:0
FNH:0
DA:3,8
DA:4,8
DA:5,8
DA:9,8
DA:10,8
DA:11,8
DA:13,8
DA:52,8
LF:8
LH:8
BRF:0
BRH:0
end_of_record
TN:
SF:app\utils\constants\offerChipsData.tsx
FNF:0
FNH:0
DA:1,3
DA:2,3
DA:3,3
DA:4,3
DA:13,3
DA:40,3
LF:6
LH:6
BRF:0
BRH:0
end_of_record
TN:
SF:app\utils\enums\accountDeletionReason.tsx
FN:1,(anonymous_0)
FNF:1
FNH:1
FNDA:3,(anonymous_0)
DA:1,3
DA:2,3
DA:3,3
DA:4,3
DA:5,3
DA:6,3
LF:6
LH:6
BRDA:1,0,0,3
BRDA:1,0,1,3
BRF:2
BRH:2
end_of_record
TN:
SF:app\utils\enums\buttonStyleEnum.tsx
FN:1,(anonymous_0)
FNF:1
FNH:1
FNDA:11,(anonymous_0)
DA:1,11
DA:2,11
DA:3,11
LF:3
LH:3
BRDA:1,0,0,11
BRDA:1,0,1,11
BRF:2
BRH:2
end_of_record
TN:
SF:app\utils\enums\buttonTypeEnum.tsx
FN:1,(anonymous_0)
FNF:1
FNH:1
FNDA:12,(anonymous_0)
DA:1,12
DA:2,12
DA:3,12
DA:4,12
LF:4
LH:4
BRDA:1,0,0,12
BRDA:1,0,1,12
BRF:2
BRH:2
end_of_record
TN:
SF:app\utils\enums\citizenOfferType.tsx
FN:1,(anonymous_0)
FNF:1
FNH:1
FNDA:3,(anonymous_0)
DA:1,3
DA:2,3
DA:3,3
LF:3
LH:3
BRDA:1,0,0,3
BRDA:1,0,1,3
BRF:2
BRH:2
end_of_record
TN:
SF:app\utils\enums\frequencyOfUseEnum.tsx
FN:1,(anonymous_0)
FNF:1
FNH:1
FNDA:2,(anonymous_0)
DA:1,2
DA:2,2
DA:3,2
DA:4,2
DA:5,2
DA:6,2
DA:7,2
LF:7
LH:7
BRDA:1,0,0,2
BRDA:1,0,1,2
BRF:2
BRH:2
end_of_record
TN:
SF:app\utils\enums\navigationEnum.tsx
FN:1,(anonymous_0)
FNF:1
FNH:1
FNDA:7,(anonymous_0)
DA:1,7
DA:2,7
DA:3,7
DA:4,7
DA:5,7
DA:6,7
DA:7,7
DA:8,7
DA:9,7
DA:10,7
DA:11,7
DA:12,7
LF:12
LH:12
BRDA:1,0,0,7
BRDA:1,0,1,7
BRF:2
BRH:2
end_of_record
TN:
SF:app\utils\enums\offerTypeEnum.tsx
FN:1,(anonymous_0)
FNF:1
FNH:1
FNDA:2,(anonymous_0)
DA:1,2
DA:2,2
DA:3,2
DA:4,2
DA:5,2
LF:5
LH:5
BRDA:1,0,0,2
BRDA:1,0,1,2
BRF:2
BRH:2
end_of_record
TN:
SF:app\utils\enums\personalInfoFormControlsEnum.tsx
FN:1,(anonymous_0)
FNF:1
FNH:1
FNDA:2,(anonymous_0)
DA:1,2
DA:2,2
DA:3,2
DA:4,2
DA:5,2
LF:5
LH:5
BRDA:1,0,0,2
BRDA:1,0,1,2
BRF:2
BRH:2
end_of_record
TN:
SF:app\utils\enums\timeZoneEnum.tsx
FN:1,(anonymous_0)
FNF:1
FNH:1
FNDA:2,(anonymous_0)
DA:1,2
DA:2,2
DA:3,2
LF:3
LH:3
BRDA:1,0,0,2
BRDA:1,0,1,2
BRF:2
BRH:2
end_of_record
TN:
SF:app\utils\enums\toasterTypeEnum.tsx
FN:1,(anonymous_0)
FNF:1
FNH:1
FNDA:4,(anonymous_0)
DA:1,4
DA:2,4
DA:3,4
DA:4,4
DA:5,4
LF:5
LH:5
BRDA:1,0,0,4
BRDA:1,0,1,4
BRF:2
BRH:2
end_of_record
TN:
SF:app\utils\form\formRules.tsx
FN:1,(anonymous_0)
FN:11,(anonymous_1)
FN:14,(anonymous_2)
FN:26,(anonymous_3)
FNF:4
FNH:4
FNDA:2,(anonymous_0)
FNDA:2,(anonymous_1)
FNDA:2,(anonymous_2)
FNDA:2,(anonymous_3)
DA:1,1
DA:2,2
DA:11,1
DA:12,2
DA:15,2
DA:17,2
DA:18,1
DA:21,1
DA:26,1
DA:27,2
LF:10
LH:10
BRDA:2,0,0,1
BRDA:2,0,1,1
BRDA:12,1,0,1
BRDA:12,1,1,1
BRDA:17,2,0,1
BRDA:27,3,0,1
BRDA:27,3,1,1
BRF:7
BRH:7
end_of_record
TN:
SF:app\utils\geolocation\GeolocationUtils.tsx
FN:8,(anonymous_1)
FN:23,(anonymous_2)
FN:27,(anonymous_3)
FN:39,(anonymous_4)
FN:44,(anonymous_5)
FN:50,(anonymous_6)
FN:61,(anonymous_7)
FN:69,(anonymous_8)
FN:78,(anonymous_9)
FNF:9
FNH:7
FNDA:5,(anonymous_1)
FNDA:5,(anonymous_2)
FNDA:1,(anonymous_3)
FNDA:3,(anonymous_4)
FNDA:1,(anonymous_5)
FNDA:1,(anonymous_6)
FNDA:0,(anonymous_7)
FNDA:0,(anonymous_8)
FNDA:1,(anonymous_9)
DA:1,6
DA:2,6
DA:3,6
DA:4,6
DA:6,6
DA:8,6
DA:11,5
DA:12,1
DA:13,4
DA:14,4
DA:15,4
DA:16,1
DA:20,5
DA:23,6
DA:24,5
DA:27,6
DA:28,1
DA:29,1
DA:30,1
DA:31,1
DA:34,1
DA:35,1
DA:36,1
DA:39,6
DA:40,3
DA:42,3
DA:43,2
DA:45,1
DA:51,1
DA:52,1
DA:56,2
DA:57,1
DA:58,0
DA:61,0
DA:66,1
DA:69,0
DA:73,1
DA:75,1
DA:78,6
DA:79,1
LF:40
LH:37
BRDA:11,0,0,1
BRDA:11,0,1,4
BRDA:13,1,0,4
BRDA:15,2,0,1
BRDA:42,3,0,2
BRDA:42,3,1,1
BRDA:57,4,0,0
BRDA:57,4,1,1
BRDA:79,5,0,1
BRDA:79,5,1,1
BRF:10
BRH:9
end_of_record
TN:
SF:app\utils\models\CitizenProfileDto.tsx
FN:9,(anonymous_0)
FNF:1
FNH:1
FNDA:2,(anonymous_0)
DA:1,2
DA:10,2
DA:11,2
DA:12,2
DA:13,2
DA:14,2
LF:6
LH:6
BRF:0
BRH:0
end_of_record
TN:
SF:app\utils\models\DeleteAccountDto.tsx
FN:7,(anonymous_0)
FNF:1
FNH:1
FNDA:3,(anonymous_0)
DA:3,3
DA:8,3
LF:2
LH:2
BRF:0
BRH:0
end_of_record
TN:
SF:app\utils\models\OfferType.tsx
FN:9,(anonymous_0)
FN:17,getOfferTypeData
FNF:2
FNH:2
FNDA:38,(anonymous_0)
FNDA:38,getOfferTypeData
DA:1,3
DA:3,3
DA:10,38
DA:11,38
DA:12,38
DA:17,3
DA:18,38
DA:20,32
DA:22,2
DA:24,2
DA:26,2
DA:28,0
LF:12
LH:11
BRDA:18,0,0,32
BRDA:18,0,1,2
BRDA:18,0,2,2
BRDA:18,0,3,2
BRDA:18,0,4,0
BRF:5
BRH:4
end_of_record
TN:
SF:app\utils\models\UseOfferDto.tsx
FN:8,(anonymous_0)
FNF:1
FNH:1
FNDA:2,(anonymous_0)
DA:1,2
DA:9,2
DA:10,2
DA:11,2
LF:4
LH:4
BRDA:11,0,0,0
BRDA:11,0,1,2
BRF:2
BRH:1
end_of_record
TN:
SF:app\utils\models\WorkingHour.tsx
FN:8,(anonymous_0)
FNF:1
FNH:1
FNDA:8,(anonymous_0)
DA:1,4
DA:9,8
DA:10,8
DA:11,8
DA:12,8
DA:13,8
LF:6
LH:6
BRF:0
BRH:0
end_of_record
